
          -------------------------------------------------------
          Amber 9  SANDER                              2006
          -------------------------------------------------------

| Run on 03/19/2008 at 11:36:19
  [-O]verwriting output

File Assignments:
|  MDIN: backy                                                                 
| MDOUT: PRO.de.out                                                            
|INPCRD: PRO_rec.crd.1                                                         
|  PARM: PRO.prmtop                                                            
|RESTRT: PRO.res                                                               
|  REFC: PRO_rec.crd.1                                                         
| MDVEL: mdvel                                                                 
|  MDEN: mden                                                                  
| MDCRD: mdcrd                                                                 
|MDINFO: mdinfo                                                                
|INPDIP: inpdip                                                                
|RSTDIP: rstdip                                                                

 
 Here is the input file:
 
File generated by mm_pbsa.pl. Using  MM GB MS                                  
 &cntrl                                                                        
  ntf    = 1,       ntb    = 0,       dielc  = 1.0,                            
  idecomp= 2,                                                                  
  igb    = 2,       saltcon= 0.00,                                             
  offset = 0.09,                                                               
  intdiel= 1.0,     extdiel= 80.0,                                             
  gbsa   = 2,       surften= 1.0,                                              
  cut    = 999.0,   nsnb   = 99999,                                            
  scnb   = 2.0,     scee   = 1.2,                                              
                                                                               
  imin   = 1,       maxcyc = 1,       ncyc   = 0,                              
 &end                                                                          
END                                                                            
END                                                                            

--------------------------------------------------------------------------------
   1.  RESOURCE   USE: 
--------------------------------------------------------------------------------

| Flags:                                                                        
| New format PARM file being parsed.
| Version =    1.000 Date = 03/19/08 Time = 11:36:19
 NATOM  =      26 NTYPES =       7 NBONH =      14 MBONA  =      12
 NTHETH =      32 MTHETA =      16 NPHIH =      54 MPHIA  =      38
 NHPARM =       0 NPARM  =       0 NNB   =     135 NRES   =       3
 NBONA  =      12 NTHETA =      16 NPHIA =      38 NUMBND =       8
 NUMANG =      18 NPTRA  =      27 NATYP =       7 NPHB   =       0
 IFBOX  =       0 NMXRS  =      14 IFCAP =       0 NEXTRA =       0
 NCOPY  =       0

 Implicit solvent radii are Bondi radii (bondi)                                                             

|     Memory Use     Allocated
|     Real                1981
|     Hollerith            161
|     Integer            23451
|     Max Pairs              1
|     nblistReal             0
|     nblist Int             0
|       Total              107 kbytes
| Duplicated    0 dihedrals
| Duplicated    0 dihedrals

--------------------------------------------------------------------------------
   2.  CONTROL  DATA  FOR  THE  RUN
--------------------------------------------------------------------------------

                                                                                

General flags:
     imin    =       1, nmropt  =       0

Nature and format of input:
     ntx     =       1, irest   =       0, ntrx    =       1

Nature and format of output:
     ntxo    =       1, ntpr    =      50, ntrx    =       1, ntwr    =     500
     iwrap   =       0, ntwx    =       0, ntwv    =       0, ntwe    =       0
     ioutfm  =       0, ntwprt  =       0, idecomp =       2, rbornstat=      0

Potential function:
     ntf     =       1, ntb     =       0, igb     =       2, nsnb    =   99999
     ipol    =       0, gbsa    =       2, iesp    =       0
     dielc   =   1.00000, cut     = 999.00000, intdiel =   1.00000
     saltcon =   0.00000, offset  =   0.09000, gbalpha=    0.80000
     gbbeta  =   0.00000, gbgamma =   2.90912, surften =   1.00000
     rdt     =   0.00000, rgbmax  =  25.00000
     alpb  =        0
     scnb    =   2.00000, scee    =   1.20000

Frozen or restrained atoms:
     ibelly  =       0, ntr     =       0

Energy minimization:
     maxcyc  =       1, ncyc    =       0, ntmin   =       1
     dx0     =   0.01000, drms    =   0.00010

    LOADING THE DECOMP ATOMS AS GROUPS

    ----- END OF GROUP READ -----
 Atom            1  (           1 ) :            1           1
 Atom            2  (           1 ) :            1           1
 Atom            3  (           1 ) :            1           1
 Atom            4  (           1 ) :            1           1
 Atom            5  (           1 ) :            4           1
 Atom            6  (           1 ) :            4           1
 Atom            7  (           2 ) :            5           1
 Atom            8  (           2 ) :            2           1
 Atom            9  (           2 ) :            2           1
 Atom           10  (           2 ) :            2           1
 Atom           11  (           2 ) :            2           1
 Atom           12  (           2 ) :            2           1
 Atom           13  (           2 ) :            2           1
 Atom           14  (           2 ) :            2           1
 Atom           15  (           2 ) :            2           1
 Atom           16  (           2 ) :            2           1
 Atom           17  (           2 ) :            5           1
 Atom           18  (           2 ) :            5           1
 Atom           19  (           2 ) :            5           1
 Atom           20  (           2 ) :            5           1
 Atom           21  (           3 ) :            6           1
 Atom           22  (           3 ) :            6           1
 Atom           23  (           3 ) :            3           1
 Atom           24  (           3 ) :            3           1
 Atom           25  (           3 ) :            3           1
 Atom           26  (           3 ) :            3           1
|  INFO: Old style inpcrd file read


--------------------------------------------------------------------------------
   3.  ATOMIC COORDINATES AND VELOCITIES
--------------------------------------------------------------------------------

                                                                                
 begin time read from input coords =     0.000 ps

 Number of triangulated 3-point waters found:        0

--------------------------------------------------------------------------------
   4.  RESULTS
--------------------------------------------------------------------------------



   NSTEP       ENERGY          RMS            GMAX         NAME    NUMBER
      1       3.5956E+02     1.4373E+00     4.6586E+00     C          19

 BOND    =        0.5930  ANGLE   =        2.9898  DIHED      =       16.2954
 VDWAALS =       -1.0638  EEL     =      -37.2786  EGB        =      -18.9080
 1-4 VDW =        3.8536  1-4 EEL =       16.8549  RESTRAINT  =        0.0000
 ESURF   =      376.2240


  Maximum number of minimization cycles reached.


                    FINAL RESULTS



   NSTEP       ENERGY          RMS            GMAX         NAME    NUMBER
      1       3.5956E+02     1.4373E+00     4.6586E+00     C          19

 BOND    =        0.5930  ANGLE   =        2.9898  DIHED      =       16.2954
 VDWAALS =       -1.0638  EEL     =      -37.2786  EGB        =      -18.9080
 1-4 VDW =        3.8536  1-4 EEL =       16.8549  RESTRAINT  =        0.0000
 ESURF   =      376.2240


                    CHECK DECOMP - TOTAL ENERGIES (w/ REST)

 INTERNAL=       19.8782
 VDWAALS =        2.7898  EEL     =      -20.4237
 EGB     =      -18.9080  ESURF   =      376.2240


                    CHECK DECOMP - SELF ENERGIES (w/o REST)

 INTERNAL=       12.0438
 VDWAALS =        0.8490  EEL     =       -5.1208
 EGB     =      -15.9341  ESURF   =     1086.5722


                    CHECK DECOMP - INDIRECT ENERGIES (w/o REST)

 INTERNAL=        7.8344
 VDWAALS =        1.9408  EEL     =      -15.3030
 EGB     =       -2.9740  ESURF   =     -710.3483


                    CHECK DECOMP - DIRECT ENERGIES (w/o REST)

 INTERNAL=        0.0000
 VDWAALS =        0.0000  EEL     =        0.0000
 EGB     =        0.0000  ESURF   =        0.0000


                    CHECK DECOMP - REST ENERGIES

 INTERNAL=        0.0000
 VDWAALS =        0.0000  EEL     =        0.0000
 EGB     =        0.0000  ESURF   =        0.0000




                    PRINT DECOMP - TOTAL ENERGIES

    resid |internal |vdw      |eel      |pol      |sas
============================================================
TDC      1     3.814     0.818   -13.083    -8.677   109.029
TDC      2    15.068     1.786    -6.464    -7.196   162.726
TDC      3     0.996     0.186    -0.876    -3.034   104.469


                    PRINT DECOMP - SIDECHAIN ENERGIES

    resid |internal |vdw      |eel      |pol      |sas
============================================================
SDC      1     1.264     0.486    -6.986    -0.472    72.127
SDC      2     6.993     0.247     0.808    -1.289   120.461
SDC      3     0.143     0.324     2.662     0.262    86.402


                    PRINT DECOMP - BACKBONE ENERGIES

    resid |internal |vdw      |eel      |pol      |sas
============================================================
BDC      1     2.550     0.332    -6.098    -8.205    36.902
BDC      2     8.075     1.539    -7.272    -5.908    42.265
BDC      3     0.853    -0.139    -3.539    -3.297    18.067



--------------------------------------------------------------------------------
   5.  TIMINGS
--------------------------------------------------------------------------------

|    Read coords time           0.00 ( 2.06% of Total)
|    Fast Water setup           0.00 ( 0.02% of Total)
|                Calc gb radii              0.00 ( 0.36% of Gen B)
|                Calc gb diag               0.04 (99.23% of Gen B)
|                Calc gb off-diag           0.00 ( 0.39% of Gen B)
|                Other                      0.00 ( 0.02% of Gen B)
|             Gen Born time              0.04 (100.0% of Nonbo)
|          Nonbond force              0.04 (99.42% of Force)
|          Bond/Angle/Dihedral        0.00 ( 0.53% of Force)
|          Other                      0.00 ( 0.05% of Force)
|       Force time                 0.04 (100.0% of Runmd)
|    Runmd Time                 0.04 (63.99% of Total)
|    Other                      0.02 (33.93% of Total)
| Total time                 0.06 (99.78% of ALL  )

| Highest rstack allocated:          0
| Highest istack allocated:          0
|           Job began  at 11:36:19.587  on 03/19/2008
|           Setup done at 11:36:19.596  on 03/19/2008
|           Run   done at 11:36:19.647  on 03/19/2008
|     wallclock() was called      26 times
