
          -------------------------------------------------------
          Amber 9  SANDER                              2006
          -------------------------------------------------------

| Run on 03/19/2008 at 11:36:13
  [-O]verwriting output

File Assignments:
|  MDIN: backy                                                                 
| MDOUT: GLU.de.out                                                            
|INPCRD: GLU_rec.crd.1                                                         
|  PARM: GLU.prmtop                                                            
|RESTRT: GLU.res                                                               
|  REFC: GLU_rec.crd.1                                                         
| MDVEL: mdvel                                                                 
|  MDEN: mden                                                                  
| MDCRD: mdcrd                                                                 
|MDINFO: mdinfo                                                                
|INPDIP: inpdip                                                                
|RSTDIP: rstdip                                                                

 
 Here is the input file:
 
File generated by mm_pbsa.pl. Using  MM GB MS                                  
 &cntrl                                                                        
  ntf    = 1,       ntb    = 0,       dielc  = 1.0,                            
  idecomp= 2,                                                                  
  igb    = 2,       saltcon= 0.00,                                             
  offset = 0.09,                                                               
  intdiel= 1.0,     extdiel= 80.0,                                             
  gbsa   = 2,       surften= 1.0,                                              
  cut    = 999.0,   nsnb   = 99999,                                            
  scnb   = 2.0,     scee   = 1.2,                                              
                                                                               
  imin   = 1,       maxcyc = 1,       ncyc   = 0,                              
 &end                                                                          
END                                                                            
END                                                                            

--------------------------------------------------------------------------------
   1.  RESOURCE   USE: 
--------------------------------------------------------------------------------

| Flags:                                                                        
| New format PARM file being parsed.
| Version =    1.000 Date = 03/19/08 Time = 11:36:13
 NATOM  =      27 NTYPES =       7 NBONH =      13 MBONA  =      13
 NTHETH =      29 MTHETA =      16 NPHIH =      52 MPHIA  =      28
 NHPARM =       0 NPARM  =       0 NNB   =     129 NRES   =       3
 NBONA  =      13 NTHETA =      16 NPHIA =      28 NUMBND =       9
 NUMANG =      19 NPTRA  =      23 NATYP =       8 NPHB   =       0
 IFBOX  =       0 NMXRS  =      15 IFCAP =       0 NEXTRA =       0
 NCOPY  =       0

 Implicit solvent radii are Bondi radii (bondi)                                                             

|     Memory Use     Allocated
|     Real                2047
|     Hollerith            167
|     Integer            23457
|     Max Pairs              1
|     nblistReal             0
|     nblist Int             0
|       Total              108 kbytes
| Duplicated    0 dihedrals
| Duplicated    0 dihedrals

--------------------------------------------------------------------------------
   2.  CONTROL  DATA  FOR  THE  RUN
--------------------------------------------------------------------------------

                                                                                

General flags:
     imin    =       1, nmropt  =       0

Nature and format of input:
     ntx     =       1, irest   =       0, ntrx    =       1

Nature and format of output:
     ntxo    =       1, ntpr    =      50, ntrx    =       1, ntwr    =     500
     iwrap   =       0, ntwx    =       0, ntwv    =       0, ntwe    =       0
     ioutfm  =       0, ntwprt  =       0, idecomp =       2, rbornstat=      0

Potential function:
     ntf     =       1, ntb     =       0, igb     =       2, nsnb    =   99999
     ipol    =       0, gbsa    =       2, iesp    =       0
     dielc   =   1.00000, cut     = 999.00000, intdiel =   1.00000
     saltcon =   0.00000, offset  =   0.09000, gbalpha=    0.80000
     gbbeta  =   0.00000, gbgamma =   2.90912, surften =   1.00000
     rdt     =   0.00000, rgbmax  =  25.00000
     alpb  =        0
     scnb    =   2.00000, scee    =   1.20000

Frozen or restrained atoms:
     ibelly  =       0, ntr     =       0

Energy minimization:
     maxcyc  =       1, ncyc    =       0, ntmin   =       1
     dx0     =   0.01000, drms    =   0.00010

    LOADING THE DECOMP ATOMS AS GROUPS

    ----- END OF GROUP READ -----
 Atom            1  (           1 ) :            1           1
 Atom            2  (           1 ) :            1           1
 Atom            3  (           1 ) :            1           1
 Atom            4  (           1 ) :            1           1
 Atom            5  (           1 ) :            4           1
 Atom            6  (           1 ) :            4           1
 Atom            7  (           2 ) :            5           1
 Atom            8  (           2 ) :            5           1
 Atom            9  (           2 ) :            5           1
 Atom           10  (           2 ) :            5           1
 Atom           11  (           2 ) :            2           1
 Atom           12  (           2 ) :            2           1
 Atom           13  (           2 ) :            2           1
 Atom           14  (           2 ) :            2           1
 Atom           15  (           2 ) :            2           1
 Atom           16  (           2 ) :            2           1
 Atom           17  (           2 ) :            2           1
 Atom           18  (           2 ) :            2           1
 Atom           19  (           2 ) :            2           1
 Atom           20  (           2 ) :            5           1
 Atom           21  (           2 ) :            5           1
 Atom           22  (           3 ) :            6           1
 Atom           23  (           3 ) :            6           1
 Atom           24  (           3 ) :            3           1
 Atom           25  (           3 ) :            3           1
 Atom           26  (           3 ) :            3           1
 Atom           27  (           3 ) :            3           1
|  INFO: Old style inpcrd file read


--------------------------------------------------------------------------------
   3.  ATOMIC COORDINATES AND VELOCITIES
--------------------------------------------------------------------------------

                                                                                
 begin time read from input coords =     0.000 ps

 Number of triangulated 3-point waters found:        0

--------------------------------------------------------------------------------
   4.  RESULTS
--------------------------------------------------------------------------------



   NSTEP       ENERGY          RMS            GMAX         NAME    NUMBER
      1       2.8955E+02     1.8998E+00     7.7212E+00     N          22

 BOND    =        0.7759  ANGLE   =        2.4332  DIHED      =        8.3983
 VDWAALS =        1.0551  EEL     =      -63.1707  EGB        =     -100.4721
 1-4 VDW =        3.5424  1-4 EEL =       19.6419  RESTRAINT  =        0.0000
 ESURF   =      417.3427


  Maximum number of minimization cycles reached.


                    FINAL RESULTS



   NSTEP       ENERGY          RMS            GMAX         NAME    NUMBER
      1       2.8955E+02     1.8998E+00     7.7212E+00     N          22

 BOND    =        0.7759  ANGLE   =        2.4332  DIHED      =        8.3983
 VDWAALS =        1.0551  EEL     =      -63.1707  EGB        =     -100.4721
 1-4 VDW =        3.5424  1-4 EEL =       19.6419  RESTRAINT  =        0.0000
 ESURF   =      417.3427


                    CHECK DECOMP - TOTAL ENERGIES (w/ REST)

 INTERNAL=       11.6074
 VDWAALS =        4.5976  EEL     =      -43.5288
 EGB     =     -100.4721  ESURF   =      417.3427


                    CHECK DECOMP - SELF ENERGIES (w/o REST)

 INTERNAL=        5.1302
 VDWAALS =        1.3013  EEL     =        1.1342
 EGB     =      -97.7602  ESURF   =     1129.4099


                    CHECK DECOMP - INDIRECT ENERGIES (w/o REST)

 INTERNAL=        6.4772
 VDWAALS =        3.2962  EEL     =      -44.6630
 EGB     =       -2.7118  ESURF   =     -712.0672


                    CHECK DECOMP - DIRECT ENERGIES (w/o REST)

 INTERNAL=        0.0000
 VDWAALS =        0.0000  EEL     =        0.0000
 EGB     =        0.0000  ESURF   =        0.0000


                    CHECK DECOMP - REST ENERGIES

 INTERNAL=        0.0000
 VDWAALS =        0.0000  EEL     =        0.0000
 EGB     =        0.0000  ESURF   =        0.0000




                    PRINT DECOMP - TOTAL ENERGIES

    resid |internal |vdw      |eel      |pol      |sas
============================================================
TDC      1     3.083     0.349   -26.308    -8.781   123.414
TDC      2     7.007     2.851   -14.570   -89.481   199.140
TDC      3     1.518     1.398    -2.651    -2.210    94.789


                    PRINT DECOMP - SIDECHAIN ENERGIES

    resid |internal |vdw      |eel      |pol      |sas
============================================================
SDC      1     1.207    -0.079   -10.367     0.197    85.403
SDC      2     2.051     1.813    -6.263   -77.984   138.594
SDC      3     0.333     0.025    -0.089     3.206    82.424


                    PRINT DECOMP - BACKBONE ENERGIES

    resid |internal |vdw      |eel      |pol      |sas
============================================================
BDC      1     1.875     0.427   -15.940    -8.977    38.011
BDC      2     4.956     1.037    -8.306   -11.497    60.547
BDC      3     1.184     1.373    -2.562    -5.416    12.365



--------------------------------------------------------------------------------
   5.  TIMINGS
--------------------------------------------------------------------------------

|    Read coords time           0.00 ( 1.89% of Total)
|    Fast Water setup           0.00 ( 0.02% of Total)
|                Calc gb radii              0.00 ( 0.34% of Gen B)
|                Calc gb diag               0.04 (99.23% of Gen B)
|                Calc gb off-diag           0.00 ( 0.42% of Gen B)
|                Other                      0.00 ( 0.01% of Gen B)
|             Gen Born time              0.05 (100.0% of Nonbo)
|          Nonbond force              0.05 (99.50% of Force)
|          Bond/Angle/Dihedral        0.00 ( 0.46% of Force)
|          Other                      0.00 ( 0.04% of Force)
|       Force time                 0.05 (100.0% of Runmd)
|    Runmd Time                 0.05 (67.54% of Total)
|    Other                      0.02 (30.55% of Total)
| Total time                 0.07 (99.77% of ALL  )

| Highest rstack allocated:          0
| Highest istack allocated:          0
|           Job began  at 11:36:13.966  on 03/19/2008
|           Setup done at 11:36:13.976  on 03/19/2008
|           Run   done at 11:36:14.033  on 03/19/2008
|     wallclock() was called      26 times
