
          -------------------------------------------------------
          Amber 9  SANDER                              2006
          -------------------------------------------------------

| Run on 03/19/2008 at 11:36:20
  [-O]verwriting output

File Assignments:
|  MDIN: backy                                                                 
| MDOUT: ARG.de.out                                                            
|INPCRD: ARG_rec.crd.1                                                         
|  PARM: ARG.prmtop                                                            
|RESTRT: ARG.res                                                               
|  REFC: ARG_rec.crd.1                                                         
| MDVEL: mdvel                                                                 
|  MDEN: mden                                                                  
| MDCRD: mdcrd                                                                 
|MDINFO: mdinfo                                                                
|INPDIP: inpdip                                                                
|RSTDIP: rstdip                                                                

 
 Here is the input file:
 
File generated by mm_pbsa.pl. Using  MM GB MS                                  
 &cntrl                                                                        
  ntf    = 1,       ntb    = 0,       dielc  = 1.0,                            
  idecomp= 2,                                                                  
  igb    = 2,       saltcon= 0.00,                                             
  offset = 0.09,                                                               
  intdiel= 1.0,     extdiel= 80.0,                                             
  gbsa   = 2,       surften= 1.0,                                              
  cut    = 999.0,   nsnb   = 99999,                                            
  scnb   = 2.0,     scee   = 1.2,                                              
                                                                               
  imin   = 1,       maxcyc = 1,       ncyc   = 0,                              
 &end                                                                          
END                                                                            
END                                                                            

--------------------------------------------------------------------------------
   1.  RESOURCE   USE: 
--------------------------------------------------------------------------------

| Flags:                                                                        
| New format PARM file being parsed.
| Version =    1.000 Date = 03/19/08 Time = 11:36:20
 NATOM  =      36 NTYPES =       7 NBONH =      20 MBONA  =      15
 NTHETH =      42 MTHETA =      18 NPHIH =      74 MPHIA  =      32
 NHPARM =       0 NPARM  =       0 NNB   =     174 NRES   =       3
 NBONA  =      15 NTHETA =      18 NPHIA =      32 NUMBND =      11
 NUMANG =      24 NPTRA  =      29 NATYP =       9 NPHB   =       0
 IFBOX  =       0 NMXRS  =      24 IFCAP =       0 NEXTRA =       0
 NCOPY  =       0

 Implicit solvent radii are Bondi radii (bondi)                                                             

|     Memory Use     Allocated
|     Real                2668
|     Hollerith            221
|     Integer            24592
|     Max Pairs              1
|     nblistReal             0
|     nblist Int             0
|       Total              117 kbytes
| Duplicated    0 dihedrals
| Duplicated    0 dihedrals

--------------------------------------------------------------------------------
   2.  CONTROL  DATA  FOR  THE  RUN
--------------------------------------------------------------------------------

                                                                                

General flags:
     imin    =       1, nmropt  =       0

Nature and format of input:
     ntx     =       1, irest   =       0, ntrx    =       1

Nature and format of output:
     ntxo    =       1, ntpr    =      50, ntrx    =       1, ntwr    =     500
     iwrap   =       0, ntwx    =       0, ntwv    =       0, ntwe    =       0
     ioutfm  =       0, ntwprt  =       0, idecomp =       2, rbornstat=      0

Potential function:
     ntf     =       1, ntb     =       0, igb     =       2, nsnb    =   99999
     ipol    =       0, gbsa    =       2, iesp    =       0
     dielc   =   1.00000, cut     = 999.00000, intdiel =   1.00000
     saltcon =   0.00000, offset  =   0.09000, gbalpha=    0.80000
     gbbeta  =   0.00000, gbgamma =   2.90912, surften =   1.00000
     rdt     =   0.00000, rgbmax  =  25.00000
     alpb  =        0
     scnb    =   2.00000, scee    =   1.20000

Frozen or restrained atoms:
     ibelly  =       0, ntr     =       0

Energy minimization:
     maxcyc  =       1, ncyc    =       0, ntmin   =       1
     dx0     =   0.01000, drms    =   0.00010

    LOADING THE DECOMP ATOMS AS GROUPS

    ----- END OF GROUP READ -----
 Atom            1  (           1 ) :            1           1
 Atom            2  (           1 ) :            1           1
 Atom            3  (           1 ) :            1           1
 Atom            4  (           1 ) :            1           1
 Atom            5  (           1 ) :            4           1
 Atom            6  (           1 ) :            4           1
 Atom            7  (           2 ) :            5           1
 Atom            8  (           2 ) :            5           1
 Atom            9  (           2 ) :            5           1
 Atom           10  (           2 ) :            5           1
 Atom           11  (           2 ) :            2           1
 Atom           12  (           2 ) :            2           1
 Atom           13  (           2 ) :            2           1
 Atom           14  (           2 ) :            2           1
 Atom           15  (           2 ) :            2           1
 Atom           16  (           2 ) :            2           1
 Atom           17  (           2 ) :            2           1
 Atom           18  (           2 ) :            2           1
 Atom           19  (           2 ) :            2           1
 Atom           20  (           2 ) :            2           1
 Atom           21  (           2 ) :            2           1
 Atom           22  (           2 ) :            2           1
 Atom           23  (           2 ) :            2           1
 Atom           24  (           2 ) :            2           1
 Atom           25  (           2 ) :            2           1
 Atom           26  (           2 ) :            2           1
 Atom           27  (           2 ) :            2           1
 Atom           28  (           2 ) :            2           1
 Atom           29  (           2 ) :            5           1
 Atom           30  (           2 ) :            5           1
 Atom           31  (           3 ) :            6           1
 Atom           32  (           3 ) :            6           1
 Atom           33  (           3 ) :            3           1
 Atom           34  (           3 ) :            3           1
 Atom           35  (           3 ) :            3           1
 Atom           36  (           3 ) :            3           1
|  INFO: Old style inpcrd file read


--------------------------------------------------------------------------------
   3.  ATOMIC COORDINATES AND VELOCITIES
--------------------------------------------------------------------------------

                                                                                
 begin time read from input coords =     0.000 ps

 Number of triangulated 3-point waters found:        0

--------------------------------------------------------------------------------
   4.  RESULTS
--------------------------------------------------------------------------------



   NSTEP       ENERGY          RMS            GMAX         NAME    NUMBER
      1       3.2817E+02     1.6996E+00     8.1962E+00     N          31

 BOND    =        1.4827  ANGLE   =        2.5820  DIHED      =        8.8205
 VDWAALS =        0.7058  EEL     =       70.1296  EGB        =      -76.9962
 1-4 VDW =        4.5025  1-4 EEL =     -174.9855  RESTRAINT  =        0.0000
 ESURF   =      491.9306


  Maximum number of minimization cycles reached.


                    FINAL RESULTS



   NSTEP       ENERGY          RMS            GMAX         NAME    NUMBER
      1       3.2817E+02     1.6996E+00     8.1962E+00     N          31

 BOND    =        1.4827  ANGLE   =        2.5820  DIHED      =        8.8205
 VDWAALS =        0.7058  EEL     =       70.1296  EGB        =      -76.9962
 1-4 VDW =        4.5025  1-4 EEL =     -174.9855  RESTRAINT  =        0.0000
 ESURF   =      491.9306


                    CHECK DECOMP - TOTAL ENERGIES (w/ REST)

 INTERNAL=       12.8853
 VDWAALS =        5.2083  EEL     =     -104.8559
 EGB     =      -76.9962  ESURF   =      491.9306


                    CHECK DECOMP - SELF ENERGIES (w/o REST)

 INTERNAL=        6.2145
 VDWAALS =        1.9282  EEL     =      -68.8666
 EGB     =      -78.3784  ESURF   =     1214.5783


                    CHECK DECOMP - INDIRECT ENERGIES (w/o REST)

 INTERNAL=        6.6708
 VDWAALS =        3.2801  EEL     =      -35.9894
 EGB     =        1.3821  ESURF   =     -722.6477


                    CHECK DECOMP - DIRECT ENERGIES (w/o REST)

 INTERNAL=        0.0000
 VDWAALS =        0.0000  EEL     =        0.0000
 EGB     =        0.0000  ESURF   =        0.0000


                    CHECK DECOMP - REST ENERGIES

 INTERNAL=        0.0000
 VDWAALS =        0.0000  EEL     =        0.0000
 EGB     =        0.0000  ESURF   =        0.0000




                    PRINT DECOMP - TOTAL ENERGIES

    resid |internal |vdw      |eel      |pol      |sas
============================================================
TDC      1     3.112     0.386   -21.921    -6.771   123.437
TDC      2     8.208     3.464   -80.214   -68.125   274.861
TDC      3     1.566     1.358    -2.721    -2.099    93.633


                    PRINT DECOMP - SIDECHAIN ENERGIES

    resid |internal |vdw      |eel      |pol      |sas
============================================================
SDC      1     1.209    -0.075    -8.328    -0.955    85.592
SDC      2     3.129     2.476   -80.058   -59.161   214.117
SDC      3     0.335    -0.011     7.779    -4.084    81.837


                    PRINT DECOMP - BACKBONE ENERGIES

    resid |internal |vdw      |eel      |pol      |sas
============================================================
BDC      1     1.903     0.461   -13.593    -5.816    37.845
BDC      2     5.079     0.989    -0.157    -8.964    60.744
BDC      3     1.231     1.369   -10.500     1.984    11.796



--------------------------------------------------------------------------------
   5.  TIMINGS
--------------------------------------------------------------------------------

|    Read coords time           0.00 ( 1.88% of Total)
|    Fast Water setup           0.00 ( 0.01% of Total)
|                Calc gb radii              0.00 ( 0.44% of Gen B)
|                Calc gb diag               0.05 (99.02% of Gen B)
|                Calc gb off-diag           0.00 ( 0.53% of Gen B)
|                Other                      0.00 ( 0.01% of Gen B)
|             Gen Born time              0.05 (100.0% of Nonbo)
|          Nonbond force              0.05 (99.57% of Force)
|          Bond/Angle/Dihedral        0.00 ( 0.39% of Force)
|          Other                      0.00 ( 0.04% of Force)
|       Force time                 0.05 (100.0% of Runmd)
|    Runmd Time                 0.05 (68.32% of Total)
|    Other                      0.02 (29.78% of Total)
| Total time                 0.07 (99.76% of ALL  )

| Highest rstack allocated:          0
| Highest istack allocated:          0
|           Job began  at 11:36:20.821  on 03/19/2008
|           Setup done at 11:36:20.832  on 03/19/2008
|           Run   done at 11:36:20.891  on 03/19/2008
|     wallclock() was called      26 times
