
          -------------------------------------------------------
          Amber 9  SANDER                              2006
          -------------------------------------------------------

| Run on 03/19/2008 at 11:24:23
  [-O]verwriting output

File Assignments:
|  MDIN: sander.in_backy                                                       
| MDOUT: ARG.out                                                               
|INPCRD: ARG.crd                                                               
|  PARM: ARG.top                                                               
|RESTRT: ARG.res                                                               
|  REFC: ARG.crd                                                               
| MDVEL: mdvel                                                                 
|  MDEN: mden                                                                  
| MDCRD: mdcrd                                                                 
|MDINFO: mdinfo                                                                
|INPDIP: inpdip                                                                
|RSTDIP: rstdip                                                                

 
 Here is the input file:
 
  minimize structure                                                           
 &cntrl                                                                        
   imin=1, maxcyc=100                                                          
   cut=999.0, igb=2, saltcon=0.1, gbsa=1,                                      
   ntpr=10, ntx=1, ntb=0, ncyc   = 500,                                        
   ntr=1,                                                                      
 &end                                                                          
GROUP TITLE                                                                    
10.0                                                                           
FIND                                                                           
* * M *                                                                        
* * S *                                                                        
* * B *                                                                        
* * 3 *                                                                        
* O * *                                                                        
* O2 * *                                                                       
* CB * *                                                                       
SEARCH                                                                         
RES 1 999                                                                      
END                                                                            
END                                                                            

--------------------------------------------------------------------------------
   1.  RESOURCE   USE: 
--------------------------------------------------------------------------------

| Flags:                                                                        
| New format PARM file being parsed.
| Version =    1.000 Date = 03/19/08 Time = 11:24:23
 NATOM  =      36 NTYPES =       7 NBONH =      20 MBONA  =      15
 NTHETH =      42 MTHETA =      18 NPHIH =      74 MPHIA  =      32
 NHPARM =       0 NPARM  =       0 NNB   =     174 NRES   =       3
 NBONA  =      15 NTHETA =      18 NPHIA =      32 NUMBND =      11
 NUMANG =      24 NPTRA  =      29 NATYP =       9 NPHB   =       0
 IFBOX  =       0 NMXRS  =      24 IFCAP =       0 NEXTRA =       0
 NCOPY  =       0

 Implicit solvent radii are Bondi radii (bondi)                                                             

|     Memory Use     Allocated
|     Real                2822
|     Hollerith            221
|     Integer            23152
|     Max Pairs              1
|     nblistReal             0
|     nblist Int             0
|       Total              113 kbytes
| Duplicated    0 dihedrals
| Duplicated    0 dihedrals

--------------------------------------------------------------------------------
   2.  CONTROL  DATA  FOR  THE  RUN
--------------------------------------------------------------------------------

ACE                                                                             

General flags:
     imin    =       1, nmropt  =       0

Nature and format of input:
     ntx     =       1, irest   =       0, ntrx    =       1

Nature and format of output:
     ntxo    =       1, ntpr    =      10, ntrx    =       1, ntwr    =     500
     iwrap   =       0, ntwx    =       0, ntwv    =       0, ntwe    =       0
     ioutfm  =       0, ntwprt  =       0, idecomp =       0, rbornstat=      0

Potential function:
     ntf     =       1, ntb     =       0, igb     =       2, nsnb    =      25
     ipol    =       0, gbsa    =       1, iesp    =       0
     dielc   =   1.00000, cut     = 999.00000, intdiel =   1.00000
     saltcon =   0.10000, offset  =   0.09000, gbalpha=    0.80000
     gbbeta  =   0.00000, gbgamma =   2.90912, surften =   0.00500
     rdt     =   0.00000, rgbmax  =  25.00000
     alpb  =        0
     scnb    =   2.00000, scee    =   1.20000

Frozen or restrained atoms:
     ibelly  =       0, ntr     =       1

Energy minimization:
     maxcyc  =     100, ncyc    =     500, ntmin   =       1
     dx0     =   0.01000, drms    =   0.00010

    LOADING THE CONSTRAINED ATOMS AS GROUPS


   5.  REFERENCE ATOM COORDINATES

  ACE 
|  INFO: Old style inpcrd file read

    ----- READING GROUP     1; TITLE:
 GROUP TITLE                                                                 

     GROUP    1 HAS HARMONIC CONSTRAINTS    10.00000
      ALL ATOMS THAT MEET 1 OF THE FOLLOWING SPECIFICATIONS WILL BE INCLUDED IN GROUP BELOW

      GRAPH NAME  = *     SYMBOL  = *     TREE SYMBOL  = M     RESIDUE TYPE  = *   

      GRAPH NAME  = *     SYMBOL  = *     TREE SYMBOL  = S     RESIDUE TYPE  = *   

      GRAPH NAME  = *     SYMBOL  = *     TREE SYMBOL  = B     RESIDUE TYPE  = *   

      GRAPH NAME  = *     SYMBOL  = *     TREE SYMBOL  = 3     RESIDUE TYPE  = *   

      GRAPH NAME  = *     SYMBOL  = O     TREE SYMBOL  = *     RESIDUE TYPE  = *   

      GRAPH NAME  = *     SYMBOL  = O2    TREE SYMBOL  = *     RESIDUE TYPE  = *   

      GRAPH NAME  = *     SYMBOL  = CB    TREE SYMBOL  = *     RESIDUE TYPE  = *   

 GRP    1 RES    1 TO     3
      Number of atoms in this group  =    17
    ----- END OF GROUP READ -----

--------------------------------------------------------------------------------
   3.  ATOMIC COORDINATES AND VELOCITIES
--------------------------------------------------------------------------------

ACE                                                                             
 begin time read from input coords =     0.000 ps

 Number of triangulated 3-point waters found:        0

--------------------------------------------------------------------------------
   4.  RESULTS
--------------------------------------------------------------------------------



   NSTEP       ENERGY          RMS            GMAX         NAME    NUMBER
      1      -5.3684E+01     9.0678E+01     4.6997E+02     HG2        15

 BOND    =        0.2629  ANGLE   =        0.5947  DIHED      =        7.8926
 VDWAALS =      106.4199  EEL     =       68.3389  EGB        =      -75.7575
 1-4 VDW =        7.5612  1-4 EEL =     -171.1599  RESTRAINT  =        0.0000
 ESURF   =        2.1631


   NSTEP       ENERGY          RMS            GMAX         NAME    NUMBER
     10      -1.3948E+02     9.4505E+00     4.7643E+01     HG2        15

 BOND    =        2.0859  ANGLE   =        2.9697  DIHED      =        8.5771
 VDWAALS =       17.2770  EEL     =       68.8315  EGB        =      -76.4266
 1-4 VDW =        6.8208  1-4 EEL =     -172.0234  RESTRAINT  =        0.2391
 ESURF   =        2.1686
 EAMBER  =     -139.7194


   NSTEP       ENERGY          RMS            GMAX         NAME    NUMBER
     20      -1.5391E+02     7.7034E+00     5.3848E+01     N          31

 BOND    =        2.2642  ANGLE   =        4.1562  DIHED      =        8.7058
 VDWAALS =        2.9546  EEL     =       70.5054  EGB        =      -77.1377
 1-4 VDW =        5.5169  1-4 EEL =     -174.3511  RESTRAINT  =        1.2955
 ESURF   =        2.1827
 EAMBER  =     -155.2029


   NSTEP       ENERGY          RMS            GMAX         NAME    NUMBER
     30      -1.5646E+02     4.2928E+00     2.4789E+01     N          31

 BOND    =        1.8226  ANGLE   =        2.9302  DIHED      =        8.6536
 VDWAALS =        2.4298  EEL     =       70.5080  EGB        =      -76.9713
 1-4 VDW =        5.1605  1-4 EEL =     -174.8554  RESTRAINT  =        1.6692
 ESURF   =        2.1891
 EAMBER  =     -158.1329


   NSTEP       ENERGY          RMS            GMAX         NAME    NUMBER
     40      -1.5747E+02     1.6007E+00     8.7051E+00     C          29

 BOND    =        1.5973  ANGLE   =        3.1532  DIHED      =        8.6778
 VDWAALS =        1.7634  EEL     =       70.5456  EGB        =      -77.3332
 1-4 VDW =        4.9291  1-4 EEL =     -174.9325  RESTRAINT  =        1.9388
 ESURF   =        2.1927
 EAMBER  =     -159.4064


   NSTEP       ENERGY          RMS            GMAX         NAME    NUMBER
     50      -1.5789E+02     1.9957E+00     1.3135E+01     C          29

 BOND    =        1.6164  ANGLE   =        3.0901  DIHED      =        8.6957
 VDWAALS =        1.4661  EEL     =       70.4950  EGB        =      -77.3794
 1-4 VDW =        4.7895  1-4 EEL =     -174.9947  RESTRAINT  =        2.1315
 ESURF   =        2.1951
 EAMBER  =     -160.0262


   NSTEP       ENERGY          RMS            GMAX         NAME    NUMBER
     60      -1.5828E+02     6.1295E-01     3.4991E+00     H          32

 BOND    =        1.5325  ANGLE   =        2.8674  DIHED      =        8.7206
 VDWAALS =        1.2531  EEL     =       70.4185  EGB        =      -77.2459
 1-4 VDW =        4.7024  1-4 EEL =     -175.0174  RESTRAINT  =        2.2926
 ESURF   =        2.1967
 EAMBER  =     -160.5721


   NSTEP       ENERGY          RMS            GMAX         NAME    NUMBER
     70      -1.5852E+02     7.7571E-01     4.3547E+00     C          29

 BOND    =        1.5176  ANGLE   =        2.7728  DIHED      =        8.7473
 VDWAALS =        1.0693  EEL     =       70.3451  EGB        =      -77.2088
 1-4 VDW =        4.6293  1-4 EEL =     -175.0278  RESTRAINT  =        2.4374
 ESURF   =        2.1980
 EAMBER  =     -160.9572


   NSTEP       ENERGY          RMS            GMAX         NAME    NUMBER
     80      -1.5869E+02     1.0674E+00     7.1980E+00     C          29

 BOND    =        1.5072  ANGLE   =        2.6907  DIHED      =        8.7729
 VDWAALS =        0.9260  EEL     =       70.2738  EGB        =      -77.1681
 1-4 VDW =        4.5766  1-4 EEL =     -175.0281  RESTRAINT  =        2.5607
 ESURF   =        2.1989
 EAMBER  =     -161.2502


   NSTEP       ENERGY          RMS            GMAX         NAME    NUMBER
     90      -1.5883E+02     1.1432E+00     8.0750E+00     C          29

 BOND    =        1.4952  ANGLE   =        2.6311  DIHED      =        8.7978
 VDWAALS =        0.8035  EEL     =       70.2062  EGB        =      -77.1425
 1-4 VDW =        4.5346  1-4 EEL =     -175.0239  RESTRAINT  =        2.6725
 ESURF   =        2.1997
 EAMBER  =     -161.4983


   NSTEP       ENERGY          RMS            GMAX         NAME    NUMBER
    100      -1.5892E+02     1.2290E+00     8.8647E+00     C          29

 BOND    =        1.4849  ANGLE   =        2.5814  DIHED      =        8.8193
 VDWAALS =        0.7098  EEL     =       70.1497  EGB        =      -77.1175
 1-4 VDW =        4.5060  1-4 EEL =     -175.0175  RESTRAINT  =        2.7632
 ESURF   =        2.2003
 EAMBER  =     -161.6838


  Maximum number of minimization cycles reached.


                    FINAL RESULTS



   NSTEP       ENERGY          RMS            GMAX         NAME    NUMBER
    100      -1.5892E+02     1.2290E+00     8.8647E+00     C          29

 BOND    =        1.4849  ANGLE   =        2.5814  DIHED      =        8.8193
 VDWAALS =        0.7098  EEL     =       70.1497  EGB        =      -77.1175
 1-4 VDW =        4.5060  1-4 EEL =     -175.0175  RESTRAINT  =        2.7632
 ESURF   =        2.2003
 EAMBER  =     -161.6838

--------------------------------------------------------------------------------
   5.  TIMINGS
--------------------------------------------------------------------------------

|    Read coords time           0.00 ( 0.68% of Total)
|    Fast Water setup           0.00 ( 0.01% of Total)
|                Calc gb radii              0.02 (18.31% of Gen B)
|                Calc gb diag               0.04 (36.54% of Gen B)
|                Calc gb off-diag           0.02 (23.54% of Gen B)
|                Surface area energy        0.02 (21.11% of Gen B)
|                Other                      0.00 ( 0.50% of Gen B)
|             Gen Born time              0.11 (100.0% of Nonbo)
|             IPS excludes               0.00 ( 0.08% of Nonbo)
|          Nonbond force              0.11 (89.98% of Force)
|          Bond/Angle/Dihedral        0.01 ( 9.43% of Force)
|          Other                      0.00 ( 0.59% of Force)
|       Force time                 0.12 (100.0% of Runmd)
|    Runmd Time                 0.12 (66.91% of Total)
|    Other                      0.06 (32.40% of Total)
| Total time                 0.18 (100.0% of ALL  )

| Highest rstack allocated:          0
| Highest istack allocated:          0
|           Job began  at 11:24:23.215  on 03/19/2008
|           Setup done at 11:24:23.228  on 03/19/2008
|           Run   done at 11:24:23.391  on 03/19/2008
|     wallclock() was called    2008 times
