
          -------------------------------------------------------
          Amber 9  SANDER                              2006
          -------------------------------------------------------

| Run on 03/19/2008 at 11:24:28
  [-O]verwriting output

File Assignments:
|  MDIN: sander.in_backy                                                       
| MDOUT: ILE.out                                                               
|INPCRD: ILE.crd                                                               
|  PARM: ILE.top                                                               
|RESTRT: ILE.res                                                               
|  REFC: ILE.crd                                                               
| MDVEL: mdvel                                                                 
|  MDEN: mden                                                                  
| MDCRD: mdcrd                                                                 
|MDINFO: mdinfo                                                                
|INPDIP: inpdip                                                                
|RSTDIP: rstdip                                                                

 
 Here is the input file:
 
  minimize structure                                                           
 &cntrl                                                                        
   imin=1, maxcyc=100                                                          
   cut=999.0, igb=2, saltcon=0.1, gbsa=1,                                      
   ntpr=10, ntx=1, ntb=0, ncyc   = 500,                                        
   ntr=1,                                                                      
 &end                                                                          
GROUP TITLE                                                                    
10.0                                                                           
FIND                                                                           
* * M *                                                                        
* * S *                                                                        
* * B *                                                                        
* * 3 *                                                                        
* O * *                                                                        
* O2 * *                                                                       
* CB * *                                                                       
SEARCH                                                                         
RES 1 999                                                                      
END                                                                            
END                                                                            

--------------------------------------------------------------------------------
   1.  RESOURCE   USE: 
--------------------------------------------------------------------------------

| Flags:                                                                        
| New format PARM file being parsed.
| Version =    1.000 Date = 03/19/08 Time = 11:24:28
 NATOM  =      31 NTYPES =       7 NBONH =      18 MBONA  =      12
 NTHETH =      39 MTHETA =      15 NPHIH =      63 MPHIA  =      32
 NHPARM =       0 NPARM  =       0 NNB   =     154 NRES   =       3
 NBONA  =      12 NTHETA =      15 NPHIA =      32 NUMBND =       8
 NUMANG =      17 NPTRA  =      26 NATYP =       7 NPHB   =       0
 IFBOX  =       0 NMXRS  =      19 IFCAP =       0 NEXTRA =       0
 NCOPY  =       0

 Implicit solvent radii are Bondi radii (bondi)                                                             

|     Memory Use     Allocated
|     Real                2457
|     Hollerith            191
|     Integer            22758
|     Max Pairs              1
|     nblistReal             0
|     nblist Int             0
|       Total              108 kbytes
| Duplicated    0 dihedrals
| Duplicated    0 dihedrals

--------------------------------------------------------------------------------
   2.  CONTROL  DATA  FOR  THE  RUN
--------------------------------------------------------------------------------

ACE                                                                             

General flags:
     imin    =       1, nmropt  =       0

Nature and format of input:
     ntx     =       1, irest   =       0, ntrx    =       1

Nature and format of output:
     ntxo    =       1, ntpr    =      10, ntrx    =       1, ntwr    =     500
     iwrap   =       0, ntwx    =       0, ntwv    =       0, ntwe    =       0
     ioutfm  =       0, ntwprt  =       0, idecomp =       0, rbornstat=      0

Potential function:
     ntf     =       1, ntb     =       0, igb     =       2, nsnb    =      25
     ipol    =       0, gbsa    =       1, iesp    =       0
     dielc   =   1.00000, cut     = 999.00000, intdiel =   1.00000
     saltcon =   0.10000, offset  =   0.09000, gbalpha=    0.80000
     gbbeta  =   0.00000, gbgamma =   2.90912, surften =   0.00500
     rdt     =   0.00000, rgbmax  =  25.00000
     alpb  =        0
     scnb    =   2.00000, scee    =   1.20000

Frozen or restrained atoms:
     ibelly  =       0, ntr     =       1

Energy minimization:
     maxcyc  =     100, ncyc    =     500, ntmin   =       1
     dx0     =   0.01000, drms    =   0.00010

    LOADING THE CONSTRAINED ATOMS AS GROUPS


   5.  REFERENCE ATOM COORDINATES

  ACE 
|  INFO: Old style inpcrd file read

    ----- READING GROUP     1; TITLE:
 GROUP TITLE                                                                 

     GROUP    1 HAS HARMONIC CONSTRAINTS    10.00000
      ALL ATOMS THAT MEET 1 OF THE FOLLOWING SPECIFICATIONS WILL BE INCLUDED IN GROUP BELOW

      GRAPH NAME  = *     SYMBOL  = *     TREE SYMBOL  = M     RESIDUE TYPE  = *   

      GRAPH NAME  = *     SYMBOL  = *     TREE SYMBOL  = S     RESIDUE TYPE  = *   

      GRAPH NAME  = *     SYMBOL  = *     TREE SYMBOL  = B     RESIDUE TYPE  = *   

      GRAPH NAME  = *     SYMBOL  = *     TREE SYMBOL  = 3     RESIDUE TYPE  = *   

      GRAPH NAME  = *     SYMBOL  = O     TREE SYMBOL  = *     RESIDUE TYPE  = *   

      GRAPH NAME  = *     SYMBOL  = O2    TREE SYMBOL  = *     RESIDUE TYPE  = *   

      GRAPH NAME  = *     SYMBOL  = CB    TREE SYMBOL  = *     RESIDUE TYPE  = *   

 GRP    1 RES    1 TO     3
      Number of atoms in this group  =    14
    ----- END OF GROUP READ -----

--------------------------------------------------------------------------------
   3.  ATOMIC COORDINATES AND VELOCITIES
--------------------------------------------------------------------------------

ACE                                                                             
 begin time read from input coords =     0.000 ps

 Number of triangulated 3-point waters found:        0

--------------------------------------------------------------------------------
   4.  RESULTS
--------------------------------------------------------------------------------



   NSTEP       ENERGY          RMS            GMAX         NAME    NUMBER
      1       4.2133E+01     6.5345E+01     3.0676E+02     HG12       18

 BOND    =        0.0215  ANGLE   =        0.2098  DIHED      =        8.3861
 VDWAALS =       80.7226  EEL     =      -86.0661  EGB        =      -17.7228
 1-4 VDW =        9.2679  1-4 EEL =       45.5322  RESTRAINT  =        0.0000
 ESURF   =        1.7815


   NSTEP       ENERGY          RMS            GMAX         NAME    NUMBER
     10       1.8645E+00     2.2941E+01     1.1460E+02     HG12       18

 BOND    =        1.2613  ANGLE   =        0.9481  DIHED      =        8.5404
 VDWAALS =       39.0267  EEL     =      -86.0271  EGB        =      -17.9776
 1-4 VDW =        8.8252  1-4 EEL =       45.4320  RESTRAINT  =        0.0517
 ESURF   =        1.7837
 EAMBER  =        1.8128


   NSTEP       ENERGY          RMS            GMAX         NAME    NUMBER
     20      -3.2049E+01     3.0616E+00     1.4038E+01     N          26

 BOND    =        1.0497  ANGLE   =        3.2871  DIHED      =        9.0875
 VDWAALS =        5.4491  EEL     =      -84.2283  EGB        =      -18.9385
 1-4 VDW =        5.6835  1-4 EEL =       43.6426  RESTRAINT  =        1.1120
 ESURF   =        1.8066
 EAMBER  =      -33.1607


   NSTEP       ENERGY          RMS            GMAX         NAME    NUMBER
     30      -3.4608E+01     3.3283E+00     1.1448E+01     N          26

 BOND    =        1.2412  ANGLE   =        3.1614  DIHED      =        9.1005
 VDWAALS =        3.2018  EEL     =      -83.6715  EGB        =      -19.3524
 1-4 VDW =        5.0216  1-4 EEL =       43.2455  RESTRAINT  =        1.6285
 ESURF   =        1.8153
 EAMBER  =      -36.2366


   NSTEP       ENERGY          RMS            GMAX         NAME    NUMBER
     40      -3.5462E+01     3.5440E+00     1.7499E+01     N          26

 BOND    =        1.3548  ANGLE   =        3.1584  DIHED      =        9.1358
 VDWAALS =        2.3654  EEL     =      -83.4736  EGB        =      -19.5539
 1-4 VDW =        4.7526  1-4 EEL =       43.0750  RESTRAINT  =        1.9046
 ESURF   =        1.8194
 EAMBER  =      -37.3662


   NSTEP       ENERGY          RMS            GMAX         NAME    NUMBER
     50      -3.6154E+01     1.3284E+00     6.9577E+00     N          26

 BOND    =        1.2420  ANGLE   =        2.9525  DIHED      =        9.1477
 VDWAALS =        2.0348  EEL     =      -83.3799  EGB        =      -19.6265
 1-4 VDW =        4.6071  1-4 EEL =       42.9717  RESTRAINT  =        2.0738
 ESURF   =        1.8223
 EAMBER  =      -38.2283


   NSTEP       ENERGY          RMS            GMAX         NAME    NUMBER
     60      -3.6470E+01     6.0077E-01     2.3550E+00     H          27

 BOND    =        1.2071  ANGLE   =        2.9761  DIHED      =        9.1940
 VDWAALS =        1.6608  EEL     =      -83.3457  EGB        =      -19.7011
 1-4 VDW =        4.5385  1-4 EEL =       42.9689  RESTRAINT  =        2.2079
 ESURF   =        1.8236
 EAMBER  =      -38.6778


   NSTEP       ENERGY          RMS            GMAX         NAME    NUMBER
     70      -3.6620E+01     1.9746E+00     7.0958E+00     C          24

 BOND    =        1.3290  ANGLE   =        2.9160  DIHED      =        9.2189
 VDWAALS =        1.4681  EEL     =      -83.3470  EGB        =      -19.7656
 1-4 VDW =        4.4838  1-4 EEL =       42.9413  RESTRAINT  =        2.3108
 ESURF   =        1.8249
 EAMBER  =      -38.9305


   NSTEP       ENERGY          RMS            GMAX         NAME    NUMBER
     80      -3.6827E+01     6.7350E-01     2.1696E+00     N          26

 BOND    =        1.2159  ANGLE   =        2.8626  DIHED      =        9.2624
 VDWAALS =        1.2522  EEL     =      -83.3417  EGB        =      -19.7623
 1-4 VDW =        4.4839  1-4 EEL =       42.9823  RESTRAINT  =        2.3923
 ESURF   =        1.8251
 EAMBER  =      -39.2196


   NSTEP       ENERGY          RMS            GMAX         NAME    NUMBER
     90      -3.6944E+01     7.0540E-01     3.5853E+00     N          26

 BOND    =        1.2194  ANGLE   =        2.8260  DIHED      =        9.2896
 VDWAALS =        1.1178  EEL     =      -83.3562  EGB        =      -19.7990
 1-4 VDW =        4.4749  1-4 EEL =       42.9950  RESTRAINT  =        2.4628
 ESURF   =        1.8255
 EAMBER  =      -39.4069


   NSTEP       ENERGY          RMS            GMAX         NAME    NUMBER
    100      -3.7018E+01     1.1422E+00     7.0573E+00     C          24

 BOND    =        1.2067  ANGLE   =        2.7116  DIHED      =        9.3126
 VDWAALS =        1.0279  EEL     =      -83.3558  EGB        =      -19.7607
 1-4 VDW =        4.4823  1-4 EEL =       43.0140  RESTRAINT  =        2.5176
 ESURF   =        1.8257
 EAMBER  =      -39.5358


  Maximum number of minimization cycles reached.


                    FINAL RESULTS



   NSTEP       ENERGY          RMS            GMAX         NAME    NUMBER
    100      -3.7018E+01     1.1422E+00     7.0573E+00     C          24

 BOND    =        1.2067  ANGLE   =        2.7116  DIHED      =        9.3126
 VDWAALS =        1.0279  EEL     =      -83.3558  EGB        =      -19.7607
 1-4 VDW =        4.4823  1-4 EEL =       43.0140  RESTRAINT  =        2.5176
 ESURF   =        1.8257
 EAMBER  =      -39.5358

--------------------------------------------------------------------------------
   5.  TIMINGS
--------------------------------------------------------------------------------

|    Read coords time           0.00 ( 0.87% of Total)
|    Fast Water setup           0.00 ( 0.01% of Total)
|                Calc gb radii              0.01 (19.03% of Gen B)
|                Calc gb diag               0.02 (35.78% of Gen B)
|                Calc gb off-diag           0.01 (21.28% of Gen B)
|                Surface area energy        0.01 (23.26% of Gen B)
|                Other                      0.00 ( 0.65% of Gen B)
|             Gen Born time              0.06 (99.89% of Nonbo)
|             IPS excludes               0.00 ( 0.11% of Nonbo)
|          Nonbond force              0.06 (88.98% of Force)
|          Bond/Angle/Dihedral        0.01 (10.31% of Force)
|          Other                      0.00 ( 0.71% of Force)
|       Force time                 0.07 (100.0% of Runmd)
|    Runmd Time                 0.07 (55.80% of Total)
|    Other                      0.06 (43.32% of Total)
| Total time                 0.13 (100.0% of ALL  )

| Highest rstack allocated:          0
| Highest istack allocated:          0
|           Job began  at 11:24:28.211  on 03/19/2008
|           Setup done at 11:24:28.222  on 03/19/2008
|           Run   done at 11:24:28.340  on 03/19/2008
|     wallclock() was called    2008 times
