
          -------------------------------------------------------
          Amber 9  SANDER                              2006
          -------------------------------------------------------

| Run on 03/19/2008 at 11:36:21
  [-O]verwriting output

File Assignments:
|  MDIN: backy                                                                 
| MDOUT: SER.de.out                                                            
|INPCRD: SER_rec.crd.1                                                         
|  PARM: SER.prmtop                                                            
|RESTRT: SER.res                                                               
|  REFC: SER_rec.crd.1                                                         
| MDVEL: mdvel                                                                 
|  MDEN: mden                                                                  
| MDCRD: mdcrd                                                                 
|MDINFO: mdinfo                                                                
|INPDIP: inpdip                                                                
|RSTDIP: rstdip                                                                

 
 Here is the input file:
 
File generated by mm_pbsa.pl. Using  MM GB MS                                  
 &cntrl                                                                        
  ntf    = 1,       ntb    = 0,       dielc  = 1.0,                            
  idecomp= 2,                                                                  
  igb    = 2,       saltcon= 0.00,                                             
  offset = 0.09,                                                               
  intdiel= 1.0,     extdiel= 80.0,                                             
  gbsa   = 2,       surften= 1.0,                                              
  cut    = 999.0,   nsnb   = 99999,                                            
  scnb   = 2.0,     scee   = 1.2,                                              
                                                                               
  imin   = 1,       maxcyc = 1,       ncyc   = 0,                              
 &end                                                                          
END                                                                            
END                                                                            

--------------------------------------------------------------------------------
   1.  RESOURCE   USE: 
--------------------------------------------------------------------------------

| Flags:                                                                        
| New format PARM file being parsed.
| Version =    1.000 Date = 03/19/08 Time = 11:36:21
 NATOM  =      23 NTYPES =       9 NBONH =      12 MBONA  =      10
 NTHETH =      25 MTHETA =      12 NPHIH =      45 MPHIA  =      24
 NHPARM =       0 NPARM  =       0 NNB   =     105 NRES   =       3
 NBONA  =      10 NTHETA =      12 NPHIA =      24 NUMBND =      10
 NUMANG =      18 NPTRA  =      25 NATYP =       9 NPHB   =       0
 IFBOX  =       0 NMXRS  =      11 IFCAP =       0 NEXTRA =       0
 NCOPY  =       0

 Implicit solvent radii are Bondi radii (bondi)                                                             

|     Memory Use     Allocated
|     Real                1805
|     Hollerith            143
|     Integer            22974
|     Max Pairs              1
|     nblistReal             0
|     nblist Int             0
|       Total              104 kbytes
| Duplicated    0 dihedrals
| Duplicated    0 dihedrals

--------------------------------------------------------------------------------
   2.  CONTROL  DATA  FOR  THE  RUN
--------------------------------------------------------------------------------

                                                                                

General flags:
     imin    =       1, nmropt  =       0

Nature and format of input:
     ntx     =       1, irest   =       0, ntrx    =       1

Nature and format of output:
     ntxo    =       1, ntpr    =      50, ntrx    =       1, ntwr    =     500
     iwrap   =       0, ntwx    =       0, ntwv    =       0, ntwe    =       0
     ioutfm  =       0, ntwprt  =       0, idecomp =       2, rbornstat=      0

Potential function:
     ntf     =       1, ntb     =       0, igb     =       2, nsnb    =   99999
     ipol    =       0, gbsa    =       2, iesp    =       0
     dielc   =   1.00000, cut     = 999.00000, intdiel =   1.00000
     saltcon =   0.00000, offset  =   0.09000, gbalpha=    0.80000
     gbbeta  =   0.00000, gbgamma =   2.90912, surften =   1.00000
     rdt     =   0.00000, rgbmax  =  25.00000
     alpb  =        0
     scnb    =   2.00000, scee    =   1.20000

Frozen or restrained atoms:
     ibelly  =       0, ntr     =       0

Energy minimization:
     maxcyc  =       1, ncyc    =       0, ntmin   =       1
     dx0     =   0.01000, drms    =   0.00010

    LOADING THE DECOMP ATOMS AS GROUPS

    ----- END OF GROUP READ -----
 Atom            1  (           1 ) :            1           1
 Atom            2  (           1 ) :            1           1
 Atom            3  (           1 ) :            1           1
 Atom            4  (           1 ) :            1           1
 Atom            5  (           1 ) :            4           1
 Atom            6  (           1 ) :            4           1
 Atom            7  (           2 ) :            5           1
 Atom            8  (           2 ) :            5           1
 Atom            9  (           2 ) :            5           1
 Atom           10  (           2 ) :            5           1
 Atom           11  (           2 ) :            2           1
 Atom           12  (           2 ) :            2           1
 Atom           13  (           2 ) :            2           1
 Atom           14  (           2 ) :            2           1
 Atom           15  (           2 ) :            2           1
 Atom           16  (           2 ) :            5           1
 Atom           17  (           2 ) :            5           1
 Atom           18  (           3 ) :            6           1
 Atom           19  (           3 ) :            6           1
 Atom           20  (           3 ) :            3           1
 Atom           21  (           3 ) :            3           1
 Atom           22  (           3 ) :            3           1
 Atom           23  (           3 ) :            3           1
|  INFO: Old style inpcrd file read


--------------------------------------------------------------------------------
   3.  ATOMIC COORDINATES AND VELOCITIES
--------------------------------------------------------------------------------

                                                                                
 begin time read from input coords =     0.000 ps

 Number of triangulated 3-point waters found:        0

--------------------------------------------------------------------------------
   4.  RESULTS
--------------------------------------------------------------------------------



   NSTEP       ENERGY          RMS            GMAX         NAME    NUMBER
      1       3.1848E+02     9.5882E-01     3.2363E+00     N          18

 BOND    =        0.8375  ANGLE   =        1.4246  DIHED      =        8.1064
 VDWAALS =        0.5367  EEL     =      -66.4170  EGB        =      -22.5083
 1-4 VDW =        2.9089  1-4 EEL =       28.6727  RESTRAINT  =        0.0000
 ESURF   =      364.9196


  Maximum number of minimization cycles reached.


                    FINAL RESULTS



   NSTEP       ENERGY          RMS            GMAX         NAME    NUMBER
      1       3.1848E+02     9.5882E-01     3.2363E+00     N          18

 BOND    =        0.8375  ANGLE   =        1.4246  DIHED      =        8.1064
 VDWAALS =        0.5367  EEL     =      -66.4170  EGB        =      -22.5083
 1-4 VDW =        2.9089  1-4 EEL =       28.6727  RESTRAINT  =        0.0000
 ESURF   =      364.9196


                    CHECK DECOMP - TOTAL ENERGIES (w/ REST)

 INTERNAL=       10.3685
 VDWAALS =        3.4455  EEL     =      -37.7443
 EGB     =      -22.5083  ESURF   =      364.9196


                    CHECK DECOMP - SELF ENERGIES (w/o REST)

 INTERNAL=        4.6067
 VDWAALS =        0.9889  EEL     =       17.0237
 EGB     =      -24.3774  ESURF   =     1030.6385


                    CHECK DECOMP - INDIRECT ENERGIES (w/o REST)

 INTERNAL=        5.7618
 VDWAALS =        2.4566  EEL     =      -54.7680
 EGB     =        1.8691  ESURF   =     -665.7190


                    CHECK DECOMP - DIRECT ENERGIES (w/o REST)

 INTERNAL=        0.0000
 VDWAALS =        0.0000  EEL     =        0.0000
 EGB     =        0.0000  ESURF   =        0.0000


                    CHECK DECOMP - REST ENERGIES

 INTERNAL=        0.0000
 VDWAALS =        0.0000  EEL     =        0.0000
 EGB     =        0.0000  ESURF   =        0.0000




                    PRINT DECOMP - TOTAL ENERGIES

    resid |internal |vdw      |eel      |pol      |sas
============================================================
TDC      1     3.024     0.415   -32.772    -7.187   122.511
TDC      2     6.112     2.123    -3.710   -13.602   143.695
TDC      3     1.232     0.907    -1.263    -1.719    98.713


                    PRINT DECOMP - SIDECHAIN ENERGIES

    resid |internal |vdw      |eel      |pol      |sas
============================================================
SDC      1     1.206    -0.062   -10.770    -0.399    85.326
SDC      2     1.228     1.007     3.122    -4.663    80.204
SDC      3     0.187     0.136     3.244    -0.030    85.743


                    PRINT DECOMP - BACKBONE ENERGIES

    resid |internal |vdw      |eel      |pol      |sas
============================================================
BDC      1     1.818     0.477   -22.002    -6.788    37.185
BDC      2     4.884     1.116    -6.832    -8.939    63.491
BDC      3     1.046     0.771    -4.506    -1.688    12.970



--------------------------------------------------------------------------------
   5.  TIMINGS
--------------------------------------------------------------------------------

|    Read coords time           0.00 ( 2.61% of Total)
|    Fast Water setup           0.00 ( 0.02% of Total)
|                Calc gb radii              0.00 ( 0.45% of Gen B)
|                Calc gb diag               0.03 (99.12% of Gen B)
|                Calc gb off-diag           0.00 ( 0.41% of Gen B)
|                Other                      0.00 ( 0.02% of Gen B)
|             Gen Born time              0.03 (100.0% of Nonbo)
|          Nonbond force              0.03 (99.31% of Force)
|          Bond/Angle/Dihedral        0.00 ( 0.62% of Force)
|          Other                      0.00 ( 0.07% of Force)
|       Force time                 0.03 (100.0% of Runmd)
|    Runmd Time                 0.03 (56.07% of Total)
|    Other                      0.02 (41.31% of Total)
| Total time                 0.05 (99.65% of ALL  )

| Highest rstack allocated:          0
| Highest istack allocated:          0
|           Job began  at 11:36:21.399  on 03/19/2008
|           Setup done at 11:36:21.409  on 03/19/2008
|           Run   done at 11:36:21.447  on 03/19/2008
|     wallclock() was called      26 times
