
          -------------------------------------------------------
          Amber 9  SANDER                              2006
          -------------------------------------------------------

| Run on 03/19/2008 at 11:24:30
  [-O]verwriting output

File Assignments:
|  MDIN: sander.in_backy                                                       
| MDOUT: SER.out                                                               
|INPCRD: SER.crd                                                               
|  PARM: SER.top                                                               
|RESTRT: SER.res                                                               
|  REFC: SER.crd                                                               
| MDVEL: mdvel                                                                 
|  MDEN: mden                                                                  
| MDCRD: mdcrd                                                                 
|MDINFO: mdinfo                                                                
|INPDIP: inpdip                                                                
|RSTDIP: rstdip                                                                

 
 Here is the input file:
 
  minimize structure                                                           
 &cntrl                                                                        
   imin=1, maxcyc=100                                                          
   cut=999.0, igb=2, saltcon=0.1, gbsa=1,                                      
   ntpr=10, ntx=1, ntb=0, ncyc   = 500,                                        
   ntr=1,                                                                      
 &end                                                                          
GROUP TITLE                                                                    
10.0                                                                           
FIND                                                                           
* * M *                                                                        
* * S *                                                                        
* * B *                                                                        
* * 3 *                                                                        
* O * *                                                                        
* O2 * *                                                                       
* CB * *                                                                       
SEARCH                                                                         
RES 1 999                                                                      
END                                                                            
END                                                                            

--------------------------------------------------------------------------------
   1.  RESOURCE   USE: 
--------------------------------------------------------------------------------

| Flags:                                                                        
| New format PARM file being parsed.
| Version =    1.000 Date = 03/19/08 Time = 11:24:30
 NATOM  =      23 NTYPES =       9 NBONH =      12 MBONA  =      10
 NTHETH =      25 MTHETA =      12 NPHIH =      45 MPHIA  =      24
 NHPARM =       0 NPARM  =       0 NNB   =     105 NRES   =       3
 NBONA  =      10 NTHETA =      12 NPHIA =      24 NUMBND =      10
 NUMANG =      18 NPTRA  =      25 NATYP =       9 NPHB   =       0
 IFBOX  =       0 NMXRS  =      11 IFCAP =       0 NEXTRA =       0
 NCOPY  =       0

 Implicit solvent radii are Bondi radii (bondi)                                                             

|     Memory Use     Allocated
|     Real                1907
|     Hollerith            143
|     Integer            22054
|     Max Pairs              1
|     nblistReal             0
|     nblist Int             0
|       Total              101 kbytes
| Duplicated    0 dihedrals
| Duplicated    0 dihedrals

--------------------------------------------------------------------------------
   2.  CONTROL  DATA  FOR  THE  RUN
--------------------------------------------------------------------------------

ACE                                                                             

General flags:
     imin    =       1, nmropt  =       0

Nature and format of input:
     ntx     =       1, irest   =       0, ntrx    =       1

Nature and format of output:
     ntxo    =       1, ntpr    =      10, ntrx    =       1, ntwr    =     500
     iwrap   =       0, ntwx    =       0, ntwv    =       0, ntwe    =       0
     ioutfm  =       0, ntwprt  =       0, idecomp =       0, rbornstat=      0

Potential function:
     ntf     =       1, ntb     =       0, igb     =       2, nsnb    =      25
     ipol    =       0, gbsa    =       1, iesp    =       0
     dielc   =   1.00000, cut     = 999.00000, intdiel =   1.00000
     saltcon =   0.10000, offset  =   0.09000, gbalpha=    0.80000
     gbbeta  =   0.00000, gbgamma =   2.90912, surften =   0.00500
     rdt     =   0.00000, rgbmax  =  25.00000
     alpb  =        0
     scnb    =   2.00000, scee    =   1.20000

Frozen or restrained atoms:
     ibelly  =       0, ntr     =       1

Energy minimization:
     maxcyc  =     100, ncyc    =     500, ntmin   =       1
     dx0     =   0.01000, drms    =   0.00010

    LOADING THE CONSTRAINED ATOMS AS GROUPS


   5.  REFERENCE ATOM COORDINATES

  ACE 
|  INFO: Old style inpcrd file read

    ----- READING GROUP     1; TITLE:
 GROUP TITLE                                                                 

     GROUP    1 HAS HARMONIC CONSTRAINTS    10.00000
      ALL ATOMS THAT MEET 1 OF THE FOLLOWING SPECIFICATIONS WILL BE INCLUDED IN GROUP BELOW

      GRAPH NAME  = *     SYMBOL  = *     TREE SYMBOL  = M     RESIDUE TYPE  = *   

      GRAPH NAME  = *     SYMBOL  = *     TREE SYMBOL  = S     RESIDUE TYPE  = *   

      GRAPH NAME  = *     SYMBOL  = *     TREE SYMBOL  = B     RESIDUE TYPE  = *   

      GRAPH NAME  = *     SYMBOL  = *     TREE SYMBOL  = 3     RESIDUE TYPE  = *   

      GRAPH NAME  = *     SYMBOL  = O     TREE SYMBOL  = *     RESIDUE TYPE  = *   

      GRAPH NAME  = *     SYMBOL  = O2    TREE SYMBOL  = *     RESIDUE TYPE  = *   

      GRAPH NAME  = *     SYMBOL  = CB    TREE SYMBOL  = *     RESIDUE TYPE  = *   

 GRP    1 RES    1 TO     3
      Number of atoms in this group  =    12
    ----- END OF GROUP READ -----

--------------------------------------------------------------------------------
   3.  ATOMIC COORDINATES AND VELOCITIES
--------------------------------------------------------------------------------

ACE                                                                             
 begin time read from input coords =     0.000 ps

 Number of triangulated 3-point waters found:        0

--------------------------------------------------------------------------------
   4.  RESULTS
--------------------------------------------------------------------------------



   NSTEP       ENERGY          RMS            GMAX         NAME    NUMBER
      1      -3.5250E+01     9.7021E+00     4.3731E+01     N          18

 BOND    =        0.1486  ANGLE   =        0.3778  DIHED      =        7.8695
 VDWAALS =        8.5936  EEL     =      -67.3585  EGB        =      -20.7366
 1-4 VDW =        5.4111  1-4 EEL =       28.8364  RESTRAINT  =        0.0000
 ESURF   =        1.6081


   NSTEP       ENERGY          RMS            GMAX         NAME    NUMBER
     10      -4.1582E+01     9.9646E+00     4.4215E+01     C          16

 BOND    =        1.7550  ANGLE   =        1.3836  DIHED      =        8.0663
 VDWAALS =        2.3384  EEL     =      -67.2351  EGB        =      -22.0692
 1-4 VDW =        3.6240  1-4 EEL =       28.5999  RESTRAINT  =        0.3370
 ESURF   =        1.6178
 EAMBER  =      -41.9192


   NSTEP       ENERGY          RMS            GMAX         NAME    NUMBER
     20      -4.3458E+01     1.2535E+00     6.2861E+00     N          18

 BOND    =        0.6918  ANGLE   =        1.1033  DIHED      =        8.1071
 VDWAALS =        1.4433  EEL     =      -66.8556  EGB        =      -22.1191
 1-4 VDW =        3.2763  1-4 EEL =       28.7523  RESTRAINT  =        0.5206
 ESURF   =        1.6225
 EAMBER  =      -43.9781


   NSTEP       ENERGY          RMS            GMAX         NAME    NUMBER
     30      -4.3665E+01     1.7941E+00     9.6757E+00     N          18

 BOND    =        0.8164  ANGLE   =        1.2148  DIHED      =        8.1068
 VDWAALS =        1.0940  EEL     =      -66.6818  EGB        =      -22.2846
 1-4 VDW =        3.1049  1-4 EEL =       28.7123  RESTRAINT  =        0.6272
 ESURF   =        1.6250
 EAMBER  =      -44.2923


   NSTEP       ENERGY          RMS            GMAX         NAME    NUMBER
     40      -4.3798E+01     3.7182E-01     1.1398E+00     HG         15

 BOND    =        0.7540  ANGLE   =        1.3962  DIHED      =        8.1028
 VDWAALS =        0.8764  EEL     =      -66.5871  EGB        =      -22.3848
 1-4 VDW =        3.0050  1-4 EEL =       28.7218  RESTRAINT  =        0.6917
 ESURF   =        1.6262
 EAMBER  =      -44.4893


   NSTEP       ENERGY          RMS            GMAX         NAME    NUMBER
     50      -4.3851E+01     9.7787E-01     3.9468E+00     N          18

 BOND    =        0.7547  ANGLE   =        1.5097  DIHED      =        8.0987
 VDWAALS =        0.7347  EEL     =      -66.5107  EGB        =      -22.4612
 1-4 VDW =        2.9429  1-4 EEL =       28.7131  RESTRAINT  =        0.7403
 ESURF   =        1.6271
 EAMBER  =      -44.5912


   NSTEP       ENERGY          RMS            GMAX         NAME    NUMBER
     60      -4.3889E+01     9.4598E-01     3.7808E+00     N          18

 BOND    =        0.7647  ANGLE   =        1.5218  DIHED      =        8.0975
 VDWAALS =        0.6677  EEL     =      -66.4656  EGB        =      -22.4907
 1-4 VDW =        2.9193  1-4 EEL =       28.7028  RESTRAINT  =        0.7660
 ESURF   =        1.6275
 EAMBER  =      -44.6551


   NSTEP       ENERGY          RMS            GMAX         NAME    NUMBER
     70      -4.3928E+01     2.3044E-01     7.0052E-01     HG         15

 BOND    =        0.8114  ANGLE   =        1.4464  DIHED      =        8.0989
 VDWAALS =        0.6349  EEL     =      -66.4316  EGB        =      -22.4916
 1-4 VDW =        2.9141  1-4 EEL =       28.6787  RESTRAINT  =        0.7826
 ESURF   =        1.6278
 EAMBER  =      -44.7109


   NSTEP       ENERGY          RMS            GMAX         NAME    NUMBER
     80      -4.3953E+01     2.7535E-01     9.4637E-01     N          18

 BOND    =        0.8210  ANGLE   =        1.4385  DIHED      =        8.1001
 VDWAALS =        0.5958  EEL     =      -66.4172  EGB        =      -22.5026
 1-4 VDW =        2.9079  1-4 EEL =       28.6775  RESTRAINT  =        0.7978
 ESURF   =        1.6280
 EAMBER  =      -44.7510


   NSTEP       ENERGY          RMS            GMAX         NAME    NUMBER
     90      -4.3972E+01     4.8347E-01     1.9290E+00     N          18

 BOND    =        0.8355  ANGLE   =        1.4144  DIHED      =        8.1023
 VDWAALS =        0.5675  EEL     =      -66.4095  EGB        =      -22.5037
 1-4 VDW =        2.9071  1-4 EEL =       28.6771  RESTRAINT  =        0.8097
 ESURF   =        1.6281
 EAMBER  =      -44.7813


   NSTEP       ENERGY          RMS            GMAX         NAME    NUMBER
    100      -4.3988E+01     5.2823E-01     2.0516E+00     N          18

 BOND    =        0.8395  ANGLE   =        1.4094  DIHED      =        8.1045
 VDWAALS =        0.5411  EEL     =      -66.4093  EGB        =      -22.5097
 1-4 VDW =        2.9061  1-4 EEL =       28.6814  RESTRAINT  =        0.8204
 ESURF   =        1.6282
 EAMBER  =      -44.8088


  Maximum number of minimization cycles reached.


                    FINAL RESULTS



   NSTEP       ENERGY          RMS            GMAX         NAME    NUMBER
    100      -4.3988E+01     5.2823E-01     2.0516E+00     N          18

 BOND    =        0.8395  ANGLE   =        1.4094  DIHED      =        8.1045
 VDWAALS =        0.5411  EEL     =      -66.4093  EGB        =      -22.5097
 1-4 VDW =        2.9061  1-4 EEL =       28.6814  RESTRAINT  =        0.8204
 ESURF   =        1.6282
 EAMBER  =      -44.8088

--------------------------------------------------------------------------------
   5.  TIMINGS
--------------------------------------------------------------------------------

|    Read coords time           0.00 ( 1.14% of Total)
|    Fast Water setup           0.00 ( 0.01% of Total)
|                Calc gb radii              0.01 (19.40% of Gen B)
|                Calc gb diag               0.01 (35.25% of Gen B)
|                Calc gb off-diag           0.01 (20.58% of Gen B)
|                Surface area energy        0.01 (23.74% of Gen B)
|                Other                      0.00 ( 1.03% of Gen B)
|             Gen Born time              0.04 (99.83% of Nonbo)
|             IPS excludes               0.00 ( 0.17% of Nonbo)
|          Nonbond force              0.04 (85.86% of Force)
|          Bond/Angle/Dihedral        0.01 (12.91% of Force)
|          Other                      0.00 ( 1.22% of Force)
|       Force time                 0.04 (100.0% of Runmd)
|    Runmd Time                 0.04 (42.78% of Total)
|    Other                      0.06 (56.07% of Total)
| Total time                 0.10 (99.83% of ALL  )

| Highest rstack allocated:          0
| Highest istack allocated:          0
|           Job began  at 11:24:30.586  on 03/19/2008
|           Setup done at 11:24:30.598  on 03/19/2008
|           Run   done at 11:24:30.687  on 03/19/2008
|     wallclock() was called    2008 times
