
          -------------------------------------------------------
          Amber 9  SANDER                              2006
          -------------------------------------------------------

| Run on 03/19/2008 at 11:36:15
  [-O]verwriting output

File Assignments:
|  MDIN: backy                                                                 
| MDOUT: HIS.de.out                                                            
|INPCRD: HIS_rec.crd.1                                                         
|  PARM: HIS.prmtop                                                            
|RESTRT: HIS.res                                                               
|  REFC: HIS_rec.crd.1                                                         
| MDVEL: mdvel                                                                 
|  MDEN: mden                                                                  
| MDCRD: mdcrd                                                                 
|MDINFO: mdinfo                                                                
|INPDIP: inpdip                                                                
|RSTDIP: rstdip                                                                

 
 Here is the input file:
 
File generated by mm_pbsa.pl. Using  MM GB MS                                  
 &cntrl                                                                        
  ntf    = 1,       ntb    = 0,       dielc  = 1.0,                            
  idecomp= 2,                                                                  
  igb    = 2,       saltcon= 0.00,                                             
  offset = 0.09,                                                               
  intdiel= 1.0,     extdiel= 80.0,                                             
  gbsa   = 2,       surften= 1.0,                                              
  cut    = 999.0,   nsnb   = 99999,                                            
  scnb   = 2.0,     scee   = 1.2,                                              
                                                                               
  imin   = 1,       maxcyc = 1,       ncyc   = 0,                              
 &end                                                                          
END                                                                            
END                                                                            

--------------------------------------------------------------------------------
   1.  RESOURCE   USE: 
--------------------------------------------------------------------------------

| Flags:                                                                        
| New format PARM file being parsed.
| Version =    1.000 Date = 03/19/08 Time = 11:36:15
 NATOM  =      29 NTYPES =       9 NBONH =      14 MBONA  =      15
 NTHETH =      30 MTHETA =      19 NPHIH =      56 MPHIA  =      34
 NHPARM =       0 NPARM  =       0 NNB   =     138 NRES   =       3
 NBONA  =      15 NTHETA =      19 NPHIA =      34 NUMBND =      17
 NUMANG =      31 NPTRA  =      27 NATYP =      14 NPHB   =       0
 IFBOX  =       0 NMXRS  =      17 IFCAP =       0 NEXTRA =       0
 NCOPY  =       0

 Implicit solvent radii are Bondi radii (bondi)                                                             

|     Memory Use     Allocated
|     Real                2222
|     Hollerith            179
|     Integer            23768
|     Max Pairs              1
|     nblistReal             0
|     nblist Int             0
|       Total              110 kbytes
| Duplicated    0 dihedrals
| Duplicated    0 dihedrals

--------------------------------------------------------------------------------
   2.  CONTROL  DATA  FOR  THE  RUN
--------------------------------------------------------------------------------

                                                                                

General flags:
     imin    =       1, nmropt  =       0

Nature and format of input:
     ntx     =       1, irest   =       0, ntrx    =       1

Nature and format of output:
     ntxo    =       1, ntpr    =      50, ntrx    =       1, ntwr    =     500
     iwrap   =       0, ntwx    =       0, ntwv    =       0, ntwe    =       0
     ioutfm  =       0, ntwprt  =       0, idecomp =       2, rbornstat=      0

Potential function:
     ntf     =       1, ntb     =       0, igb     =       2, nsnb    =   99999
     ipol    =       0, gbsa    =       2, iesp    =       0
     dielc   =   1.00000, cut     = 999.00000, intdiel =   1.00000
     saltcon =   0.00000, offset  =   0.09000, gbalpha=    0.80000
     gbbeta  =   0.00000, gbgamma =   2.90912, surften =   1.00000
     rdt     =   0.00000, rgbmax  =  25.00000
     alpb  =        0
     scnb    =   2.00000, scee    =   1.20000

Frozen or restrained atoms:
     ibelly  =       0, ntr     =       0

Energy minimization:
     maxcyc  =       1, ncyc    =       0, ntmin   =       1
     dx0     =   0.01000, drms    =   0.00010

    LOADING THE DECOMP ATOMS AS GROUPS

    ----- END OF GROUP READ -----
 Atom            1  (           1 ) :            1           1
 Atom            2  (           1 ) :            1           1
 Atom            3  (           1 ) :            1           1
 Atom            4  (           1 ) :            1           1
 Atom            5  (           1 ) :            4           1
 Atom            6  (           1 ) :            4           1
 Atom            7  (           2 ) :            5           1
 Atom            8  (           2 ) :            5           1
 Atom            9  (           2 ) :            5           1
 Atom           10  (           2 ) :            5           1
 Atom           11  (           2 ) :            2           1
 Atom           12  (           2 ) :            2           1
 Atom           13  (           2 ) :            2           1
 Atom           14  (           2 ) :            2           1
 Atom           15  (           2 ) :            2           1
 Atom           16  (           2 ) :            2           1
 Atom           17  (           2 ) :            2           1
 Atom           18  (           2 ) :            2           1
 Atom           19  (           2 ) :            2           1
 Atom           20  (           2 ) :            2           1
 Atom           21  (           2 ) :            2           1
 Atom           22  (           2 ) :            5           1
 Atom           23  (           2 ) :            5           1
 Atom           24  (           3 ) :            6           1
 Atom           25  (           3 ) :            6           1
 Atom           26  (           3 ) :            3           1
 Atom           27  (           3 ) :            3           1
 Atom           28  (           3 ) :            3           1
 Atom           29  (           3 ) :            3           1
|  INFO: Old style inpcrd file read


--------------------------------------------------------------------------------
   3.  ATOMIC COORDINATES AND VELOCITIES
--------------------------------------------------------------------------------

                                                                                
 begin time read from input coords =     0.000 ps

 Number of triangulated 3-point waters found:        0

--------------------------------------------------------------------------------
   4.  RESULTS
--------------------------------------------------------------------------------



   NSTEP       ENERGY          RMS            GMAX         NAME    NUMBER
      1       4.0980E+02     1.7581E+00     7.2525E+00     CD2        20

 BOND    =        1.1745  ANGLE   =       22.6901  DIHED      =        7.9681
 VDWAALS =        1.6191  EEL     =      -79.9865  EGB        =      -25.5855
 1-4 VDW =        2.4970  1-4 EEL =       50.1157  RESTRAINT  =        0.0000
 ESURF   =      429.3034


  Maximum number of minimization cycles reached.


                    FINAL RESULTS



   NSTEP       ENERGY          RMS            GMAX         NAME    NUMBER
      1       4.0980E+02     1.7581E+00     7.2525E+00     CD2        20

 BOND    =        1.1745  ANGLE   =       22.6901  DIHED      =        7.9681
 VDWAALS =        1.6191  EEL     =      -79.9865  EGB        =      -25.5855
 1-4 VDW =        2.4970  1-4 EEL =       50.1157  RESTRAINT  =        0.0000
 ESURF   =      429.3034


                    CHECK DECOMP - TOTAL ENERGIES (w/ REST)

 INTERNAL=       31.8326
 VDWAALS =        4.1161  EEL     =      -29.8708
 EGB     =      -25.5855  ESURF   =      429.3034


                    CHECK DECOMP - SELF ENERGIES (w/o REST)

 INTERNAL=       25.3051
 VDWAALS =        0.2357  EEL     =       11.7608
 EGB     =      -26.6386  ESURF   =     1170.3604


                    CHECK DECOMP - INDIRECT ENERGIES (w/o REST)

 INTERNAL=        6.5276
 VDWAALS =        3.8804  EEL     =      -41.6317
 EGB     =        1.0531  ESURF   =     -741.0569


                    CHECK DECOMP - DIRECT ENERGIES (w/o REST)

 INTERNAL=        0.0000
 VDWAALS =        0.0000  EEL     =        0.0000
 EGB     =        0.0000  ESURF   =        0.0000


                    CHECK DECOMP - REST ENERGIES

 INTERNAL=        0.0000
 VDWAALS =        0.0000  EEL     =        0.0000
 EGB     =        0.0000  ESURF   =        0.0000




                    PRINT DECOMP - TOTAL ENERGIES

    resid |internal |vdw      |eel      |pol      |sas
============================================================
TDC      1     3.155     0.451   -27.332    -7.520   123.493
TDC      2    27.024     2.078    -2.498   -16.621   222.627
TDC      3     1.654     1.586    -0.040    -1.445    83.183


                    PRINT DECOMP - SIDECHAIN ENERGIES

    resid |internal |vdw      |eel      |pol      |sas
============================================================
SDC      1     1.209    -0.076   -10.886    -0.336    85.270
SDC      2    21.372     1.425    -7.659    -8.766   162.296
SDC      3     0.364    -0.160     4.530    -0.874    80.962


                    PRINT DECOMP - BACKBONE ENERGIES

    resid |internal |vdw      |eel      |pol      |sas
============================================================
BDC      1     1.946     0.528   -16.447    -7.183    38.223
BDC      2     5.652     0.654     5.161    -7.855    60.331
BDC      3     1.289     1.747    -4.570    -0.571     2.221



--------------------------------------------------------------------------------
   5.  TIMINGS
--------------------------------------------------------------------------------

|    Read coords time           0.00 ( 1.99% of Total)
|    Fast Water setup           0.00 ( 0.02% of Total)
|                Calc gb radii              0.00 ( 0.39% of Gen B)
|                Calc gb diag               0.04 (99.15% of Gen B)
|                Calc gb off-diag           0.00 ( 0.44% of Gen B)
|                Other                      0.00 ( 0.01% of Gen B)
|             Gen Born time              0.04 (100.0% of Nonbo)
|          Nonbond force              0.04 (99.49% of Force)
|          Bond/Angle/Dihedral        0.00 ( 0.46% of Force)
|          Other                      0.00 ( 0.05% of Force)
|       Force time                 0.04 (100.0% of Runmd)
|    Runmd Time                 0.04 (66.00% of Total)
|    Other                      0.02 (32.00% of Total)
| Total time                 0.06 (99.76% of ALL  )

| Highest rstack allocated:          0
| Highest istack allocated:          0
|           Job began  at 11:36:15.895  on 03/19/2008
|           Setup done at 11:36:15.906  on 03/19/2008
|           Run   done at 11:36:15.960  on 03/19/2008
|     wallclock() was called      26 times
