
          -------------------------------------------------------
          Amber 9  SANDER                              2006
          -------------------------------------------------------

| Run on 03/19/2008 at 11:24:26
  [-O]verwriting output

File Assignments:
|  MDIN: sander.in_backy                                                       
| MDOUT: GLY.out                                                               
|INPCRD: GLY.crd                                                               
|  PARM: GLY.top                                                               
|RESTRT: GLY.res                                                               
|  REFC: GLY.crd                                                               
| MDVEL: mdvel                                                                 
|  MDEN: mden                                                                  
| MDCRD: mdcrd                                                                 
|MDINFO: mdinfo                                                                
|INPDIP: inpdip                                                                
|RSTDIP: rstdip                                                                

 
 Here is the input file:
 
  minimize structure                                                           
 &cntrl                                                                        
   imin=1, maxcyc=100                                                          
   cut=999.0, igb=2, saltcon=0.1, gbsa=1,                                      
   ntpr=10, ntx=1, ntb=0, ncyc   = 500,                                        
   ntr=1,                                                                      
 &end                                                                          
GROUP TITLE                                                                    
10.0                                                                           
FIND                                                                           
* * M *                                                                        
* * S *                                                                        
* * B *                                                                        
* * 3 *                                                                        
* O * *                                                                        
* O2 * *                                                                       
* CB * *                                                                       
SEARCH                                                                         
RES 1 999                                                                      
END                                                                            
END                                                                            

--------------------------------------------------------------------------------
   1.  RESOURCE   USE: 
--------------------------------------------------------------------------------

| Flags:                                                                        
| New format PARM file being parsed.
| Version =    1.000 Date = 03/19/08 Time = 11:24:26
 NATOM  =      19 NTYPES =       7 NBONH =      10 MBONA  =       8
 NTHETH =      21 MTHETA =       9 NPHIH =      39 MPHIA  =      13
 NHPARM =       0 NPARM  =       0 NNB   =      81 NRES   =       3
 NBONA  =       8 NTHETA =       9 NPHIA =      13 NUMBND =       8
 NUMANG =      14 NPTRA  =      17 NATYP =       8 NPHB   =       0
 IFBOX  =       0 NMXRS  =       7 IFCAP =       0 NEXTRA =       0
 NCOPY  =       0

 Implicit solvent radii are Bondi radii (bondi)                                                             

|     Memory Use     Allocated
|     Real                1581
|     Hollerith            119
|     Integer            21641
|     Max Pairs              1
|     nblistReal             0
|     nblist Int             0
|       Total               97 kbytes
| Duplicated    0 dihedrals
| Duplicated    0 dihedrals

--------------------------------------------------------------------------------
   2.  CONTROL  DATA  FOR  THE  RUN
--------------------------------------------------------------------------------

ACE                                                                             

General flags:
     imin    =       1, nmropt  =       0

Nature and format of input:
     ntx     =       1, irest   =       0, ntrx    =       1

Nature and format of output:
     ntxo    =       1, ntpr    =      10, ntrx    =       1, ntwr    =     500
     iwrap   =       0, ntwx    =       0, ntwv    =       0, ntwe    =       0
     ioutfm  =       0, ntwprt  =       0, idecomp =       0, rbornstat=      0

Potential function:
     ntf     =       1, ntb     =       0, igb     =       2, nsnb    =      25
     ipol    =       0, gbsa    =       1, iesp    =       0
     dielc   =   1.00000, cut     = 999.00000, intdiel =   1.00000
     saltcon =   0.10000, offset  =   0.09000, gbalpha=    0.80000
     gbbeta  =   0.00000, gbgamma =   2.90912, surften =   0.00500
     rdt     =   0.00000, rgbmax  =  25.00000
     alpb  =        0
     scnb    =   2.00000, scee    =   1.20000

Frozen or restrained atoms:
     ibelly  =       0, ntr     =       1

Energy minimization:
     maxcyc  =     100, ncyc    =     500, ntmin   =       1
     dx0     =   0.01000, drms    =   0.00010

    LOADING THE CONSTRAINED ATOMS AS GROUPS


   5.  REFERENCE ATOM COORDINATES

  ACE 
|  INFO: Old style inpcrd file read

    ----- READING GROUP     1; TITLE:
 GROUP TITLE                                                                 

     GROUP    1 HAS HARMONIC CONSTRAINTS    10.00000
      ALL ATOMS THAT MEET 1 OF THE FOLLOWING SPECIFICATIONS WILL BE INCLUDED IN GROUP BELOW

      GRAPH NAME  = *     SYMBOL  = *     TREE SYMBOL  = M     RESIDUE TYPE  = *   

      GRAPH NAME  = *     SYMBOL  = *     TREE SYMBOL  = S     RESIDUE TYPE  = *   

      GRAPH NAME  = *     SYMBOL  = *     TREE SYMBOL  = B     RESIDUE TYPE  = *   

      GRAPH NAME  = *     SYMBOL  = *     TREE SYMBOL  = 3     RESIDUE TYPE  = *   

      GRAPH NAME  = *     SYMBOL  = O     TREE SYMBOL  = *     RESIDUE TYPE  = *   

      GRAPH NAME  = *     SYMBOL  = O2    TREE SYMBOL  = *     RESIDUE TYPE  = *   

      GRAPH NAME  = *     SYMBOL  = CB    TREE SYMBOL  = *     RESIDUE TYPE  = *   

 GRP    1 RES    1 TO     3
      Number of atoms in this group  =    10
    ----- END OF GROUP READ -----

--------------------------------------------------------------------------------
   3.  ATOMIC COORDINATES AND VELOCITIES
--------------------------------------------------------------------------------

ACE                                                                             
 begin time read from input coords =     0.000 ps

 Number of triangulated 3-point waters found:        0

--------------------------------------------------------------------------------
   4.  RESULTS
--------------------------------------------------------------------------------



   NSTEP       ENERGY          RMS            GMAX         NAME    NUMBER
      1      -3.1082E+01     4.8206E+00     1.9052E+01     N           7

 BOND    =        0.0203  ANGLE   =        0.0722  DIHED      =       10.8805
 VDWAALS =       -0.1530  EEL     =      -71.9148  EGB        =      -16.5841
 1-4 VDW =        3.5047  1-4 EEL =       41.6174  RESTRAINT  =        0.0000
 ESURF   =        1.4750


   NSTEP       ENERGY          RMS            GMAX         NAME    NUMBER
     10      -3.2216E+01     1.1630E+00     3.8735E+00     HH31       17

 BOND    =        0.1419  ANGLE   =        0.2313  DIHED      =       10.7958
 VDWAALS =       -0.4002  EEL     =      -71.0932  EGB        =      -16.9070
 1-4 VDW =        2.9607  1-4 EEL =       40.5481  RESTRAINT  =        0.0285
 ESURF   =        1.4784
 EAMBER  =      -32.2440


   NSTEP       ENERGY          RMS            GMAX         NAME    NUMBER
     20      -3.2515E+01     1.9783E+00     7.8207E+00     C          12

 BOND    =        0.2209  ANGLE   =        0.3519  DIHED      =       10.7766
 VDWAALS =       -0.5138  EEL     =      -70.5427  EGB        =      -17.0421
 1-4 VDW =        2.6837  1-4 EEL =       40.0004  RESTRAINT  =        0.0694
 ESURF   =        1.4810
 EAMBER  =      -32.5841


   NSTEP       ENERGY          RMS            GMAX         NAME    NUMBER
     30      -3.2684E+01     6.3471E-01     2.4642E+00     C          12

 BOND    =        0.1811  ANGLE   =        0.5318  DIHED      =       10.7596
 VDWAALS =       -0.5700  EEL     =      -70.2333  EGB        =      -17.1719
 1-4 VDW =        2.5106  1-4 EEL =       39.7297  RESTRAINT  =        0.1010
 ESURF   =        1.4773
 EAMBER  =      -32.7850


   NSTEP       ENERGY          RMS            GMAX         NAME    NUMBER
     40      -3.2739E+01     8.7508E-01     3.5875E+00     C          12

 BOND    =        0.1888  ANGLE   =        0.6333  DIHED      =       10.7527
 VDWAALS =       -0.6027  EEL     =      -70.0350  EGB        =      -17.2404
 1-4 VDW =        2.4103  1-4 EEL =       39.5518  RESTRAINT  =        0.1239
 ESURF   =        1.4782
 EAMBER  =      -32.8631


   NSTEP       ENERGY          RMS            GMAX         NAME    NUMBER
     50      -3.2768E+01     9.7651E-01     3.8246E+00     C          12

 BOND    =        0.1996  ANGLE   =        0.7008  DIHED      =       10.7484
 VDWAALS =       -0.6226  EEL     =      -69.9075  EGB        =      -17.2869
 1-4 VDW =        2.3467  1-4 EEL =       39.4354  RESTRAINT  =        0.1390
 ESURF   =        1.4789
 EAMBER  =      -32.9072


   NSTEP       ENERGY          RMS            GMAX         NAME    NUMBER
     60      -3.2796E+01     3.0626E-01     9.2725E-01     N          14

 BOND    =        0.2219  ANGLE   =        0.6765  DIHED      =       10.7510
 VDWAALS =       -0.6356  EEL     =      -69.8143  EGB        =      -17.2802
 1-4 VDW =        2.3130  1-4 EEL =       39.3436  RESTRAINT  =        0.1488
 ESURF   =        1.4793
 EAMBER  =      -32.9448


   NSTEP       ENERGY          RMS            GMAX         NAME    NUMBER
     70      -3.2807E+01     5.3027E-01     1.7971E+00     N          14

 BOND    =        0.2437  ANGLE   =        0.7017  DIHED      =       10.7491
 VDWAALS =       -0.6446  EEL     =      -69.7530  EGB        =      -17.3049
 1-4 VDW =        2.2821  1-4 EEL =       39.2828  RESTRAINT  =        0.1560
 ESURF   =        1.4796
 EAMBER  =      -32.9633


   NSTEP       ENERGY          RMS            GMAX         NAME    NUMBER
     80      -3.2819E+01     1.4961E-01     4.2706E-01     C          12

 BOND    =        0.2231  ANGLE   =        0.7352  DIHED      =       10.7474
 VDWAALS =       -0.6503  EEL     =      -69.7097  EGB        =      -17.3183
 1-4 VDW =        2.2642  1-4 EEL =       39.2496  RESTRAINT  =        0.1601
 ESURF   =        1.4798
 EAMBER  =      -32.9790


   NSTEP       ENERGY          RMS            GMAX         NAME    NUMBER
     90      -3.2826E+01     1.9033E-01     6.3500E-01     C          12

 BOND    =        0.2224  ANGLE   =        0.7509  DIHED      =       10.7466
 VDWAALS =       -0.6550  EEL     =      -69.6743  EGB        =      -17.3278
 1-4 VDW =        2.2494  1-4 EEL =       39.2178  RESTRAINT  =        0.1637
 ESURF   =        1.4800
 EAMBER  =      -32.9901


   NSTEP       ENERGY          RMS            GMAX         NAME    NUMBER
    100      -3.2832E+01     1.7656E-01     5.9378E-01     C          12

 BOND    =        0.2241  ANGLE   =        0.7600  DIHED      =       10.7461
 VDWAALS =       -0.6585  EEL     =      -69.6481  EGB        =      -17.3344
 1-4 VDW =        2.2386  1-4 EEL =       39.1935  RESTRAINT  =        0.1664
 ESURF   =        1.4801
 EAMBER  =      -32.9986


  Maximum number of minimization cycles reached.


                    FINAL RESULTS



   NSTEP       ENERGY          RMS            GMAX         NAME    NUMBER
    100      -3.2832E+01     1.7656E-01     5.9378E-01     C          12

 BOND    =        0.2241  ANGLE   =        0.7600  DIHED      =       10.7461
 VDWAALS =       -0.6585  EEL     =      -69.6481  EGB        =      -17.3344
 1-4 VDW =        2.2386  1-4 EEL =       39.1935  RESTRAINT  =        0.1664
 ESURF   =        1.4801
 EAMBER  =      -32.9986

--------------------------------------------------------------------------------
   5.  TIMINGS
--------------------------------------------------------------------------------

|    Read coords time           0.00 ( 1.24% of Total)
|    Fast Water setup           0.00 ( 0.01% of Total)
|                Calc gb radii              0.01 (20.59% of Gen B)
|                Calc gb diag               0.01 (36.80% of Gen B)
|                Calc gb off-diag           0.01 (21.98% of Gen B)
|                Surface area energy        0.01 (18.88% of Gen B)
|                Other                      0.00 ( 1.75% of Gen B)
|             Gen Born time              0.03 (99.75% of Nonbo)
|             IPS excludes               0.00 ( 0.25% of Nonbo)
|          Nonbond force              0.03 (83.27% of Force)
|          Bond/Angle/Dihedral        0.00 (14.98% of Force)
|          Other                      0.00 ( 1.74% of Force)
|       Force time                 0.03 (100.0% of Runmd)
|    Runmd Time                 0.03 (36.25% of Total)
|    Other                      0.06 (62.50% of Total)
| Total time                 0.09 (99.83% of ALL  )

| Highest rstack allocated:          0
| Highest istack allocated:          0
|           Job began  at 11:24:26.711  on 03/19/2008
|           Setup done at 11:24:26.723  on 03/19/2008
|           Run   done at 11:24:26.802  on 03/19/2008
|     wallclock() was called    2008 times
