
          -------------------------------------------------------
          Amber 9  SANDER                              2006
          -------------------------------------------------------

| Run on 03/19/2008 at 11:36:15
  [-O]verwriting output

File Assignments:
|  MDIN: backy                                                                 
| MDOUT: GLY.de.out                                                            
|INPCRD: GLY_rec.crd.1                                                         
|  PARM: GLY.prmtop                                                            
|RESTRT: GLY.res                                                               
|  REFC: GLY_rec.crd.1                                                         
| MDVEL: mdvel                                                                 
|  MDEN: mden                                                                  
| MDCRD: mdcrd                                                                 
|MDINFO: mdinfo                                                                
|INPDIP: inpdip                                                                
|RSTDIP: rstdip                                                                

 
 Here is the input file:
 
File generated by mm_pbsa.pl. Using  MM GB MS                                  
 &cntrl                                                                        
  ntf    = 1,       ntb    = 0,       dielc  = 1.0,                            
  idecomp= 2,                                                                  
  igb    = 2,       saltcon= 0.00,                                             
  offset = 0.09,                                                               
  intdiel= 1.0,     extdiel= 80.0,                                             
  gbsa   = 2,       surften= 1.0,                                              
  cut    = 999.0,   nsnb   = 99999,                                            
  scnb   = 2.0,     scee   = 1.2,                                              
                                                                               
  imin   = 1,       maxcyc = 1,       ncyc   = 0,                              
 &end                                                                          
END                                                                            
END                                                                            

--------------------------------------------------------------------------------
   1.  RESOURCE   USE: 
--------------------------------------------------------------------------------

| Flags:                                                                        
| New format PARM file being parsed.
| Version =    1.000 Date = 03/19/08 Time = 11:36:15
 NATOM  =      19 NTYPES =       7 NBONH =      10 MBONA  =       8
 NTHETH =      21 MTHETA =       9 NPHIH =      39 MPHIA  =      13
 NHPARM =       0 NPARM  =       0 NNB   =      81 NRES   =       3
 NBONA  =       8 NTHETA =       9 NPHIA =      13 NUMBND =       8
 NUMANG =      14 NPTRA  =      17 NATYP =       8 NPHB   =       0
 IFBOX  =       0 NMXRS  =       7 IFCAP =       0 NEXTRA =       0
 NCOPY  =       0

 Implicit solvent radii are Bondi radii (bondi)                                                             

|     Memory Use     Allocated
|     Real                1495
|     Hollerith            119
|     Integer            22401
|     Max Pairs              1
|     nblistReal             0
|     nblist Int             0
|       Total               99 kbytes
| Duplicated    0 dihedrals
| Duplicated    0 dihedrals

--------------------------------------------------------------------------------
   2.  CONTROL  DATA  FOR  THE  RUN
--------------------------------------------------------------------------------

                                                                                

General flags:
     imin    =       1, nmropt  =       0

Nature and format of input:
     ntx     =       1, irest   =       0, ntrx    =       1

Nature and format of output:
     ntxo    =       1, ntpr    =      50, ntrx    =       1, ntwr    =     500
     iwrap   =       0, ntwx    =       0, ntwv    =       0, ntwe    =       0
     ioutfm  =       0, ntwprt  =       0, idecomp =       2, rbornstat=      0

Potential function:
     ntf     =       1, ntb     =       0, igb     =       2, nsnb    =   99999
     ipol    =       0, gbsa    =       2, iesp    =       0
     dielc   =   1.00000, cut     = 999.00000, intdiel =   1.00000
     saltcon =   0.00000, offset  =   0.09000, gbalpha=    0.80000
     gbbeta  =   0.00000, gbgamma =   2.90912, surften =   1.00000
     rdt     =   0.00000, rgbmax  =  25.00000
     alpb  =        0
     scnb    =   2.00000, scee    =   1.20000

Frozen or restrained atoms:
     ibelly  =       0, ntr     =       0

Energy minimization:
     maxcyc  =       1, ncyc    =       0, ntmin   =       1
     dx0     =   0.01000, drms    =   0.00010

    LOADING THE DECOMP ATOMS AS GROUPS

    ----- END OF GROUP READ -----
 Atom            1  (           1 ) :            1           1
 Atom            2  (           1 ) :            1           1
 Atom            3  (           1 ) :            1           1
 Atom            4  (           1 ) :            1           1
 Atom            5  (           1 ) :            4           1
 Atom            6  (           1 ) :            4           1
 Atom            7  (           2 ) :            5           1
 Atom            8  (           2 ) :            5           1
 Atom            9  (           2 ) :            5           1
 Atom           10  (           2 ) :            2           1
 Atom           11  (           2 ) :            2           1
 Atom           12  (           2 ) :            5           1
 Atom           13  (           2 ) :            5           1
 Atom           14  (           3 ) :            6           1
 Atom           15  (           3 ) :            6           1
 Atom           16  (           3 ) :            3           1
 Atom           17  (           3 ) :            3           1
 Atom           18  (           3 ) :            3           1
 Atom           19  (           3 ) :            3           1
|  INFO: Old style inpcrd file read


--------------------------------------------------------------------------------
   3.  ATOMIC COORDINATES AND VELOCITIES
--------------------------------------------------------------------------------

                                                                                
 begin time read from input coords =     0.000 ps

 Number of triangulated 3-point waters found:        0

--------------------------------------------------------------------------------
   4.  RESULTS
--------------------------------------------------------------------------------



   NSTEP       ENERGY          RMS            GMAX         NAME    NUMBER
      1       2.9895E+02     4.3574E-01     1.5875E+00     C           5

 BOND    =        0.2227  ANGLE   =        0.7650  DIHED      =       10.7463
 VDWAALS =       -0.6592  EEL     =      -69.6556  EGB        =      -17.3391
 1-4 VDW =        2.2359  1-4 EEL =       39.2034  RESTRAINT  =        0.0000
 ESURF   =      333.4314


  Maximum number of minimization cycles reached.


                    FINAL RESULTS



   NSTEP       ENERGY          RMS            GMAX         NAME    NUMBER
      1       2.9895E+02     4.3574E-01     1.5875E+00     C           5

 BOND    =        0.2227  ANGLE   =        0.7650  DIHED      =       10.7463
 VDWAALS =       -0.6592  EEL     =      -69.6556  EGB        =      -17.3391
 1-4 VDW =        2.2359  1-4 EEL =       39.2034  RESTRAINT  =        0.0000
 ESURF   =      333.4314


                    CHECK DECOMP - TOTAL ENERGIES (w/ REST)

 INTERNAL=       11.7339
 VDWAALS =        1.5767  EEL     =      -30.4521
 EGB     =      -17.3391  ESURF   =      333.4314


                    CHECK DECOMP - SELF ENERGIES (w/o REST)

 INTERNAL=        2.9135
 VDWAALS =        0.8968  EEL     =        6.6525
 EGB     =      -18.4162  ESURF   =      904.1381


                    CHECK DECOMP - INDIRECT ENERGIES (w/o REST)

 INTERNAL=        8.8205
 VDWAALS =        0.6799  EEL     =      -37.1047
 EGB     =        1.0771  ESURF   =     -570.7068


                    CHECK DECOMP - DIRECT ENERGIES (w/o REST)

 INTERNAL=        0.0000
 VDWAALS =        0.0000  EEL     =        0.0000
 EGB     =        0.0000  ESURF   =        0.0000


                    CHECK DECOMP - REST ENERGIES

 INTERNAL=        0.0000
 VDWAALS =        0.0000  EEL     =        0.0000
 EGB     =        0.0000  ESURF   =        0.0000




                    PRINT DECOMP - TOTAL ENERGIES

    resid |internal |vdw      |eel      |pol      |sas
============================================================
TDC      1     3.753     0.148   -22.185    -7.965   130.787
TDC      2     6.871     1.168    -5.274    -7.140    92.533
TDC      3     1.110     0.260    -2.994    -2.234   110.112


                    PRINT DECOMP - SIDECHAIN ENERGIES

    resid |internal |vdw      |eel      |pol      |sas
============================================================
SDC      1     1.204    -0.002    -9.549    -0.403    84.949
SDC      2     1.565    -0.041    -2.548    -0.679    38.382
SDC      3     0.126     0.326     3.950    -0.583    85.674


                    PRINT DECOMP - BACKBONE ENERGIES

    resid |internal |vdw      |eel      |pol      |sas
============================================================
BDC      1     2.549     0.150   -12.636    -7.561    45.838
BDC      2     5.306     1.210    -2.725    -6.462    54.151
BDC      3     0.984    -0.065    -6.943    -1.651    24.437



--------------------------------------------------------------------------------
   5.  TIMINGS
--------------------------------------------------------------------------------

|    Read coords time           0.00 ( 3.00% of Total)
|    Fast Water setup           0.00 ( 0.02% of Total)
|                Calc gb radii              0.00 ( 0.41% of Gen B)
|                Calc gb diag               0.02 (99.14% of Gen B)
|                Calc gb off-diag           0.00 ( 0.42% of Gen B)
|                Other                      0.00 ( 0.03% of Gen B)
|             Gen Born time              0.02 (100.0% of Nonbo)
|          Nonbond force              0.02 (99.20% of Force)
|          Bond/Angle/Dihedral        0.00 ( 0.71% of Force)
|          Other                      0.00 ( 0.09% of Force)
|       Force time                 0.02 (100.0% of Runmd)
|    Runmd Time                 0.02 (51.23% of Total)
|    Other                      0.02 (45.74% of Total)
| Total time                 0.04 (99.64% of ALL  )

| Highest rstack allocated:          0
| Highest istack allocated:          0
|           Job began  at 11:36:15.271  on 03/19/2008
|           Setup done at 11:36:15.281  on 03/19/2008
|           Run   done at 11:36:15.314  on 03/19/2008
|     wallclock() was called      26 times
