
          -------------------------------------------------------
          Amber 9  SANDER                              2006
          -------------------------------------------------------

| Run on 03/19/2008 at 11:36:23
  [-O]verwriting output

File Assignments:
|  MDIN: backy                                                                 
| MDOUT: TRP.de.out                                                            
|INPCRD: TRP_rec.crd.1                                                         
|  PARM: TRP.prmtop                                                            
|RESTRT: TRP.res                                                               
|  REFC: TRP_rec.crd.1                                                         
| MDVEL: mdvel                                                                 
|  MDEN: mden                                                                  
| MDCRD: mdcrd                                                                 
|MDINFO: mdinfo                                                                
|INPDIP: inpdip                                                                
|RSTDIP: rstdip                                                                

 
 Here is the input file:
 
File generated by mm_pbsa.pl. Using  MM GB MS                                  
 &cntrl                                                                        
  ntf    = 1,       ntb    = 0,       dielc  = 1.0,                            
  idecomp= 2,                                                                  
  igb    = 2,       saltcon= 0.00,                                             
  offset = 0.09,                                                               
  intdiel= 1.0,     extdiel= 80.0,                                             
  gbsa   = 2,       surften= 1.0,                                              
  cut    = 999.0,   nsnb   = 99999,                                            
  scnb   = 2.0,     scee   = 1.2,                                              
                                                                               
  imin   = 1,       maxcyc = 1,       ncyc   = 0,                              
 &end                                                                          
END                                                                            
END                                                                            

--------------------------------------------------------------------------------
   1.  RESOURCE   USE: 
--------------------------------------------------------------------------------

| Flags:                                                                        
| New format PARM file being parsed.
| Version =    1.000 Date = 03/19/08 Time = 11:36:22
 NATOM  =      36 NTYPES =       9 NBONH =      17 MBONA  =      20
 NTHETH =      36 MTHETA =      27 NPHIH =      70 MPHIA  =      47
 NHPARM =       0 NPARM  =       0 NNB   =     181 NRES   =       3
 NBONA  =      20 NTHETA =      27 NPHIA =      47 NUMBND =      20
 NUMANG =      39 NPTRA  =      29 NATYP =      15 NPHB   =       0
 IFBOX  =       0 NMXRS  =      24 IFCAP =       0 NEXTRA =       0
 NCOPY  =       0

 Implicit solvent radii are Bondi radii (bondi)                                                             

|     Memory Use     Allocated
|     Real                2708
|     Hollerith            221
|     Integer            24715
|     Max Pairs              1
|     nblistReal             0
|     nblist Int             0
|       Total              118 kbytes
| Duplicated    0 dihedrals
| Duplicated    0 dihedrals

--------------------------------------------------------------------------------
   2.  CONTROL  DATA  FOR  THE  RUN
--------------------------------------------------------------------------------

                                                                                

General flags:
     imin    =       1, nmropt  =       0

Nature and format of input:
     ntx     =       1, irest   =       0, ntrx    =       1

Nature and format of output:
     ntxo    =       1, ntpr    =      50, ntrx    =       1, ntwr    =     500
     iwrap   =       0, ntwx    =       0, ntwv    =       0, ntwe    =       0
     ioutfm  =       0, ntwprt  =       0, idecomp =       2, rbornstat=      0

Potential function:
     ntf     =       1, ntb     =       0, igb     =       2, nsnb    =   99999
     ipol    =       0, gbsa    =       2, iesp    =       0
     dielc   =   1.00000, cut     = 999.00000, intdiel =   1.00000
     saltcon =   0.00000, offset  =   0.09000, gbalpha=    0.80000
     gbbeta  =   0.00000, gbgamma =   2.90912, surften =   1.00000
     rdt     =   0.00000, rgbmax  =  25.00000
     alpb  =        0
     scnb    =   2.00000, scee    =   1.20000

Frozen or restrained atoms:
     ibelly  =       0, ntr     =       0

Energy minimization:
     maxcyc  =       1, ncyc    =       0, ntmin   =       1
     dx0     =   0.01000, drms    =   0.00010

    LOADING THE DECOMP ATOMS AS GROUPS

    ----- END OF GROUP READ -----
 Atom            1  (           1 ) :            1           1
 Atom            2  (           1 ) :            1           1
 Atom            3  (           1 ) :            1           1
 Atom            4  (           1 ) :            1           1
 Atom            5  (           1 ) :            4           1
 Atom            6  (           1 ) :            4           1
 Atom            7  (           2 ) :            5           1
 Atom            8  (           2 ) :            5           1
 Atom            9  (           2 ) :            5           1
 Atom           10  (           2 ) :            5           1
 Atom           11  (           2 ) :            2           1
 Atom           12  (           2 ) :            2           1
 Atom           13  (           2 ) :            2           1
 Atom           14  (           2 ) :            2           1
 Atom           15  (           2 ) :            2           1
 Atom           16  (           2 ) :            2           1
 Atom           17  (           2 ) :            2           1
 Atom           18  (           2 ) :            2           1
 Atom           19  (           2 ) :            2           1
 Atom           20  (           2 ) :            2           1
 Atom           21  (           2 ) :            2           1
 Atom           22  (           2 ) :            2           1
 Atom           23  (           2 ) :            2           1
 Atom           24  (           2 ) :            2           1
 Atom           25  (           2 ) :            2           1
 Atom           26  (           2 ) :            2           1
 Atom           27  (           2 ) :            2           1
 Atom           28  (           2 ) :            2           1
 Atom           29  (           2 ) :            5           1
 Atom           30  (           2 ) :            5           1
 Atom           31  (           3 ) :            6           1
 Atom           32  (           3 ) :            6           1
 Atom           33  (           3 ) :            3           1
 Atom           34  (           3 ) :            3           1
 Atom           35  (           3 ) :            3           1
 Atom           36  (           3 ) :            3           1
|  INFO: Old style inpcrd file read


--------------------------------------------------------------------------------
   3.  ATOMIC COORDINATES AND VELOCITIES
--------------------------------------------------------------------------------

                                                                                
 begin time read from input coords =     0.000 ps

 Number of triangulated 3-point waters found:        0

--------------------------------------------------------------------------------
   4.  RESULTS
--------------------------------------------------------------------------------



   NSTEP       ENERGY          RMS            GMAX         NAME    NUMBER
      1       4.6669E+02     2.4365E+00     8.3606E+00     N          31

 BOND    =        1.1130  ANGLE   =        4.7937  DIHED      =       12.0148
 VDWAALS =        4.2809  EEL     =      -74.0308  EGB        =      -19.3371
 1-4 VDW =        5.7775  1-4 EEL =       53.7152  RESTRAINT  =        0.0000
 ESURF   =      478.3650


  Maximum number of minimization cycles reached.


                    FINAL RESULTS



   NSTEP       ENERGY          RMS            GMAX         NAME    NUMBER
      1       4.6669E+02     2.4365E+00     8.3606E+00     N          31

 BOND    =        1.1130  ANGLE   =        4.7937  DIHED      =       12.0148
 VDWAALS =        4.2809  EEL     =      -74.0308  EGB        =      -19.3371
 1-4 VDW =        5.7775  1-4 EEL =       53.7152  RESTRAINT  =        0.0000
 ESURF   =      478.3650


                    CHECK DECOMP - TOTAL ENERGIES (w/ REST)

 INTERNAL=       17.9216
 VDWAALS =       10.0584  EEL     =      -20.3156
 EGB     =      -19.3371  ESURF   =      478.3650


                    CHECK DECOMP - SELF ENERGIES (w/o REST)

 INTERNAL=       10.0670
 VDWAALS =        3.6992  EEL     =       18.6156
 EGB     =      -21.1769  ESURF   =     1326.1280


                    CHECK DECOMP - INDIRECT ENERGIES (w/o REST)

 INTERNAL=        7.8546
 VDWAALS =        6.3592  EEL     =      -38.9312
 EGB     =        1.8398  ESURF   =     -847.7630


                    CHECK DECOMP - DIRECT ENERGIES (w/o REST)

 INTERNAL=        0.0000
 VDWAALS =        0.0000  EEL     =        0.0000
 EGB     =        0.0000  ESURF   =        0.0000


                    CHECK DECOMP - REST ENERGIES

 INTERNAL=        0.0000
 VDWAALS =        0.0000  EEL     =        0.0000
 EGB     =        0.0000  ESURF   =        0.0000




                    PRINT DECOMP - TOTAL ENERGIES

    resid |internal |vdw      |eel      |pol      |sas
============================================================
TDC      1     3.153     0.495   -24.330    -7.400   123.174
TDC      2    12.327     6.778     5.719   -11.110   286.549
TDC      3     2.441     2.785    -1.705    -0.827    68.642


                    PRINT DECOMP - SIDECHAIN ENERGIES

    resid |internal |vdw      |eel      |pol      |sas
============================================================
SDC      1     1.221    -0.066   -10.020    -0.367    84.739
SDC      2     5.779     5.693     6.440    -5.763   231.960
SDC      3     0.675    -0.434     3.683    -0.211    65.262


                    PRINT DECOMP - BACKBONE ENERGIES

    resid |internal |vdw      |eel      |pol      |sas
============================================================
BDC      1     1.932     0.560   -14.309    -7.032    38.435
BDC      2     6.548     1.086    -0.721    -5.347    54.589
BDC      3     1.766     3.220    -5.388    -0.616     3.379



--------------------------------------------------------------------------------
   5.  TIMINGS
--------------------------------------------------------------------------------

|    Read coords time           0.00 ( 1.80% of Total)
|    Fast Water setup           0.00 ( 0.01% of Total)
|                Calc gb radii              0.00 ( 0.41% of Gen B)
|                Calc gb diag               0.05 (99.12% of Gen B)
|                Calc gb off-diag           0.00 ( 0.46% of Gen B)
|                Other                      0.00 ( 0.01% of Gen B)
|             Gen Born time              0.05 (100.0% of Nonbo)
|          Nonbond force              0.05 (99.57% of Force)
|          Bond/Angle/Dihedral        0.00 ( 0.40% of Force)
|          Other                      0.00 ( 0.03% of Force)
|       Force time                 0.05 (100.0% of Runmd)
|    Runmd Time                 0.05 (69.79% of Total)
|    Other                      0.02 (28.39% of Total)
| Total time                 0.07 (99.78% of ALL  )

| Highest rstack allocated:          0
| Highest istack allocated:          0
|           Job began  at 11:36:23.135  on 03/19/2008
|           Setup done at 11:36:23.146  on 03/19/2008
|           Run   done at 11:36:23.210  on 03/19/2008
|     wallclock() was called      26 times
