
          -------------------------------------------------------
          Amber 9  SANDER                              2006
          -------------------------------------------------------

| Run on 03/19/2008 at 11:36:17
  [-O]verwriting output

File Assignments:
|  MDIN: backy                                                                 
| MDOUT: LEU.de.out                                                            
|INPCRD: LEU_rec.crd.1                                                         
|  PARM: LEU.prmtop                                                            
|RESTRT: LEU.res                                                               
|  REFC: LEU_rec.crd.1                                                         
| MDVEL: mdvel                                                                 
|  MDEN: mden                                                                  
| MDCRD: mdcrd                                                                 
|MDINFO: mdinfo                                                                
|INPDIP: inpdip                                                                
|RSTDIP: rstdip                                                                

 
 Here is the input file:
 
File generated by mm_pbsa.pl. Using  MM GB MS                                  
 &cntrl                                                                        
  ntf    = 1,       ntb    = 0,       dielc  = 1.0,                            
  idecomp= 2,                                                                  
  igb    = 2,       saltcon= 0.00,                                             
  offset = 0.09,                                                               
  intdiel= 1.0,     extdiel= 80.0,                                             
  gbsa   = 2,       surften= 1.0,                                              
  cut    = 999.0,   nsnb   = 99999,                                            
  scnb   = 2.0,     scee   = 1.2,                                              
                                                                               
  imin   = 1,       maxcyc = 1,       ncyc   = 0,                              
 &end                                                                          
END                                                                            
END                                                                            

--------------------------------------------------------------------------------
   1.  RESOURCE   USE: 
--------------------------------------------------------------------------------

| Flags:                                                                        
| New format PARM file being parsed.
| Version =    1.000 Date = 03/19/08 Time = 11:36:17
 NATOM  =      31 NTYPES =       7 NBONH =      18 MBONA  =      12
 NTHETH =      39 MTHETA =      15 NPHIH =      65 MPHIA  =      30
 NHPARM =       0 NPARM  =       0 NNB   =     154 NRES   =       3
 NBONA  =      12 NTHETA =      15 NPHIA =      30 NUMBND =       8
 NUMANG =      17 NPTRA  =      26 NATYP =       7 NPHB   =       0
 IFBOX  =       0 NMXRS  =      19 IFCAP =       0 NEXTRA =       0
 NCOPY  =       0

 Implicit solvent radii are Bondi radii (bondi)                                                             

|     Memory Use     Allocated
|     Real                2323
|     Hollerith            191
|     Integer            23998
|     Max Pairs              1
|     nblistReal             0
|     nblist Int             0
|       Total              112 kbytes
| Duplicated    0 dihedrals
| Duplicated    0 dihedrals

--------------------------------------------------------------------------------
   2.  CONTROL  DATA  FOR  THE  RUN
--------------------------------------------------------------------------------

                                                                                

General flags:
     imin    =       1, nmropt  =       0

Nature and format of input:
     ntx     =       1, irest   =       0, ntrx    =       1

Nature and format of output:
     ntxo    =       1, ntpr    =      50, ntrx    =       1, ntwr    =     500
     iwrap   =       0, ntwx    =       0, ntwv    =       0, ntwe    =       0
     ioutfm  =       0, ntwprt  =       0, idecomp =       2, rbornstat=      0

Potential function:
     ntf     =       1, ntb     =       0, igb     =       2, nsnb    =   99999
     ipol    =       0, gbsa    =       2, iesp    =       0
     dielc   =   1.00000, cut     = 999.00000, intdiel =   1.00000
     saltcon =   0.00000, offset  =   0.09000, gbalpha=    0.80000
     gbbeta  =   0.00000, gbgamma =   2.90912, surften =   1.00000
     rdt     =   0.00000, rgbmax  =  25.00000
     alpb  =        0
     scnb    =   2.00000, scee    =   1.20000

Frozen or restrained atoms:
     ibelly  =       0, ntr     =       0

Energy minimization:
     maxcyc  =       1, ncyc    =       0, ntmin   =       1
     dx0     =   0.01000, drms    =   0.00010

    LOADING THE DECOMP ATOMS AS GROUPS

    ----- END OF GROUP READ -----
 Atom            1  (           1 ) :            1           1
 Atom            2  (           1 ) :            1           1
 Atom            3  (           1 ) :            1           1
 Atom            4  (           1 ) :            1           1
 Atom            5  (           1 ) :            4           1
 Atom            6  (           1 ) :            4           1
 Atom            7  (           2 ) :            5           1
 Atom            8  (           2 ) :            5           1
 Atom            9  (           2 ) :            5           1
 Atom           10  (           2 ) :            5           1
 Atom           11  (           2 ) :            2           1
 Atom           12  (           2 ) :            2           1
 Atom           13  (           2 ) :            2           1
 Atom           14  (           2 ) :            2           1
 Atom           15  (           2 ) :            2           1
 Atom           16  (           2 ) :            2           1
 Atom           17  (           2 ) :            2           1
 Atom           18  (           2 ) :            2           1
 Atom           19  (           2 ) :            2           1
 Atom           20  (           2 ) :            2           1
 Atom           21  (           2 ) :            2           1
 Atom           22  (           2 ) :            2           1
 Atom           23  (           2 ) :            2           1
 Atom           24  (           2 ) :            5           1
 Atom           25  (           2 ) :            5           1
 Atom           26  (           3 ) :            6           1
 Atom           27  (           3 ) :            6           1
 Atom           28  (           3 ) :            3           1
 Atom           29  (           3 ) :            3           1
 Atom           30  (           3 ) :            3           1
 Atom           31  (           3 ) :            3           1
|  INFO: Old style inpcrd file read


--------------------------------------------------------------------------------
   3.  ATOMIC COORDINATES AND VELOCITIES
--------------------------------------------------------------------------------

                                                                                
 begin time read from input coords =     0.000 ps

 Number of triangulated 3-point waters found:        0

--------------------------------------------------------------------------------
   4.  RESULTS
--------------------------------------------------------------------------------



   NSTEP       ENERGY          RMS            GMAX         NAME    NUMBER
      1       3.9140E+02     1.7564E+00     8.5232E+00     C          24

 BOND    =        0.9254  ANGLE   =        2.9068  DIHED      =        9.1993
 VDWAALS =        1.1995  EEL     =      -77.7893  EGB        =      -16.9195
 1-4 VDW =        4.1512  1-4 EEL =       45.6913  RESTRAINT  =        0.0000
 ESURF   =      422.0355


  Maximum number of minimization cycles reached.


                    FINAL RESULTS



   NSTEP       ENERGY          RMS            GMAX         NAME    NUMBER
      1       3.9140E+02     1.7564E+00     8.5232E+00     C          24

 BOND    =        0.9254  ANGLE   =        2.9068  DIHED      =        9.1993
 VDWAALS =        1.1995  EEL     =      -77.7893  EGB        =      -16.9195
 1-4 VDW =        4.1512  1-4 EEL =       45.6913  RESTRAINT  =        0.0000
 ESURF   =      422.0355


                    CHECK DECOMP - TOTAL ENERGIES (w/ REST)

 INTERNAL=       13.0315
 VDWAALS =        5.3507  EEL     =      -32.0980
 EGB     =      -16.9195  ESURF   =      422.0355


                    CHECK DECOMP - SELF ENERGIES (w/o REST)

 INTERNAL=        6.4381
 VDWAALS =        2.6158  EEL     =        7.0822
 EGB     =      -17.2267  ESURF   =     1165.4404


                    CHECK DECOMP - INDIRECT ENERGIES (w/o REST)

 INTERNAL=        6.5934
 VDWAALS =        2.7349  EEL     =      -39.1803
 EGB     =        0.3072  ESURF   =     -743.4049


                    CHECK DECOMP - DIRECT ENERGIES (w/o REST)

 INTERNAL=        0.0000
 VDWAALS =        0.0000  EEL     =        0.0000
 EGB     =        0.0000  ESURF   =        0.0000


                    CHECK DECOMP - REST ENERGIES

 INTERNAL=        0.0000
 VDWAALS =        0.0000  EEL     =        0.0000
 EGB     =        0.0000  ESURF   =        0.0000




                    PRINT DECOMP - TOTAL ENERGIES

    resid |internal |vdw      |eel      |pol      |sas
============================================================
TDC      1     3.106     0.316   -22.319    -7.415   122.031
TDC      2     8.387     3.877    -5.871    -7.699   211.129
TDC      3     1.539     1.158    -3.908    -1.806    88.876


                    PRINT DECOMP - SIDECHAIN ENERGIES

    resid |internal |vdw      |eel      |pol      |sas
============================================================
SDC      1     1.210    -0.076    -9.331    -0.389    85.459
SDC      2     2.968     2.602    -1.207    -0.144   153.610
SDC      3     0.328    -0.041     3.877    -0.505    82.368


                    PRINT DECOMP - BACKBONE ENERGIES

    resid |internal |vdw      |eel      |pol      |sas
============================================================
BDC      1     1.896     0.392   -12.988    -7.026    36.572
BDC      2     5.419     1.275    -4.664    -7.555    57.518
BDC      3     1.212     1.199    -7.784    -1.301     6.508



--------------------------------------------------------------------------------
   5.  TIMINGS
--------------------------------------------------------------------------------

|    Read coords time           0.00 ( 2.00% of Total)
|    Fast Water setup           0.00 ( 0.01% of Total)
|                Calc gb radii              0.00 ( 0.43% of Gen B)
|                Calc gb diag               0.04 (99.14% of Gen B)
|                Calc gb off-diag           0.00 ( 0.42% of Gen B)
|                Other                      0.00 ( 0.01% of Gen B)
|             Gen Born time              0.04 (100.0% of Nonbo)
|          Nonbond force              0.04 (99.55% of Force)
|          Bond/Angle/Dihedral        0.00 ( 0.41% of Force)
|          Other                      0.00 ( 0.04% of Force)
|       Force time                 0.04 (100.0% of Runmd)
|    Runmd Time                 0.04 (67.40% of Total)
|    Other                      0.02 (30.59% of Total)
| Total time                 0.06 (99.82% of ALL  )

| Highest rstack allocated:          0
| Highest istack allocated:          0
|           Job began  at 11:36:17.752  on 03/19/2008
|           Setup done at 11:36:17.761  on 03/19/2008
|           Run   done at 11:36:17.816  on 03/19/2008
|     wallclock() was called      26 times
