
          -------------------------------------------------------
          Amber 9  SANDER                              2006
          -------------------------------------------------------

| Run on 03/19/2008 at 11:24:31
  [-O]verwriting output

File Assignments:
|  MDIN: sander.in_backy                                                       
| MDOUT: LEU.out                                                               
|INPCRD: LEU.crd                                                               
|  PARM: LEU.top                                                               
|RESTRT: LEU.res                                                               
|  REFC: LEU.crd                                                               
| MDVEL: mdvel                                                                 
|  MDEN: mden                                                                  
| MDCRD: mdcrd                                                                 
|MDINFO: mdinfo                                                                
|INPDIP: inpdip                                                                
|RSTDIP: rstdip                                                                

 
 Here is the input file:
 
  minimize structure                                                           
 &cntrl                                                                        
   imin=1, maxcyc=100                                                          
   cut=999.0, igb=2, saltcon=0.1, gbsa=1,                                      
   ntpr=10, ntx=1, ntb=0, ncyc   = 500,                                        
   ntr=1,                                                                      
 &end                                                                          
GROUP TITLE                                                                    
10.0                                                                           
FIND                                                                           
* * M *                                                                        
* * S *                                                                        
* * B *                                                                        
* * 3 *                                                                        
* O * *                                                                        
* O2 * *                                                                       
* CB * *                                                                       
SEARCH                                                                         
RES 1 999                                                                      
END                                                                            
END                                                                            

--------------------------------------------------------------------------------
   1.  RESOURCE   USE: 
--------------------------------------------------------------------------------

| Flags:                                                                        
| New format PARM file being parsed.
| Version =    1.000 Date = 03/19/08 Time = 11:24:31
 NATOM  =      31 NTYPES =       7 NBONH =      18 MBONA  =      12
 NTHETH =      39 MTHETA =      15 NPHIH =      65 MPHIA  =      30
 NHPARM =       0 NPARM  =       0 NNB   =     154 NRES   =       3
 NBONA  =      12 NTHETA =      15 NPHIA =      30 NUMBND =       8
 NUMANG =      17 NPTRA  =      26 NATYP =       7 NPHB   =       0
 IFBOX  =       0 NMXRS  =      19 IFCAP =       0 NEXTRA =       0
 NCOPY  =       0

 Implicit solvent radii are Bondi radii (bondi)                                                             

|     Memory Use     Allocated
|     Real                2457
|     Hollerith            191
|     Integer            22758
|     Max Pairs              1
|     nblistReal             0
|     nblist Int             0
|       Total              108 kbytes
| Duplicated    0 dihedrals
| Duplicated    0 dihedrals

--------------------------------------------------------------------------------
   2.  CONTROL  DATA  FOR  THE  RUN
--------------------------------------------------------------------------------

ACE                                                                             

General flags:
     imin    =       1, nmropt  =       0

Nature and format of input:
     ntx     =       1, irest   =       0, ntrx    =       1

Nature and format of output:
     ntxo    =       1, ntpr    =      10, ntrx    =       1, ntwr    =     500
     iwrap   =       0, ntwx    =       0, ntwv    =       0, ntwe    =       0
     ioutfm  =       0, ntwprt  =       0, idecomp =       0, rbornstat=      0

Potential function:
     ntf     =       1, ntb     =       0, igb     =       2, nsnb    =      25
     ipol    =       0, gbsa    =       1, iesp    =       0
     dielc   =   1.00000, cut     = 999.00000, intdiel =   1.00000
     saltcon =   0.10000, offset  =   0.09000, gbalpha=    0.80000
     gbbeta  =   0.00000, gbgamma =   2.90912, surften =   0.00500
     rdt     =   0.00000, rgbmax  =  25.00000
     alpb  =        0
     scnb    =   2.00000, scee    =   1.20000

Frozen or restrained atoms:
     ibelly  =       0, ntr     =       1

Energy minimization:
     maxcyc  =     100, ncyc    =     500, ntmin   =       1
     dx0     =   0.01000, drms    =   0.00010

    LOADING THE CONSTRAINED ATOMS AS GROUPS


   5.  REFERENCE ATOM COORDINATES

  ACE 
|  INFO: Old style inpcrd file read

    ----- READING GROUP     1; TITLE:
 GROUP TITLE                                                                 

     GROUP    1 HAS HARMONIC CONSTRAINTS    10.00000
      ALL ATOMS THAT MEET 1 OF THE FOLLOWING SPECIFICATIONS WILL BE INCLUDED IN GROUP BELOW

      GRAPH NAME  = *     SYMBOL  = *     TREE SYMBOL  = M     RESIDUE TYPE  = *   

      GRAPH NAME  = *     SYMBOL  = *     TREE SYMBOL  = S     RESIDUE TYPE  = *   

      GRAPH NAME  = *     SYMBOL  = *     TREE SYMBOL  = B     RESIDUE TYPE  = *   

      GRAPH NAME  = *     SYMBOL  = *     TREE SYMBOL  = 3     RESIDUE TYPE  = *   

      GRAPH NAME  = *     SYMBOL  = O     TREE SYMBOL  = *     RESIDUE TYPE  = *   

      GRAPH NAME  = *     SYMBOL  = O2    TREE SYMBOL  = *     RESIDUE TYPE  = *   

      GRAPH NAME  = *     SYMBOL  = CB    TREE SYMBOL  = *     RESIDUE TYPE  = *   

 GRP    1 RES    1 TO     3
      Number of atoms in this group  =    14
    ----- END OF GROUP READ -----

--------------------------------------------------------------------------------
   3.  ATOMIC COORDINATES AND VELOCITIES
--------------------------------------------------------------------------------

ACE                                                                             
 begin time read from input coords =     0.000 ps

 Number of triangulated 3-point waters found:        0

--------------------------------------------------------------------------------
   4.  RESULTS
--------------------------------------------------------------------------------



   NSTEP       ENERGY          RMS            GMAX         NAME    NUMBER
      1       8.4506E+01     9.8015E+01     4.7028E+02     HG         15

 BOND    =        0.0215  ANGLE   =        0.3623  DIHED      =        8.3676
 VDWAALS =      112.0411  EEL     =      -80.5052  EGB        =      -14.9955
 1-4 VDW =        8.2900  1-4 EEL =       49.1275  RESTRAINT  =        0.0000
 ESURF   =        1.7967


   NSTEP       ENERGY          RMS            GMAX         NAME    NUMBER
     10       2.4416E+01     3.3512E+01     1.7119E+02     HG         15

 BOND    =        1.4696  ANGLE   =        1.1542  DIHED      =        8.5333
 VDWAALS =       50.0817  EEL     =      -80.3274  EGB        =      -15.1917
 1-4 VDW =        7.9182  1-4 EEL =       48.9286  RESTRAINT  =        0.0511
 ESURF   =        1.7983
 EAMBER  =       24.3649


   NSTEP       ENERGY          RMS            GMAX         NAME    NUMBER
     20      -1.8492E+01     6.6017E+00     4.0567E+01     C          24

 BOND    =        1.4385  ANGLE   =        4.0923  DIHED      =        9.2129
 VDWAALS =        6.1941  EEL     =      -78.6812  EGB        =      -15.8559
 1-4 VDW =        5.4275  1-4 EEL =       46.7565  RESTRAINT  =        1.1057
 ESURF   =        1.8173
 EAMBER  =      -19.5981


   NSTEP       ENERGY          RMS            GMAX         NAME    NUMBER
     30      -2.1949E+01     3.5284E+00     2.0518E+01     C          24

 BOND    =        0.8704  ANGLE   =        3.9191  DIHED      =        9.1497
 VDWAALS =        4.3612  EEL     =      -78.2043  EGB        =      -16.3833
 1-4 VDW =        4.7470  1-4 EEL =       46.1905  RESTRAINT  =        1.5743
 ESURF   =        1.8269
 EAMBER  =      -23.5228


   NSTEP       ENERGY          RMS            GMAX         NAME    NUMBER
     40      -2.3265E+01     4.6724E+00     2.4360E+01     C          24

 BOND    =        0.9827  ANGLE   =        3.7641  DIHED      =        9.1474
 VDWAALS =        3.2142  EEL     =      -77.8978  EGB        =      -16.5494
 1-4 VDW =        4.4099  1-4 EEL =       45.8748  RESTRAINT  =        1.9562
 ESURF   =        1.8324
 EAMBER  =      -25.2216


   NSTEP       ENERGY          RMS            GMAX         NAME    NUMBER
     50      -2.4373E+01     1.5789E+00     6.8804E+00     C          24

 BOND    =        0.9564  ANGLE   =        3.3120  DIHED      =        9.1392
 VDWAALS =        2.6043  EEL     =      -77.7890  EGB        =      -16.6697
 1-4 VDW =        4.2864  1-4 EEL =       45.7318  RESTRAINT  =        2.2200
 ESURF   =        1.8351
 EAMBER  =      -26.5934


   NSTEP       ENERGY          RMS            GMAX         NAME    NUMBER
     60      -2.4865E+01     2.0375E+00     9.9345E+00     C          24

 BOND    =        1.0232  ANGLE   =        3.1651  DIHED      =        9.1465
 VDWAALS =        2.1583  EEL     =      -77.7397  EGB        =      -16.7565
 1-4 VDW =        4.2066  1-4 EEL =       45.6643  RESTRAINT  =        2.4304
 ESURF   =        1.8373
 EAMBER  =      -27.2951


   NSTEP       ENERGY          RMS            GMAX         NAME    NUMBER
     70      -2.5200E+01     2.1928E+00     1.0967E+01     C          24

 BOND    =        1.0501  ANGLE   =        3.0481  DIHED      =        9.1572
 VDWAALS =        1.8432  EEL     =      -77.7323  EGB        =      -16.8115
 1-4 VDW =        4.1720  1-4 EEL =       45.6430  RESTRAINT  =        2.5919
 ESURF   =        1.8387
 EAMBER  =      -27.7916


   NSTEP       ENERGY          RMS            GMAX         NAME    NUMBER
     80      -2.5453E+01     2.3771E+00     1.2514E+01     C          24

 BOND    =        1.0727  ANGLE   =        2.9306  DIHED      =        9.1698
 VDWAALS =        1.5877  EEL     =      -77.7461  EGB        =      -16.8488
 1-4 VDW =        4.1630  1-4 EEL =       45.6435  RESTRAINT  =        2.7345
 ESURF   =        1.8397
 EAMBER  =      -28.1879


   NSTEP       ENERGY          RMS            GMAX         NAME    NUMBER
     90      -2.5724E+01     6.3866E-01     2.7390E+00     C          24

 BOND    =        0.9303  ANGLE   =        2.9462  DIHED      =        9.1880
 VDWAALS =        1.3659  EEL     =      -77.7594  EGB        =      -16.8899
 1-4 VDW =        4.1448  1-4 EEL =       45.6617  RESTRAINT  =        2.8480
 ESURF   =        1.8405
 EAMBER  =      -28.5718


   NSTEP       ENERGY          RMS            GMAX         NAME    NUMBER
    100      -2.5854E+01     1.1014E+00     5.9375E+00     C          24

 BOND    =        0.9183  ANGLE   =        2.8982  DIHED      =        9.2000
 VDWAALS =        1.2056  EEL     =      -77.7835  EGB        =      -16.9148
 1-4 VDW =        4.1508  1-4 EEL =       45.6822  RESTRAINT  =        2.9479
 ESURF   =        1.8409
 EAMBER  =      -28.8022


  Maximum number of minimization cycles reached.


                    FINAL RESULTS



   NSTEP       ENERGY          RMS            GMAX         NAME    NUMBER
    100      -2.5854E+01     1.1014E+00     5.9375E+00     C          24

 BOND    =        0.9183  ANGLE   =        2.8982  DIHED      =        9.2000
 VDWAALS =        1.2056  EEL     =      -77.7835  EGB        =      -16.9148
 1-4 VDW =        4.1508  1-4 EEL =       45.6822  RESTRAINT  =        2.9479
 ESURF   =        1.8409
 EAMBER  =      -28.8022

--------------------------------------------------------------------------------
   5.  TIMINGS
--------------------------------------------------------------------------------

|    Read coords time           0.00 ( 0.87% of Total)
|    Fast Water setup           0.00 ( 0.01% of Total)
|                Calc gb radii              0.01 (19.12% of Gen B)
|                Calc gb diag               0.02 (35.86% of Gen B)
|                Calc gb off-diag           0.01 (21.54% of Gen B)
|                Surface area energy        0.01 (22.85% of Gen B)
|                Other                      0.00 ( 0.63% of Gen B)
|             Gen Born time              0.06 (100.0% of Nonbo)
|             IPS excludes               0.00 ( 0.09% of Nonbo)
|          Nonbond force              0.06 (88.85% of Force)
|          Bond/Angle/Dihedral        0.01 (10.41% of Force)
|          Other                      0.00 ( 0.74% of Force)
|       Force time                 0.07 (100.0% of Runmd)
|    Runmd Time                 0.07 (55.27% of Total)
|    Other                      0.06 (43.85% of Total)
| Total time                 0.13 (99.88% of ALL  )

| Highest rstack allocated:          0
| Highest istack allocated:          0
|           Job began  at 11:24:31.043  on 03/19/2008
|           Setup done at 11:24:31.055  on 03/19/2008
|           Run   done at 11:24:31.173  on 03/19/2008
|     wallclock() was called    2008 times
