
          -------------------------------------------------------
          Amber 9  SANDER                              2006
          -------------------------------------------------------

| Run on 03/19/2008 at 11:36:18
  [-O]verwriting output

File Assignments:
|  MDIN: backy                                                                 
| MDOUT: MET.de.out                                                            
|INPCRD: MET_rec.crd.1                                                         
|  PARM: MET.prmtop                                                            
|RESTRT: MET.res                                                               
|  REFC: MET_rec.crd.1                                                         
| MDVEL: mdvel                                                                 
|  MDEN: mden                                                                  
| MDCRD: mdcrd                                                                 
|MDINFO: mdinfo                                                                
|INPDIP: inpdip                                                                
|RSTDIP: rstdip                                                                

 
 Here is the input file:
 
File generated by mm_pbsa.pl. Using  MM GB MS                                  
 &cntrl                                                                        
  ntf    = 1,       ntb    = 0,       dielc  = 1.0,                            
  idecomp= 2,                                                                  
  igb    = 2,       saltcon= 0.00,                                             
  offset = 0.09,                                                               
  intdiel= 1.0,     extdiel= 80.0,                                             
  gbsa   = 2,       surften= 1.0,                                              
  cut    = 999.0,   nsnb   = 99999,                                            
  scnb   = 2.0,     scee   = 1.2,                                              
                                                                               
  imin   = 1,       maxcyc = 1,       ncyc   = 0,                              
 &end                                                                          
END                                                                            
END                                                                            

--------------------------------------------------------------------------------
   1.  RESOURCE   USE: 
--------------------------------------------------------------------------------

| Flags:                                                                        
| New format PARM file being parsed.
| Version =    1.000 Date = 03/19/08 Time = 11:36:18
 NATOM  =      29 NTYPES =       8 NBONH =      16 MBONA  =      12
 NTHETH =      35 MTHETA =      14 NPHIH =      53 MPHIA  =      26
 NHPARM =       0 NPARM  =       0 NNB   =     135 NRES   =       3
 NBONA  =      12 NTHETA =      14 NPHIA =      26 NUMBND =       9
 NUMANG =      20 NPTRA  =      22 NATYP =       8 NPHB   =       0
 IFBOX  =       0 NMXRS  =      17 IFCAP =       0 NEXTRA =       0
 NCOPY  =       0

 Implicit solvent radii are Bondi radii (bondi)                                                             

|     Memory Use     Allocated
|     Real                2201
|     Hollerith            179
|     Integer            23685
|     Max Pairs              1
|     nblistReal             0
|     nblist Int             0
|       Total              110 kbytes
| Duplicated    0 dihedrals
| Duplicated    0 dihedrals

--------------------------------------------------------------------------------
   2.  CONTROL  DATA  FOR  THE  RUN
--------------------------------------------------------------------------------

                                                                                

General flags:
     imin    =       1, nmropt  =       0

Nature and format of input:
     ntx     =       1, irest   =       0, ntrx    =       1

Nature and format of output:
     ntxo    =       1, ntpr    =      50, ntrx    =       1, ntwr    =     500
     iwrap   =       0, ntwx    =       0, ntwv    =       0, ntwe    =       0
     ioutfm  =       0, ntwprt  =       0, idecomp =       2, rbornstat=      0

Potential function:
     ntf     =       1, ntb     =       0, igb     =       2, nsnb    =   99999
     ipol    =       0, gbsa    =       2, iesp    =       0
     dielc   =   1.00000, cut     = 999.00000, intdiel =   1.00000
     saltcon =   0.00000, offset  =   0.09000, gbalpha=    0.80000
     gbbeta  =   0.00000, gbgamma =   2.90912, surften =   1.00000
     rdt     =   0.00000, rgbmax  =  25.00000
     alpb  =        0
     scnb    =   2.00000, scee    =   1.20000

Frozen or restrained atoms:
     ibelly  =       0, ntr     =       0

Energy minimization:
     maxcyc  =       1, ncyc    =       0, ntmin   =       1
     dx0     =   0.01000, drms    =   0.00010

    LOADING THE DECOMP ATOMS AS GROUPS

    ----- END OF GROUP READ -----
 Atom            1  (           1 ) :            1           1
 Atom            2  (           1 ) :            1           1
 Atom            3  (           1 ) :            1           1
 Atom            4  (           1 ) :            1           1
 Atom            5  (           1 ) :            4           1
 Atom            6  (           1 ) :            4           1
 Atom            7  (           2 ) :            5           1
 Atom            8  (           2 ) :            5           1
 Atom            9  (           2 ) :            5           1
 Atom           10  (           2 ) :            5           1
 Atom           11  (           2 ) :            2           1
 Atom           12  (           2 ) :            2           1
 Atom           13  (           2 ) :            2           1
 Atom           14  (           2 ) :            2           1
 Atom           15  (           2 ) :            2           1
 Atom           16  (           2 ) :            2           1
 Atom           17  (           2 ) :            2           1
 Atom           18  (           2 ) :            2           1
 Atom           19  (           2 ) :            2           1
 Atom           20  (           2 ) :            2           1
 Atom           21  (           2 ) :            2           1
 Atom           22  (           2 ) :            5           1
 Atom           23  (           2 ) :            5           1
 Atom           24  (           3 ) :            6           1
 Atom           25  (           3 ) :            6           1
 Atom           26  (           3 ) :            3           1
 Atom           27  (           3 ) :            3           1
 Atom           28  (           3 ) :            3           1
 Atom           29  (           3 ) :            3           1
|  INFO: Old style inpcrd file read


--------------------------------------------------------------------------------
   3.  ATOMIC COORDINATES AND VELOCITIES
--------------------------------------------------------------------------------

                                                                                
 begin time read from input coords =     0.000 ps

 Number of triangulated 3-point waters found:        0

--------------------------------------------------------------------------------
   4.  RESULTS
--------------------------------------------------------------------------------



   NSTEP       ENERGY          RMS            GMAX         NAME    NUMBER
      1       3.9035E+02     1.2297E+00     4.8769E+00     N          24

 BOND    =        0.7644  ANGLE   =        2.1816  DIHED      =        8.2654
 VDWAALS =        0.6191  EEL     =      -55.7004  EGB        =      -21.1643
 1-4 VDW =        3.0426  1-4 EEL =       21.2995  RESTRAINT  =        0.0000
 ESURF   =      431.0395


  Maximum number of minimization cycles reached.


                    FINAL RESULTS



   NSTEP       ENERGY          RMS            GMAX         NAME    NUMBER
      1       3.9035E+02     1.2297E+00     4.8769E+00     N          24

 BOND    =        0.7644  ANGLE   =        2.1816  DIHED      =        8.2654
 VDWAALS =        0.6191  EEL     =      -55.7004  EGB        =      -21.1643
 1-4 VDW =        3.0426  1-4 EEL =       21.2995  RESTRAINT  =        0.0000
 ESURF   =      431.0395


                    CHECK DECOMP - TOTAL ENERGIES (w/ REST)

 INTERNAL=       11.2114
 VDWAALS =        3.6618  EEL     =      -34.4009
 EGB     =      -21.1643  ESURF   =      431.0395


                    CHECK DECOMP - SELF ENERGIES (w/o REST)

 INTERNAL=        4.8371
 VDWAALS =        0.9402  EEL     =        6.4348
 EGB     =      -20.9293  ESURF   =     1156.5548


                    CHECK DECOMP - INDIRECT ENERGIES (w/o REST)

 INTERNAL=        6.3743
 VDWAALS =        2.7216  EEL     =      -40.8357
 EGB     =       -0.2351  ESURF   =     -725.5154


                    CHECK DECOMP - DIRECT ENERGIES (w/o REST)

 INTERNAL=        0.0000
 VDWAALS =        0.0000  EEL     =        0.0000
 EGB     =        0.0000  ESURF   =        0.0000


                    CHECK DECOMP - REST ENERGIES

 INTERNAL=        0.0000
 VDWAALS =        0.0000  EEL     =        0.0000
 EGB     =        0.0000  ESURF   =        0.0000




                    PRINT DECOMP - TOTAL ENERGIES

    resid |internal |vdw      |eel      |pol      |sas
============================================================
TDC      1     3.099     0.396   -24.041    -7.611   122.818
TDC      2     6.701     2.200    -7.341   -11.490   217.676
TDC      3     1.411     1.066    -3.019    -2.063    90.545


                    PRINT DECOMP - SIDECHAIN ENERGIES

    resid |internal |vdw      |eel      |pol      |sas
============================================================
SDC      1     1.208    -0.075    -9.682    -0.386    85.138
SDC      2     1.780     1.184    -2.368    -3.287   157.015
SDC      3     0.282     0.020     4.137    -0.724    79.091


                    PRINT DECOMP - BACKBONE ENERGIES

    resid |internal |vdw      |eel      |pol      |sas
============================================================
BDC      1     1.891     0.472   -14.358    -7.225    37.680
BDC      2     4.921     1.016    -4.973    -8.203    60.661
BDC      3     1.129     1.046    -7.156    -1.339    11.454



--------------------------------------------------------------------------------
   5.  TIMINGS
--------------------------------------------------------------------------------

|    Read coords time           0.00 ( 2.01% of Total)
|    Fast Water setup           0.00 ( 0.01% of Total)
|                Calc gb radii              0.00 ( 0.39% of Gen B)
|                Calc gb diag               0.04 (99.14% of Gen B)
|                Calc gb off-diag           0.00 ( 0.45% of Gen B)
|                Other                      0.00 ( 0.01% of Gen B)
|             Gen Born time              0.04 (100.0% of Nonbo)
|          Nonbond force              0.04 (99.52% of Force)
|          Bond/Angle/Dihedral        0.00 ( 0.44% of Force)
|          Other                      0.00 ( 0.05% of Force)
|       Force time                 0.04 (100.0% of Runmd)
|    Runmd Time                 0.04 (66.35% of Total)
|    Other                      0.02 (31.62% of Total)
| Total time                 0.06 (99.81% of ALL  )

| Highest rstack allocated:          0
| Highest istack allocated:          0
|           Job began  at 11:36:18.331  on 03/19/2008
|           Setup done at 11:36:18.340  on 03/19/2008
|           Run   done at 11:36:18.394  on 03/19/2008
|     wallclock() was called      26 times
