
          -------------------------------------------------------
          Amber 9  SANDER                              2006
          -------------------------------------------------------

| Run on 03/19/2008 at 11:24:30
  [-O]verwriting output

File Assignments:
|  MDIN: sander.in_backy                                                       
| MDOUT: MET.out                                                               
|INPCRD: MET.crd                                                               
|  PARM: MET.top                                                               
|RESTRT: MET.res                                                               
|  REFC: MET.crd                                                               
| MDVEL: mdvel                                                                 
|  MDEN: mden                                                                  
| MDCRD: mdcrd                                                                 
|MDINFO: mdinfo                                                                
|INPDIP: inpdip                                                                
|RSTDIP: rstdip                                                                

 
 Here is the input file:
 
  minimize structure                                                           
 &cntrl                                                                        
   imin=1, maxcyc=100                                                          
   cut=999.0, igb=2, saltcon=0.1, gbsa=1,                                      
   ntpr=10, ntx=1, ntb=0, ncyc   = 500,                                        
   ntr=1,                                                                      
 &end                                                                          
GROUP TITLE                                                                    
10.0                                                                           
FIND                                                                           
* * M *                                                                        
* * S *                                                                        
* * B *                                                                        
* * 3 *                                                                        
* O * *                                                                        
* O2 * *                                                                       
* CB * *                                                                       
SEARCH                                                                         
RES 1 999                                                                      
END                                                                            
END                                                                            

--------------------------------------------------------------------------------
   1.  RESOURCE   USE: 
--------------------------------------------------------------------------------

| Flags:                                                                        
| New format PARM file being parsed.
| Version =    1.000 Date = 03/19/08 Time = 11:24:30
 NATOM  =      29 NTYPES =       8 NBONH =      16 MBONA  =      12
 NTHETH =      35 MTHETA =      14 NPHIH =      53 MPHIA  =      26
 NHPARM =       0 NPARM  =       0 NNB   =     135 NRES   =       3
 NBONA  =      12 NTHETA =      14 NPHIA =      26 NUMBND =       9
 NUMANG =      20 NPTRA  =      22 NATYP =       8 NPHB   =       0
 IFBOX  =       0 NMXRS  =      17 IFCAP =       0 NEXTRA =       0
 NCOPY  =       0

 Implicit solvent radii are Bondi radii (bondi)                                                             

|     Memory Use     Allocated
|     Real                2327
|     Hollerith            179
|     Integer            22525
|     Max Pairs              1
|     nblistReal             0
|     nblist Int             0
|       Total              106 kbytes
| Duplicated    0 dihedrals
| Duplicated    0 dihedrals

--------------------------------------------------------------------------------
   2.  CONTROL  DATA  FOR  THE  RUN
--------------------------------------------------------------------------------

ACE                                                                             

General flags:
     imin    =       1, nmropt  =       0

Nature and format of input:
     ntx     =       1, irest   =       0, ntrx    =       1

Nature and format of output:
     ntxo    =       1, ntpr    =      10, ntrx    =       1, ntwr    =     500
     iwrap   =       0, ntwx    =       0, ntwv    =       0, ntwe    =       0
     ioutfm  =       0, ntwprt  =       0, idecomp =       0, rbornstat=      0

Potential function:
     ntf     =       1, ntb     =       0, igb     =       2, nsnb    =      25
     ipol    =       0, gbsa    =       1, iesp    =       0
     dielc   =   1.00000, cut     = 999.00000, intdiel =   1.00000
     saltcon =   0.10000, offset  =   0.09000, gbalpha=    0.80000
     gbbeta  =   0.00000, gbgamma =   2.90912, surften =   0.00500
     rdt     =   0.00000, rgbmax  =  25.00000
     alpb  =        0
     scnb    =   2.00000, scee    =   1.20000

Frozen or restrained atoms:
     ibelly  =       0, ntr     =       1

Energy minimization:
     maxcyc  =     100, ncyc    =     500, ntmin   =       1
     dx0     =   0.01000, drms    =   0.00010

    LOADING THE CONSTRAINED ATOMS AS GROUPS


   5.  REFERENCE ATOM COORDINATES

  ACE 
|  INFO: Old style inpcrd file read

    ----- READING GROUP     1; TITLE:
 GROUP TITLE                                                                 

     GROUP    1 HAS HARMONIC CONSTRAINTS    10.00000
      ALL ATOMS THAT MEET 1 OF THE FOLLOWING SPECIFICATIONS WILL BE INCLUDED IN GROUP BELOW

      GRAPH NAME  = *     SYMBOL  = *     TREE SYMBOL  = M     RESIDUE TYPE  = *   

      GRAPH NAME  = *     SYMBOL  = *     TREE SYMBOL  = S     RESIDUE TYPE  = *   

      GRAPH NAME  = *     SYMBOL  = *     TREE SYMBOL  = B     RESIDUE TYPE  = *   

      GRAPH NAME  = *     SYMBOL  = *     TREE SYMBOL  = 3     RESIDUE TYPE  = *   

      GRAPH NAME  = *     SYMBOL  = O     TREE SYMBOL  = *     RESIDUE TYPE  = *   

      GRAPH NAME  = *     SYMBOL  = O2    TREE SYMBOL  = *     RESIDUE TYPE  = *   

      GRAPH NAME  = *     SYMBOL  = CB    TREE SYMBOL  = *     RESIDUE TYPE  = *   

 GRP    1 RES    1 TO     3
      Number of atoms in this group  =    14
    ----- END OF GROUP READ -----

--------------------------------------------------------------------------------
   3.  ATOMIC COORDINATES AND VELOCITIES
--------------------------------------------------------------------------------

ACE                                                                             
 begin time read from input coords =     0.000 ps

 Number of triangulated 3-point waters found:        0

--------------------------------------------------------------------------------
   4.  RESULTS
--------------------------------------------------------------------------------



   NSTEP       ENERGY          RMS            GMAX         NAME    NUMBER
      1       3.9779E+01     7.0670E+01     3.1801E+02     HG2        15

 BOND    =        0.2252  ANGLE   =        0.7243  DIHED      =        7.4927
 VDWAALS =       75.9389  EEL     =      -56.7684  EGB        =      -18.8432
 1-4 VDW =        6.0625  1-4 EEL =       23.0055  RESTRAINT  =        0.0000
 ESURF   =        1.9417


   NSTEP       ENERGY          RMS            GMAX         NAME    NUMBER
     10      -1.8734E+00     2.4045E+01     1.1757E+02     HG2        15

 BOND    =        1.4330  ANGLE   =        1.3642  DIHED      =        7.6615
 VDWAALS =       33.0031  EEL     =      -56.8401  EGB        =      -19.0595
 1-4 VDW =        5.6445  1-4 EEL =       22.9226  RESTRAINT  =        0.0533
 ESURF   =        1.9441
 EAMBER  =       -1.9267


   NSTEP       ENERGY          RMS            GMAX         NAME    NUMBER
     20      -3.1888E+01     8.6825E+00     5.3848E+01     N          24

 BOND    =        1.5896  ANGLE   =        2.6718  DIHED      =        8.0821
 VDWAALS =        3.7262  EEL     =      -56.1370  EGB        =      -20.2561
 1-4 VDW =        3.6802  1-4 EEL =       21.6703  RESTRAINT  =        1.1197
 ESURF   =        1.9654
 EAMBER  =      -33.0075


   NSTEP       ENERGY          RMS            GMAX         NAME    NUMBER
     30      -3.4558E+01     4.6029E+00     2.7773E+01     N          24

 BOND    =        0.9603  ANGLE   =        2.7668  DIHED      =        8.0820
 VDWAALS =        1.8904  EEL     =      -55.8052  EGB        =      -20.7760
 1-4 VDW =        3.3056  1-4 EEL =       21.4424  RESTRAINT  =        1.6033
 ESURF   =        1.9726
 EAMBER  =      -36.1610


   NSTEP       ENERGY          RMS            GMAX         NAME    NUMBER
     40      -3.5405E+01     1.4042E+00     7.2374E+00     N          24

 BOND    =        0.7468  ANGLE   =        2.4655  DIHED      =        8.0860
 VDWAALS =        1.5370  EEL     =      -55.6972  EGB        =      -20.8253
 1-4 VDW =        3.1586  1-4 EEL =       21.3152  RESTRAINT  =        1.8316
 ESURF   =        1.9766
 EAMBER  =      -37.2368


   NSTEP       ENERGY          RMS            GMAX         NAME    NUMBER
     50      -3.5698E+01     1.9931E+00     8.7422E+00     N          24

 BOND    =        0.7879  ANGLE   =        2.3531  DIHED      =        8.1240
 VDWAALS =        1.2139  EEL     =      -55.6346  EGB        =      -20.8951
 1-4 VDW =        3.1020  1-4 EEL =       21.2626  RESTRAINT  =        2.0096
 ESURF   =        1.9787
 EAMBER  =      -37.7075


   NSTEP       ENERGY          RMS            GMAX         NAME    NUMBER
     60      -3.5930E+01     6.1206E-01     2.5955E+00     H          25

 BOND    =        0.7647  ANGLE   =        2.4227  DIHED      =        8.1621
 VDWAALS =        0.9696  EEL     =      -55.6292  EGB        =      -21.0379
 1-4 VDW =        3.0592  1-4 EEL =       21.2503  RESTRAINT  =        2.1291
 ESURF   =        1.9799
 EAMBER  =      -38.0586


   NSTEP       ENERGY          RMS            GMAX         NAME    NUMBER
     70      -3.6062E+01     6.2525E-01     2.1553E+00     N          24

 BOND    =        0.7746  ANGLE   =        2.3833  DIHED      =        8.1931
 VDWAALS =        0.8352  EEL     =      -55.6398  EGB        =      -21.1000
 1-4 VDW =        3.0400  1-4 EEL =       21.2505  RESTRAINT  =        2.2202
 ESURF   =        1.9807
 EAMBER  =      -38.2825


   NSTEP       ENERGY          RMS            GMAX         NAME    NUMBER
     80      -3.6152E+01     1.0532E+00     4.8374E+00     N          24

 BOND    =        0.7724  ANGLE   =        2.3292  DIHED      =        8.2229
 VDWAALS =        0.7307  EEL     =      -55.6558  EGB        =      -21.1238
 1-4 VDW =        3.0336  1-4 EEL =       21.2630  RESTRAINT  =        2.2949
 ESURF   =        1.9813
 EAMBER  =      -38.4465


   NSTEP       ENERGY          RMS            GMAX         NAME    NUMBER
     90      -3.6240E+01     3.1618E-01     1.7344E+00     H          25

 BOND    =        0.7731  ANGLE   =        2.2368  DIHED      =        8.2426
 VDWAALS =        0.6793  EEL     =      -55.6796  EGB        =      -21.1431
 1-4 VDW =        3.0381  1-4 EEL =       21.2785  RESTRAINT  =        2.3523
 ESURF   =        1.9816
 EAMBER  =      -38.5927


   NSTEP       ENERGY          RMS            GMAX         NAME    NUMBER
    100      -3.6303E+01     3.4543E-01     1.5277E+00     H          25

 BOND    =        0.7704  ANGLE   =        2.1806  DIHED      =        8.2651
 VDWAALS =        0.6164  EEL     =      -55.7020  EGB        =      -21.1619
 1-4 VDW =        3.0412  1-4 EEL =       21.2968  RESTRAINT  =        2.4086
 ESURF   =        1.9818
 EAMBER  =      -38.7115


  Maximum number of minimization cycles reached.


                    FINAL RESULTS



   NSTEP       ENERGY          RMS            GMAX         NAME    NUMBER
    100      -3.6303E+01     3.4543E-01     1.5277E+00     H          25

 BOND    =        0.7704  ANGLE   =        2.1806  DIHED      =        8.2651
 VDWAALS =        0.6164  EEL     =      -55.7020  EGB        =      -21.1619
 1-4 VDW =        3.0412  1-4 EEL =       21.2968  RESTRAINT  =        2.4086
 ESURF   =        1.9818
 EAMBER  =      -38.7115

--------------------------------------------------------------------------------
   5.  TIMINGS
--------------------------------------------------------------------------------

|    Read coords time           0.00 ( 0.93% of Total)
|    Fast Water setup           0.00 ( 0.01% of Total)
|                Calc gb radii              0.01 (18.76% of Gen B)
|                Calc gb diag               0.02 (35.67% of Gen B)
|                Calc gb off-diag           0.01 (21.26% of Gen B)
|                Surface area energy        0.01 (23.56% of Gen B)
|                Other                      0.00 ( 0.74% of Gen B)
|             Gen Born time              0.06 (99.89% of Nonbo)
|             IPS excludes               0.00 ( 0.11% of Nonbo)
|          Nonbond force              0.06 (89.11% of Force)
|          Bond/Angle/Dihedral        0.01 (10.06% of Force)
|          Other                      0.00 ( 0.83% of Force)
|       Force time                 0.06 (100.0% of Runmd)
|    Runmd Time                 0.06 (52.79% of Total)
|    Other                      0.06 (46.27% of Total)
| Total time                 0.12 (99.87% of ALL  )

| Highest rstack allocated:          0
| Highest istack allocated:          0
|           Job began  at 11:24:30.112  on 03/19/2008
|           Setup done at 11:24:30.123  on 03/19/2008
|           Run   done at 11:24:30.231  on 03/19/2008
|     wallclock() was called    2008 times
