
          -------------------------------------------------------
          Amber 9  SANDER                              2006
          -------------------------------------------------------

| Run on 03/19/2008 at 11:36:17
  [-O]verwriting output

File Assignments:
|  MDIN: backy                                                                 
| MDOUT: LYS.de.out                                                            
|INPCRD: LYS_rec.crd.1                                                         
|  PARM: LYS.prmtop                                                            
|RESTRT: LYS.res                                                               
|  REFC: LYS_rec.crd.1                                                         
| MDVEL: mdvel                                                                 
|  MDEN: mden                                                                  
| MDCRD: mdcrd                                                                 
|MDINFO: mdinfo                                                                
|INPDIP: inpdip                                                                
|RSTDIP: rstdip                                                                

 
 Here is the input file:
 
File generated by mm_pbsa.pl. Using  MM GB MS                                  
 &cntrl                                                                        
  ntf    = 1,       ntb    = 0,       dielc  = 1.0,                            
  idecomp= 2,                                                                  
  igb    = 2,       saltcon= 0.00,                                             
  offset = 0.09,                                                               
  intdiel= 1.0,     extdiel= 80.0,                                             
  gbsa   = 2,       surften= 1.0,                                              
  cut    = 999.0,   nsnb   = 99999,                                            
  scnb   = 2.0,     scee   = 1.2,                                              
                                                                               
  imin   = 1,       maxcyc = 1,       ncyc   = 0,                              
 &end                                                                          
END                                                                            
END                                                                            

--------------------------------------------------------------------------------
   1.  RESOURCE   USE: 
--------------------------------------------------------------------------------

| Flags:                                                                        
| New format PARM file being parsed.
| Version =    1.000 Date = 03/19/08 Time = 11:36:16
 NATOM  =      34 NTYPES =       8 NBONH =      20 MBONA  =      13
 NTHETH =      45 MTHETA =      15 NPHIH =      73 MPHIA  =      31
 NHPARM =       0 NPARM  =       0 NNB   =     172 NRES   =       3
 NBONA  =      13 NTHETA =      15 NPHIA =      31 NUMBND =      11
 NUMANG =      23 NPTRA  =      26 NATYP =       9 NPHB   =       0
 IFBOX  =       0 NMXRS  =      22 IFCAP =       0 NEXTRA =       0
 NCOPY  =       0

 Implicit solvent radii are Bondi radii (bondi)                                                             

|     Memory Use     Allocated
|     Real                2546
|     Hollerith            209
|     Integer            24403
|     Max Pairs              1
|     nblistReal             0
|     nblist Int             0
|       Total              116 kbytes
| Duplicated    0 dihedrals
| Duplicated    0 dihedrals

--------------------------------------------------------------------------------
   2.  CONTROL  DATA  FOR  THE  RUN
--------------------------------------------------------------------------------

                                                                                

General flags:
     imin    =       1, nmropt  =       0

Nature and format of input:
     ntx     =       1, irest   =       0, ntrx    =       1

Nature and format of output:
     ntxo    =       1, ntpr    =      50, ntrx    =       1, ntwr    =     500
     iwrap   =       0, ntwx    =       0, ntwv    =       0, ntwe    =       0
     ioutfm  =       0, ntwprt  =       0, idecomp =       2, rbornstat=      0

Potential function:
     ntf     =       1, ntb     =       0, igb     =       2, nsnb    =   99999
     ipol    =       0, gbsa    =       2, iesp    =       0
     dielc   =   1.00000, cut     = 999.00000, intdiel =   1.00000
     saltcon =   0.00000, offset  =   0.09000, gbalpha=    0.80000
     gbbeta  =   0.00000, gbgamma =   2.90912, surften =   1.00000
     rdt     =   0.00000, rgbmax  =  25.00000
     alpb  =        0
     scnb    =   2.00000, scee    =   1.20000

Frozen or restrained atoms:
     ibelly  =       0, ntr     =       0

Energy minimization:
     maxcyc  =       1, ncyc    =       0, ntmin   =       1
     dx0     =   0.01000, drms    =   0.00010

    LOADING THE DECOMP ATOMS AS GROUPS

    ----- END OF GROUP READ -----
 Atom            1  (           1 ) :            1           1
 Atom            2  (           1 ) :            1           1
 Atom            3  (           1 ) :            1           1
 Atom            4  (           1 ) :            1           1
 Atom            5  (           1 ) :            4           1
 Atom            6  (           1 ) :            4           1
 Atom            7  (           2 ) :            5           1
 Atom            8  (           2 ) :            5           1
 Atom            9  (           2 ) :            5           1
 Atom           10  (           2 ) :            5           1
 Atom           11  (           2 ) :            2           1
 Atom           12  (           2 ) :            2           1
 Atom           13  (           2 ) :            2           1
 Atom           14  (           2 ) :            2           1
 Atom           15  (           2 ) :            2           1
 Atom           16  (           2 ) :            2           1
 Atom           17  (           2 ) :            2           1
 Atom           18  (           2 ) :            2           1
 Atom           19  (           2 ) :            2           1
 Atom           20  (           2 ) :            2           1
 Atom           21  (           2 ) :            2           1
 Atom           22  (           2 ) :            2           1
 Atom           23  (           2 ) :            2           1
 Atom           24  (           2 ) :            2           1
 Atom           25  (           2 ) :            2           1
 Atom           26  (           2 ) :            2           1
 Atom           27  (           2 ) :            5           1
 Atom           28  (           2 ) :            5           1
 Atom           29  (           3 ) :            6           1
 Atom           30  (           3 ) :            6           1
 Atom           31  (           3 ) :            3           1
 Atom           32  (           3 ) :            3           1
 Atom           33  (           3 ) :            3           1
 Atom           34  (           3 ) :            3           1
|  INFO: Old style inpcrd file read


--------------------------------------------------------------------------------
   3.  ATOMIC COORDINATES AND VELOCITIES
--------------------------------------------------------------------------------

                                                                                
 begin time read from input coords =     0.000 ps

 Number of triangulated 3-point waters found:        0

--------------------------------------------------------------------------------
   4.  RESULTS
--------------------------------------------------------------------------------



   NSTEP       ENERGY          RMS            GMAX         NAME    NUMBER
      1       4.1136E+02     1.5271E+00     6.6864E+00     C          27

 BOND    =        0.9223  ANGLE   =        2.7188  DIHED      =        9.2517
 VDWAALS =        0.9924  EEL     =      -55.0281  EGB        =      -87.0681
 1-4 VDW =        3.8670  1-4 EEL =       75.9340  RESTRAINT  =        0.0000
 ESURF   =      459.7725


  Maximum number of minimization cycles reached.


                    FINAL RESULTS



   NSTEP       ENERGY          RMS            GMAX         NAME    NUMBER
      1       4.1136E+02     1.5271E+00     6.6864E+00     C          27

 BOND    =        0.9223  ANGLE   =        2.7188  DIHED      =        9.2517
 VDWAALS =        0.9924  EEL     =      -55.0281  EGB        =      -87.0681
 1-4 VDW =        3.8670  1-4 EEL =       75.9340  RESTRAINT  =        0.0000
 ESURF   =      459.7725


                    CHECK DECOMP - TOTAL ENERGIES (w/ REST)

 INTERNAL=       12.8929
 VDWAALS =        4.8594  EEL     =       20.9060
 EGB     =      -87.0681  ESURF   =      459.7725


                    CHECK DECOMP - SELF ENERGIES (w/o REST)

 INTERNAL=        6.1048
 VDWAALS =        1.6550  EEL     =       60.5707
 EGB     =      -89.0692  ESURF   =     1186.8567


                    CHECK DECOMP - INDIRECT ENERGIES (w/o REST)

 INTERNAL=        6.7881
 VDWAALS =        3.2045  EEL     =      -39.6647
 EGB     =        2.0011  ESURF   =     -727.0842


                    CHECK DECOMP - DIRECT ENERGIES (w/o REST)

 INTERNAL=        0.0000
 VDWAALS =        0.0000  EEL     =        0.0000
 EGB     =        0.0000  ESURF   =        0.0000


                    CHECK DECOMP - REST ENERGIES

 INTERNAL=        0.0000
 VDWAALS =        0.0000  EEL     =        0.0000
 EGB     =        0.0000  ESURF   =        0.0000




                    PRINT DECOMP - TOTAL ENERGIES

    resid |internal |vdw      |eel      |pol      |sas
============================================================
TDC      1     3.117     0.393   -25.724    -6.454   122.951
TDC      2     8.180     3.160    47.373   -78.481   243.930
TDC      3     1.596     1.306    -0.743    -2.133    92.892


                    PRINT DECOMP - SIDECHAIN ENERGIES

    resid |internal |vdw      |eel      |pol      |sas
============================================================
SDC      1     1.208    -0.074    -9.542    -0.909    85.082
SDC      2     2.833     2.232    40.110   -65.938   182.522
SDC      3     0.345     0.006     7.954    -4.218    80.566


                    PRINT DECOMP - BACKBONE ENERGIES

    resid |internal |vdw      |eel      |pol      |sas
============================================================
BDC      1     1.909     0.467   -16.182    -5.546    37.869
BDC      2     5.347     0.928     7.263   -12.543    61.408
BDC      3     1.251     1.300    -8.697     2.085    12.327



--------------------------------------------------------------------------------
   5.  TIMINGS
--------------------------------------------------------------------------------

|    Read coords time           0.00 ( 1.86% of Total)
|    Fast Water setup           0.00 ( 0.01% of Total)
|                Calc gb radii              0.00 ( 0.43% of Gen B)
|                Calc gb diag               0.04 (99.06% of Gen B)
|                Calc gb off-diag           0.00 ( 0.50% of Gen B)
|                Other                      0.00 ( 0.01% of Gen B)
|             Gen Born time              0.04 (100.0% of Nonbo)
|          Nonbond force              0.04 (99.55% of Force)
|          Bond/Angle/Dihedral        0.00 ( 0.41% of Force)
|          Other                      0.00 ( 0.04% of Force)
|       Force time                 0.04 (100.0% of Runmd)
|    Runmd Time                 0.04 (67.07% of Total)
|    Other                      0.02 (31.06% of Total)
| Total time                 0.07 (99.77% of ALL  )

| Highest rstack allocated:          0
| Highest istack allocated:          0
|           Job began  at 11:36:17.145  on 03/19/2008
|           Setup done at 11:36:17.156  on 03/19/2008
|           Run   done at 11:36:17.212  on 03/19/2008
|     wallclock() was called      26 times
