
          -------------------------------------------------------
          Amber 9  SANDER                              2006
          -------------------------------------------------------

| Run on 03/19/2008 at 11:36:23
  [-O]verwriting output

File Assignments:
|  MDIN: backy                                                                 
| MDOUT: TYR.de.out                                                            
|INPCRD: TYR_rec.crd.1                                                         
|  PARM: TYR.prmtop                                                            
|RESTRT: TYR.res                                                               
|  REFC: TYR_rec.crd.1                                                         
| MDVEL: mdvel                                                                 
|  MDEN: mden                                                                  
| MDCRD: mdcrd                                                                 
|MDINFO: mdinfo                                                                
|INPDIP: inpdip                                                                
|RSTDIP: rstdip                                                                

 
 Here is the input file:
 
File generated by mm_pbsa.pl. Using  MM GB MS                                  
 &cntrl                                                                        
  ntf    = 1,       ntb    = 0,       dielc  = 1.0,                            
  idecomp= 2,                                                                  
  igb    = 2,       saltcon= 0.00,                                             
  offset = 0.09,                                                               
  intdiel= 1.0,     extdiel= 80.0,                                             
  gbsa   = 2,       surften= 1.0,                                              
  cut    = 999.0,   nsnb   = 99999,                                            
  scnb   = 2.0,     scee   = 1.2,                                              
                                                                               
  imin   = 1,       maxcyc = 1,       ncyc   = 0,                              
 &end                                                                          
END                                                                            
END                                                                            

--------------------------------------------------------------------------------
   1.  RESOURCE   USE: 
--------------------------------------------------------------------------------

| Flags:                                                                        
| New format PARM file being parsed.
| Version =    1.000 Date = 03/19/08 Time = 11:36:23
 NATOM  =      33 NTYPES =      10 NBONH =      16 MBONA  =      17
 NTHETH =      33 MTHETA =      22 NPHIH =      64 MPHIA  =      38
 NHPARM =       0 NPARM  =       0 NNB   =     160 NRES   =       3
 NBONA  =      17 NTHETA =      22 NPHIA =      38 NUMBND =      14
 NUMANG =      26 NPTRA  =      23 NATYP =      11 NPHB   =       0
 IFBOX  =       0 NMXRS  =      21 IFCAP =       0 NEXTRA =       0
 NCOPY  =       0

 Implicit solvent radii are Bondi radii (bondi)                                                             

|     Memory Use     Allocated
|     Real                2518
|     Hollerith            203
|     Integer            24295
|     Max Pairs              1
|     nblistReal             0
|     nblist Int             0
|       Total              115 kbytes
| Duplicated    0 dihedrals
| Duplicated    0 dihedrals

--------------------------------------------------------------------------------
   2.  CONTROL  DATA  FOR  THE  RUN
--------------------------------------------------------------------------------

                                                                                

General flags:
     imin    =       1, nmropt  =       0

Nature and format of input:
     ntx     =       1, irest   =       0, ntrx    =       1

Nature and format of output:
     ntxo    =       1, ntpr    =      50, ntrx    =       1, ntwr    =     500
     iwrap   =       0, ntwx    =       0, ntwv    =       0, ntwe    =       0
     ioutfm  =       0, ntwprt  =       0, idecomp =       2, rbornstat=      0

Potential function:
     ntf     =       1, ntb     =       0, igb     =       2, nsnb    =   99999
     ipol    =       0, gbsa    =       2, iesp    =       0
     dielc   =   1.00000, cut     = 999.00000, intdiel =   1.00000
     saltcon =   0.00000, offset  =   0.09000, gbalpha=    0.80000
     gbbeta  =   0.00000, gbgamma =   2.90912, surften =   1.00000
     rdt     =   0.00000, rgbmax  =  25.00000
     alpb  =        0
     scnb    =   2.00000, scee    =   1.20000

Frozen or restrained atoms:
     ibelly  =       0, ntr     =       0

Energy minimization:
     maxcyc  =       1, ncyc    =       0, ntmin   =       1
     dx0     =   0.01000, drms    =   0.00010

    LOADING THE DECOMP ATOMS AS GROUPS

    ----- END OF GROUP READ -----
 Atom            1  (           1 ) :            1           1
 Atom            2  (           1 ) :            1           1
 Atom            3  (           1 ) :            1           1
 Atom            4  (           1 ) :            1           1
 Atom            5  (           1 ) :            4           1
 Atom            6  (           1 ) :            4           1
 Atom            7  (           2 ) :            5           1
 Atom            8  (           2 ) :            5           1
 Atom            9  (           2 ) :            5           1
 Atom           10  (           2 ) :            5           1
 Atom           11  (           2 ) :            2           1
 Atom           12  (           2 ) :            2           1
 Atom           13  (           2 ) :            2           1
 Atom           14  (           2 ) :            2           1
 Atom           15  (           2 ) :            2           1
 Atom           16  (           2 ) :            2           1
 Atom           17  (           2 ) :            2           1
 Atom           18  (           2 ) :            2           1
 Atom           19  (           2 ) :            2           1
 Atom           20  (           2 ) :            2           1
 Atom           21  (           2 ) :            2           1
 Atom           22  (           2 ) :            2           1
 Atom           23  (           2 ) :            2           1
 Atom           24  (           2 ) :            2           1
 Atom           25  (           2 ) :            2           1
 Atom           26  (           2 ) :            5           1
 Atom           27  (           2 ) :            5           1
 Atom           28  (           3 ) :            6           1
 Atom           29  (           3 ) :            6           1
 Atom           30  (           3 ) :            3           1
 Atom           31  (           3 ) :            3           1
 Atom           32  (           3 ) :            3           1
 Atom           33  (           3 ) :            3           1
|  INFO: Old style inpcrd file read


--------------------------------------------------------------------------------
   3.  ATOMIC COORDINATES AND VELOCITIES
--------------------------------------------------------------------------------

                                                                                
 begin time read from input coords =     0.000 ps

 Number of triangulated 3-point waters found:        0

--------------------------------------------------------------------------------
   4.  RESULTS
--------------------------------------------------------------------------------



   NSTEP       ENERGY          RMS            GMAX         NAME    NUMBER
      1       4.3387E+02     2.2255E+00     8.1498E+00     CD2        24

 BOND    =        1.3329  ANGLE   =        3.8572  DIHED      =       10.8624
 VDWAALS =        4.1382  EEL     =      -82.2054  EGB        =      -20.3634
 1-4 VDW =        6.5808  1-4 EEL =       47.3854  RESTRAINT  =        0.0000
 ESURF   =      462.2778


  Maximum number of minimization cycles reached.


                    FINAL RESULTS



   NSTEP       ENERGY          RMS            GMAX         NAME    NUMBER
      1       4.3387E+02     2.2255E+00     8.1498E+00     CD2        24

 BOND    =        1.3329  ANGLE   =        3.8572  DIHED      =       10.8624
 VDWAALS =        4.1382  EEL     =      -82.2054  EGB        =      -20.3634
 1-4 VDW =        6.5808  1-4 EEL =       47.3854  RESTRAINT  =        0.0000
 ESURF   =      462.2778


                    CHECK DECOMP - TOTAL ENERGIES (w/ REST)

 INTERNAL=       16.0526
 VDWAALS =       10.7190  EEL     =      -34.8200
 EGB     =      -20.3634  ESURF   =      462.2778


                    CHECK DECOMP - SELF ENERGIES (w/o REST)

 INTERNAL=        9.0171
 VDWAALS =        4.9489  EEL     =        7.6635
 EGB     =      -22.4137  ESURF   =     1231.3753


                    CHECK DECOMP - INDIRECT ENERGIES (w/o REST)

 INTERNAL=        7.0355
 VDWAALS =        5.7701  EEL     =      -42.4834
 EGB     =        2.0503  ESURF   =     -769.0975


                    CHECK DECOMP - DIRECT ENERGIES (w/o REST)

 INTERNAL=        0.0000
 VDWAALS =        0.0000  EEL     =        0.0000
 EGB     =        0.0000  ESURF   =        0.0000


                    CHECK DECOMP - REST ENERGIES

 INTERNAL=        0.0000
 VDWAALS =        0.0000  EEL     =        0.0000
 EGB     =        0.0000  ESURF   =        0.0000




                    PRINT DECOMP - TOTAL ENERGIES

    resid |internal |vdw      |eel      |pol      |sas
============================================================
TDC      1     3.138     0.515   -26.428    -7.342   123.982
TDC      2    10.771     7.730    -7.050   -12.012   259.840
TDC      3     2.144     2.474    -1.342    -1.009    78.455


                    PRINT DECOMP - SIDECHAIN ENERGIES

    resid |internal |vdw      |eel      |pol      |sas
============================================================
SDC      1     1.215    -0.065   -10.541    -0.357    85.382
SDC      2     4.663     6.494    -8.653    -4.994   201.173
SDC      3     0.541    -0.274     4.117    -0.540    77.088


                    PRINT DECOMP - BACKBONE ENERGIES

    resid |internal |vdw      |eel      |pol      |sas
============================================================
BDC      1     1.923     0.580   -15.887    -6.985    38.600
BDC      2     6.108     1.236     1.603    -7.018    58.667
BDC      3     1.603     2.748    -5.459    -0.469     1.367



--------------------------------------------------------------------------------
   5.  TIMINGS
--------------------------------------------------------------------------------

|    Read coords time           0.00 ( 1.88% of Total)
|    Fast Water setup           0.00 ( 0.01% of Total)
|                Calc gb radii              0.00 ( 0.45% of Gen B)
|                Calc gb diag               0.04 (99.08% of Gen B)
|                Calc gb off-diag           0.00 ( 0.46% of Gen B)
|                Other                      0.00 ( 0.01% of Gen B)
|             Gen Born time              0.04 (100.0% of Nonbo)
|          Nonbond force              0.04 (99.55% of Force)
|          Bond/Angle/Dihedral        0.00 ( 0.41% of Force)
|          Other                      0.00 ( 0.04% of Force)
|       Force time                 0.04 (100.0% of Runmd)
|    Runmd Time                 0.04 (66.47% of Total)
|    Other                      0.02 (31.64% of Total)
| Total time                 0.07 (99.75% of ALL  )

| Highest rstack allocated:          0
| Highest istack allocated:          0
|           Job began  at 11:36:23.738  on 03/19/2008
|           Setup done at 11:36:23.749  on 03/19/2008
|           Run   done at 11:36:23.805  on 03/19/2008
|     wallclock() was called      26 times
