
          -------------------------------------------------------
          Amber 9  SANDER                              2006
          -------------------------------------------------------

| Run on 03/19/2008 at 11:36:12
  [-O]verwriting output

File Assignments:
|  MDIN: backy                                                                 
| MDOUT: CYS.de.out                                                            
|INPCRD: CYS_rec.crd.1                                                         
|  PARM: CYS.prmtop                                                            
|RESTRT: CYS.res                                                               
|  REFC: CYS_rec.crd.1                                                         
| MDVEL: mdvel                                                                 
|  MDEN: mden                                                                  
| MDCRD: mdcrd                                                                 
|MDINFO: mdinfo                                                                
|INPDIP: inpdip                                                                
|RSTDIP: rstdip                                                                

 
 Here is the input file:
 
File generated by mm_pbsa.pl. Using  MM GB MS                                  
 &cntrl                                                                        
  ntf    = 1,       ntb    = 0,       dielc  = 1.0,                            
  idecomp= 2,                                                                  
  igb    = 2,       saltcon= 0.00,                                             
  offset = 0.09,                                                               
  intdiel= 1.0,     extdiel= 80.0,                                             
  gbsa   = 2,       surften= 1.0,                                              
  cut    = 999.0,   nsnb   = 99999,                                            
  scnb   = 2.0,     scee   = 1.2,                                              
                                                                               
  imin   = 1,       maxcyc = 1,       ncyc   = 0,                              
 &end                                                                          
END                                                                            
END                                                                            

--------------------------------------------------------------------------------
   1.  RESOURCE   USE: 
--------------------------------------------------------------------------------

| Flags:                                                                        
| New format PARM file being parsed.
| Version =    1.000 Date = 03/19/08 Time = 11:36:12
 NATOM  =      23 NTYPES =       8 NBONH =      12 MBONA  =      10
 NTHETH =      25 MTHETA =      12 NPHIH =      43 MPHIA  =      24
 NHPARM =       0 NPARM  =       0 NNB   =     105 NRES   =       3
 NBONA  =      10 NTHETA =      12 NPHIA =      24 NUMBND =      10
 NUMANG =      18 NPTRA  =      22 NATYP =       9 NPHB   =       0
 IFBOX  =       0 NMXRS  =      11 IFCAP =       0 NEXTRA =       0
 NCOPY  =       0

 Implicit solvent radii are Bondi radii (bondi)                                                             

|     Memory Use     Allocated
|     Real                1787
|     Hollerith            143
|     Integer            22947
|     Max Pairs              1
|     nblistReal             0
|     nblist Int             0
|       Total              104 kbytes
| Duplicated    0 dihedrals
| Duplicated    0 dihedrals

--------------------------------------------------------------------------------
   2.  CONTROL  DATA  FOR  THE  RUN
--------------------------------------------------------------------------------

                                                                                

General flags:
     imin    =       1, nmropt  =       0

Nature and format of input:
     ntx     =       1, irest   =       0, ntrx    =       1

Nature and format of output:
     ntxo    =       1, ntpr    =      50, ntrx    =       1, ntwr    =     500
     iwrap   =       0, ntwx    =       0, ntwv    =       0, ntwe    =       0
     ioutfm  =       0, ntwprt  =       0, idecomp =       2, rbornstat=      0

Potential function:
     ntf     =       1, ntb     =       0, igb     =       2, nsnb    =   99999
     ipol    =       0, gbsa    =       2, iesp    =       0
     dielc   =   1.00000, cut     = 999.00000, intdiel =   1.00000
     saltcon =   0.00000, offset  =   0.09000, gbalpha=    0.80000
     gbbeta  =   0.00000, gbgamma =   2.90912, surften =   1.00000
     rdt     =   0.00000, rgbmax  =  25.00000
     alpb  =        0
     scnb    =   2.00000, scee    =   1.20000

Frozen or restrained atoms:
     ibelly  =       0, ntr     =       0

Energy minimization:
     maxcyc  =       1, ncyc    =       0, ntmin   =       1
     dx0     =   0.01000, drms    =   0.00010

    LOADING THE DECOMP ATOMS AS GROUPS

    ----- END OF GROUP READ -----
 Atom            1  (           1 ) :            1           1
 Atom            2  (           1 ) :            1           1
 Atom            3  (           1 ) :            1           1
 Atom            4  (           1 ) :            1           1
 Atom            5  (           1 ) :            4           1
 Atom            6  (           1 ) :            4           1
 Atom            7  (           2 ) :            5           1
 Atom            8  (           2 ) :            5           1
 Atom            9  (           2 ) :            5           1
 Atom           10  (           2 ) :            5           1
 Atom           11  (           2 ) :            2           1
 Atom           12  (           2 ) :            2           1
 Atom           13  (           2 ) :            2           1
 Atom           14  (           2 ) :            2           1
 Atom           15  (           2 ) :            2           1
 Atom           16  (           2 ) :            5           1
 Atom           17  (           2 ) :            5           1
 Atom           18  (           3 ) :            6           1
 Atom           19  (           3 ) :            6           1
 Atom           20  (           3 ) :            3           1
 Atom           21  (           3 ) :            3           1
 Atom           22  (           3 ) :            3           1
 Atom           23  (           3 ) :            3           1
|  INFO: Old style inpcrd file read


--------------------------------------------------------------------------------
   3.  ATOMIC COORDINATES AND VELOCITIES
--------------------------------------------------------------------------------

                                                                                
 begin time read from input coords =     0.000 ps

 Number of triangulated 3-point waters found:        0

--------------------------------------------------------------------------------
   4.  RESULTS
--------------------------------------------------------------------------------



   NSTEP       ENERGY          RMS            GMAX         NAME    NUMBER
      1       3.4776E+02     1.0435E+00     3.8995E+00     N          18

 BOND    =        0.7851  ANGLE   =        1.8280  DIHED      =        7.7984
 VDWAALS =        0.8126  EEL     =      -74.7718  EGB        =      -17.2928
 1-4 VDW =        2.6781  1-4 EEL =       50.1893  RESTRAINT  =        0.0000
 ESURF   =      375.7352


  Maximum number of minimization cycles reached.


                    FINAL RESULTS



   NSTEP       ENERGY          RMS            GMAX         NAME    NUMBER
      1       3.4776E+02     1.0435E+00     3.8995E+00     N          18

 BOND    =        0.7851  ANGLE   =        1.8280  DIHED      =        7.7984
 VDWAALS =        0.8126  EEL     =      -74.7718  EGB        =      -17.2928
 1-4 VDW =        2.6781  1-4 EEL =       50.1893  RESTRAINT  =        0.0000
 ESURF   =      375.7352


                    CHECK DECOMP - TOTAL ENERGIES (w/ REST)

 INTERNAL=       10.4114
 VDWAALS =        3.4907  EEL     =      -24.5825
 EGB     =      -17.2928  ESURF   =      375.7352


                    CHECK DECOMP - SELF ENERGIES (w/o REST)

 INTERNAL=        4.4373
 VDWAALS =        0.9395  EEL     =       19.5190
 EGB     =      -18.8173  ESURF   =     1047.1150


                    CHECK DECOMP - INDIRECT ENERGIES (w/o REST)

 INTERNAL=        5.9741
 VDWAALS =        2.5512  EEL     =      -44.1015
 EGB     =        1.5245  ESURF   =     -671.3798


                    CHECK DECOMP - DIRECT ENERGIES (w/o REST)

 INTERNAL=        0.0000
 VDWAALS =        0.0000  EEL     =        0.0000
 EGB     =        0.0000  ESURF   =        0.0000


                    CHECK DECOMP - REST ENERGIES

 INTERNAL=        0.0000
 VDWAALS =        0.0000  EEL     =        0.0000
 EGB     =        0.0000  ESURF   =        0.0000




                    PRINT DECOMP - TOTAL ENERGIES

    resid |internal |vdw      |eel      |pol      |sas
============================================================
TDC      1     3.088     0.429   -24.200    -7.507   122.331
TDC      2     6.086     2.113     4.125    -8.524   159.893
TDC      3     1.237     0.949    -4.507    -1.263    93.510


                    PRINT DECOMP - SIDECHAIN ENERGIES

    resid |internal |vdw      |eel      |pol      |sas
============================================================
SDC      1     1.209    -0.068    -9.622    -0.413    84.816
SDC      2     1.194     1.050     7.086    -1.104    97.981
SDC      3     0.199     0.095     3.781    -0.307    83.764


                    PRINT DECOMP - BACKBONE ENERGIES

    resid |internal |vdw      |eel      |pol      |sas
============================================================
BDC      1     1.880     0.497   -14.579    -7.093    37.515
BDC      2     4.892     1.063    -2.961    -7.419    61.913
BDC      3     1.038     0.854    -8.288    -0.956     9.747



--------------------------------------------------------------------------------
   5.  TIMINGS
--------------------------------------------------------------------------------

|    Read coords time           0.00 ( 2.21% of Total)
|    Fast Water setup           0.00 ( 0.02% of Total)
|                Calc gb radii              0.00 ( 0.36% of Gen B)
|                Calc gb diag               0.03 (99.21% of Gen B)
|                Calc gb off-diag           0.00 ( 0.41% of Gen B)
|                Other                      0.00 ( 0.02% of Gen B)
|             Gen Born time              0.03 (100.0% of Nonbo)
|          Nonbond force              0.03 (99.40% of Force)
|          Bond/Angle/Dihedral        0.00 ( 0.55% of Force)
|          Other                      0.00 ( 0.05% of Force)
|       Force time                 0.04 (100.0% of Runmd)
|    Runmd Time                 0.04 (62.58% of Total)
|    Other                      0.02 (35.19% of Total)
| Total time                 0.06 (99.73% of ALL  )

| Highest rstack allocated:          0
| Highest istack allocated:          0
|           Job began  at 11:36:12.572  on 03/19/2008
|           Setup done at 11:36:12.582  on 03/19/2008
|           Run   done at 11:36:12.628  on 03/19/2008
|     wallclock() was called      26 times
