
          -------------------------------------------------------
          Amber 9  SANDER                              2006
          -------------------------------------------------------

| Run on 03/19/2008 at 11:36:14
  [-O]verwriting output

File Assignments:
|  MDIN: backy                                                                 
| MDOUT: PHE.de.out                                                            
|INPCRD: PHE_rec.crd.1                                                         
|  PARM: PHE.prmtop                                                            
|RESTRT: PHE.res                                                               
|  REFC: PHE_rec.crd.1                                                         
| MDVEL: mdvel                                                                 
|  MDEN: mden                                                                  
| MDCRD: mdcrd                                                                 
|MDINFO: mdinfo                                                                
|INPDIP: inpdip                                                                
|RSTDIP: rstdip                                                                

 
 Here is the input file:
 
File generated by mm_pbsa.pl. Using  MM GB MS                                  
 &cntrl                                                                        
  ntf    = 1,       ntb    = 0,       dielc  = 1.0,                            
  idecomp= 2,                                                                  
  igb    = 2,       saltcon= 0.00,                                             
  offset = 0.09,                                                               
  intdiel= 1.0,     extdiel= 80.0,                                             
  gbsa   = 2,       surften= 1.0,                                              
  cut    = 999.0,   nsnb   = 99999,                                            
  scnb   = 2.0,     scee   = 1.2,                                              
                                                                               
  imin   = 1,       maxcyc = 1,       ncyc   = 0,                              
 &end                                                                          
END                                                                            
END                                                                            

--------------------------------------------------------------------------------
   1.  RESOURCE   USE: 
--------------------------------------------------------------------------------

| Flags:                                                                        
| New format PARM file being parsed.
| Version =    1.000 Date = 03/19/08 Time = 11:36:14
 NATOM  =      32 NTYPES =       8 NBONH =      16 MBONA  =      16
 NTHETH =      34 MTHETA =      20 NPHIH =      65 MPHIA  =      35
 NHPARM =       0 NPARM  =       0 NNB   =     156 NRES   =       3
 NBONA  =      16 NTHETA =      20 NPHIA =      35 NUMBND =      11
 NUMANG =      21 NPTRA  =      22 NATYP =       9 NPHB   =       0
 IFBOX  =       0 NMXRS  =      20 IFCAP =       0 NEXTRA =       0
 NCOPY  =       0

 Implicit solvent radii are Bondi radii (bondi)                                                             

|     Memory Use     Allocated
|     Real                2411
|     Hollerith            197
|     Integer            24142
|     Max Pairs              1
|     nblistReal             0
|     nblist Int             0
|       Total              113 kbytes
| Duplicated    0 dihedrals
| Duplicated    0 dihedrals

--------------------------------------------------------------------------------
   2.  CONTROL  DATA  FOR  THE  RUN
--------------------------------------------------------------------------------

                                                                                

General flags:
     imin    =       1, nmropt  =       0

Nature and format of input:
     ntx     =       1, irest   =       0, ntrx    =       1

Nature and format of output:
     ntxo    =       1, ntpr    =      50, ntrx    =       1, ntwr    =     500
     iwrap   =       0, ntwx    =       0, ntwv    =       0, ntwe    =       0
     ioutfm  =       0, ntwprt  =       0, idecomp =       2, rbornstat=      0

Potential function:
     ntf     =       1, ntb     =       0, igb     =       2, nsnb    =   99999
     ipol    =       0, gbsa    =       2, iesp    =       0
     dielc   =   1.00000, cut     = 999.00000, intdiel =   1.00000
     saltcon =   0.00000, offset  =   0.09000, gbalpha=    0.80000
     gbbeta  =   0.00000, gbgamma =   2.90912, surften =   1.00000
     rdt     =   0.00000, rgbmax  =  25.00000
     alpb  =        0
     scnb    =   2.00000, scee    =   1.20000

Frozen or restrained atoms:
     ibelly  =       0, ntr     =       0

Energy minimization:
     maxcyc  =       1, ncyc    =       0, ntmin   =       1
     dx0     =   0.01000, drms    =   0.00010

    LOADING THE DECOMP ATOMS AS GROUPS

    ----- END OF GROUP READ -----
 Atom            1  (           1 ) :            1           1
 Atom            2  (           1 ) :            1           1
 Atom            3  (           1 ) :            1           1
 Atom            4  (           1 ) :            1           1
 Atom            5  (           1 ) :            4           1
 Atom            6  (           1 ) :            4           1
 Atom            7  (           2 ) :            5           1
 Atom            8  (           2 ) :            5           1
 Atom            9  (           2 ) :            5           1
 Atom           10  (           2 ) :            5           1
 Atom           11  (           2 ) :            2           1
 Atom           12  (           2 ) :            2           1
 Atom           13  (           2 ) :            2           1
 Atom           14  (           2 ) :            2           1
 Atom           15  (           2 ) :            2           1
 Atom           16  (           2 ) :            2           1
 Atom           17  (           2 ) :            2           1
 Atom           18  (           2 ) :            2           1
 Atom           19  (           2 ) :            2           1
 Atom           20  (           2 ) :            2           1
 Atom           21  (           2 ) :            2           1
 Atom           22  (           2 ) :            2           1
 Atom           23  (           2 ) :            2           1
 Atom           24  (           2 ) :            2           1
 Atom           25  (           2 ) :            5           1
 Atom           26  (           2 ) :            5           1
 Atom           27  (           3 ) :            6           1
 Atom           28  (           3 ) :            6           1
 Atom           29  (           3 ) :            3           1
 Atom           30  (           3 ) :            3           1
 Atom           31  (           3 ) :            3           1
 Atom           32  (           3 ) :            3           1
|  INFO: Old style inpcrd file read


--------------------------------------------------------------------------------
   3.  ATOMIC COORDINATES AND VELOCITIES
--------------------------------------------------------------------------------

                                                                                
 begin time read from input coords =     0.000 ps

 Number of triangulated 3-point waters found:        0

--------------------------------------------------------------------------------
   4.  RESULTS
--------------------------------------------------------------------------------



   NSTEP       ENERGY          RMS            GMAX         NAME    NUMBER
      1       4.3158E+02     1.9977E+00     7.3127E+00     CD2        23

 BOND    =        1.1978  ANGLE   =        3.8625  DIHED      =       10.2411
 VDWAALS =        3.2209  EEL     =      -65.9700  EGB        =      -16.4695
 1-4 VDW =        6.5700  1-4 EEL =       37.5985  RESTRAINT  =        0.0000
 ESURF   =      451.3291


  Maximum number of minimization cycles reached.


                    FINAL RESULTS



   NSTEP       ENERGY          RMS            GMAX         NAME    NUMBER
      1       4.3158E+02     1.9977E+00     7.3127E+00     CD2        23

 BOND    =        1.1978  ANGLE   =        3.8625  DIHED      =       10.2411
 VDWAALS =        3.2209  EEL     =      -65.9700  EGB        =      -16.4695
 1-4 VDW =        6.5700  1-4 EEL =       37.5985  RESTRAINT  =        0.0000
 ESURF   =      451.3291


                    CHECK DECOMP - TOTAL ENERGIES (w/ REST)

 INTERNAL=       15.3014
 VDWAALS =        9.7909  EEL     =      -28.3715
 EGB     =      -16.4695  ESURF   =      451.3291


                    CHECK DECOMP - SELF ENERGIES (w/o REST)

 INTERNAL=        8.5131
 VDWAALS =        4.6614  EEL     =        9.5108
 EGB     =      -18.0570  ESURF   =     1212.1366


                    CHECK DECOMP - INDIRECT ENERGIES (w/o REST)

 INTERNAL=        6.7882
 VDWAALS =        5.1294  EEL     =      -37.8823
 EGB     =        1.5874  ESURF   =     -760.8075


                    CHECK DECOMP - DIRECT ENERGIES (w/o REST)

 INTERNAL=        0.0000
 VDWAALS =        0.0000  EEL     =        0.0000
 EGB     =        0.0000  ESURF   =        0.0000


                    CHECK DECOMP - REST ENERGIES

 INTERNAL=        0.0000
 VDWAALS =        0.0000  EEL     =        0.0000
 EGB     =        0.0000  ESURF   =        0.0000




                    PRINT DECOMP - TOTAL ENERGIES

    resid |internal |vdw      |eel      |pol      |sas
============================================================
TDC      1     3.142     0.523   -23.376    -7.395   123.791
TDC      2    10.171     7.119    -2.889    -7.849   248.248
TDC      3     1.989     2.148    -2.106    -1.225    79.290


                    PRINT DECOMP - SIDECHAIN ENERGIES

    resid |internal |vdw      |eel      |pol      |sas
============================================================
SDC      1     1.212    -0.072    -9.464    -0.383    85.403
SDC      2     4.447     6.039     0.717    -1.962   188.787
SDC      3     0.482    -0.222     3.855    -0.436    78.094


                    PRINT DECOMP - BACKBONE ENERGIES

    resid |internal |vdw      |eel      |pol      |sas
============================================================
BDC      1     1.930     0.596   -13.912    -7.012    38.388
BDC      2     5.724     1.081    -3.606    -5.888    59.461
BDC      3     1.507     2.371    -5.961    -0.790     1.196



--------------------------------------------------------------------------------
   5.  TIMINGS
--------------------------------------------------------------------------------

|    Read coords time           0.00 ( 1.80% of Total)
|    Fast Water setup           0.00 ( 0.01% of Total)
|                Calc gb radii              0.00 ( 0.38% of Gen B)
|                Calc gb diag               0.05 (99.16% of Gen B)
|                Calc gb off-diag           0.00 ( 0.45% of Gen B)
|                Other                      0.00 ( 0.01% of Gen B)
|             Gen Born time              0.05 (100.0% of Nonbo)
|          Nonbond force              0.05 (99.54% of Force)
|          Bond/Angle/Dihedral        0.00 ( 0.43% of Force)
|          Other                      0.00 ( 0.04% of Force)
|       Force time                 0.05 (100.0% of Runmd)
|    Runmd Time                 0.05 (68.91% of Total)
|    Other                      0.02 (29.28% of Total)
| Total time                 0.07 (99.78% of ALL  )

| Highest rstack allocated:          0
| Highest istack allocated:          0
|           Job began  at 11:36:14.646  on 03/19/2008
|           Setup done at 11:36:14.656  on 03/19/2008
|           Run   done at 11:36:14.716  on 03/19/2008
|     wallclock() was called      26 times
