
          -------------------------------------------------------
          Amber 9  SANDER                              2006
          -------------------------------------------------------

| Run on 03/19/2008 at 11:24:27
  [-O]verwriting output

File Assignments:
|  MDIN: sander.in_backy                                                       
| MDOUT: PHE.out                                                               
|INPCRD: PHE.crd                                                               
|  PARM: PHE.top                                                               
|RESTRT: PHE.res                                                               
|  REFC: PHE.crd                                                               
| MDVEL: mdvel                                                                 
|  MDEN: mden                                                                  
| MDCRD: mdcrd                                                                 
|MDINFO: mdinfo                                                                
|INPDIP: inpdip                                                                
|RSTDIP: rstdip                                                                

 
 Here is the input file:
 
  minimize structure                                                           
 &cntrl                                                                        
   imin=1, maxcyc=100                                                          
   cut=999.0, igb=2, saltcon=0.1, gbsa=1,                                      
   ntpr=10, ntx=1, ntb=0, ncyc   = 500,                                        
   ntr=1,                                                                      
 &end                                                                          
GROUP TITLE                                                                    
10.0                                                                           
FIND                                                                           
* * M *                                                                        
* * S *                                                                        
* * B *                                                                        
* * 3 *                                                                        
* O * *                                                                        
* O2 * *                                                                       
* CB * *                                                                       
SEARCH                                                                         
RES 1 999                                                                      
END                                                                            
END                                                                            

--------------------------------------------------------------------------------
   1.  RESOURCE   USE: 
--------------------------------------------------------------------------------

| Flags:                                                                        
| New format PARM file being parsed.
| Version =    1.000 Date = 03/19/08 Time = 11:24:27
 NATOM  =      32 NTYPES =       8 NBONH =      16 MBONA  =      16
 NTHETH =      34 MTHETA =      20 NPHIH =      65 MPHIA  =      35
 NHPARM =       0 NPARM  =       0 NNB   =     156 NRES   =       3
 NBONA  =      16 NTHETA =      20 NPHIA =      35 NUMBND =      11
 NUMANG =      21 NPTRA  =      22 NATYP =       9 NPHB   =       0
 IFBOX  =       0 NMXRS  =      20 IFCAP =       0 NEXTRA =       0
 NCOPY  =       0

 Implicit solvent radii are Bondi radii (bondi)                                                             

|     Memory Use     Allocated
|     Real                2549
|     Hollerith            197
|     Integer            22862
|     Max Pairs              1
|     nblistReal             0
|     nblist Int             0
|       Total              110 kbytes
| Duplicated    0 dihedrals
| Duplicated    0 dihedrals

--------------------------------------------------------------------------------
   2.  CONTROL  DATA  FOR  THE  RUN
--------------------------------------------------------------------------------

ACE                                                                             

General flags:
     imin    =       1, nmropt  =       0

Nature and format of input:
     ntx     =       1, irest   =       0, ntrx    =       1

Nature and format of output:
     ntxo    =       1, ntpr    =      10, ntrx    =       1, ntwr    =     500
     iwrap   =       0, ntwx    =       0, ntwv    =       0, ntwe    =       0
     ioutfm  =       0, ntwprt  =       0, idecomp =       0, rbornstat=      0

Potential function:
     ntf     =       1, ntb     =       0, igb     =       2, nsnb    =      25
     ipol    =       0, gbsa    =       1, iesp    =       0
     dielc   =   1.00000, cut     = 999.00000, intdiel =   1.00000
     saltcon =   0.10000, offset  =   0.09000, gbalpha=    0.80000
     gbbeta  =   0.00000, gbgamma =   2.90912, surften =   0.00500
     rdt     =   0.00000, rgbmax  =  25.00000
     alpb  =        0
     scnb    =   2.00000, scee    =   1.20000

Frozen or restrained atoms:
     ibelly  =       0, ntr     =       1

Energy minimization:
     maxcyc  =     100, ncyc    =     500, ntmin   =       1
     dx0     =   0.01000, drms    =   0.00010

    LOADING THE CONSTRAINED ATOMS AS GROUPS


   5.  REFERENCE ATOM COORDINATES

  ACE 
|  INFO: Old style inpcrd file read

    ----- READING GROUP     1; TITLE:
 GROUP TITLE                                                                 

     GROUP    1 HAS HARMONIC CONSTRAINTS    10.00000
      ALL ATOMS THAT MEET 1 OF THE FOLLOWING SPECIFICATIONS WILL BE INCLUDED IN GROUP BELOW

      GRAPH NAME  = *     SYMBOL  = *     TREE SYMBOL  = M     RESIDUE TYPE  = *   

      GRAPH NAME  = *     SYMBOL  = *     TREE SYMBOL  = S     RESIDUE TYPE  = *   

      GRAPH NAME  = *     SYMBOL  = *     TREE SYMBOL  = B     RESIDUE TYPE  = *   

      GRAPH NAME  = *     SYMBOL  = *     TREE SYMBOL  = 3     RESIDUE TYPE  = *   

      GRAPH NAME  = *     SYMBOL  = O     TREE SYMBOL  = *     RESIDUE TYPE  = *   

      GRAPH NAME  = *     SYMBOL  = O2    TREE SYMBOL  = *     RESIDUE TYPE  = *   

      GRAPH NAME  = *     SYMBOL  = CB    TREE SYMBOL  = *     RESIDUE TYPE  = *   

 GRP    1 RES    1 TO     3
      Number of atoms in this group  =    17
    ----- END OF GROUP READ -----

--------------------------------------------------------------------------------
   3.  ATOMIC COORDINATES AND VELOCITIES
--------------------------------------------------------------------------------

ACE                                                                             
 begin time read from input coords =     0.000 ps

 Number of triangulated 3-point waters found:        0

--------------------------------------------------------------------------------
   4.  RESULTS
--------------------------------------------------------------------------------



   NSTEP       ENERGY          RMS            GMAX         NAME    NUMBER
      1       1.1053E+04     2.1848E+04     1.1550E+05     HD2        24

 BOND    =        0.2041  ANGLE   =        0.6331  DIHED      =        7.4926
 VDWAALS =    11072.4585  EEL     =      -65.0005  EGB        =      -14.8170
 1-4 VDW =       10.0839  1-4 EEL =       39.9095  RESTRAINT  =        0.0000
 ESURF   =        1.8377


   NSTEP       ENERGY          RMS            GMAX         NAME    NUMBER
     10       2.4417E+03     2.7837E+03     1.3984E+04     H          28

 BOND    =        1.6440  ANGLE   =        0.8205  DIHED      =        7.6027
 VDWAALS =     2461.2034  EEL     =      -66.6062  EGB        =      -14.8037
 1-4 VDW =       10.1058  1-4 EEL =       39.9329  RESTRAINT  =        0.0059
 ESURF   =        1.8380
 EAMBER  =     2441.7374


   NSTEP       ENERGY          RMS            GMAX         NAME    NUMBER
     20       3.1219E+01     1.3857E+01     5.5443E+01     HD2        24

 BOND    =        6.8463  ANGLE   =       12.7868  DIHED      =       12.5444
 VDWAALS =       29.4588  EEL     =      -67.3385  EGB        =      -15.3802
 1-4 VDW =        9.0419  1-4 EEL =       39.7039  RESTRAINT  =        1.7008
 ESURF   =        1.8549
 EAMBER  =       29.5182


   NSTEP       ENERGY          RMS            GMAX         NAME    NUMBER
     30      -1.3343E+00     1.0452E+01     3.7137E+01     CD1        15

 BOND    =        3.1111  ANGLE   =        5.1385  DIHED      =       12.7706
 VDWAALS =        8.0936  EEL     =      -66.3809  EGB        =      -16.0500
 1-4 VDW =        7.1171  1-4 EEL =       38.5161  RESTRAINT  =        4.4702
 ESURF   =        1.8795
 EAMBER  =       -5.8045


   NSTEP       ENERGY          RMS            GMAX         NAME    NUMBER
     40      -6.2313E+00     3.7306E+00     1.2227E+01     CE1        17

 BOND    =        1.2327  ANGLE   =        5.1070  DIHED      =       12.1963
 VDWAALS =        5.5114  EEL     =      -66.0694  EGB        =      -16.3418
 1-4 VDW =        6.8053  1-4 EEL =       37.9618  RESTRAINT  =        5.4781
 ESURF   =        1.8873
 EAMBER  =      -11.7094


   NSTEP       ENERGY          RMS            GMAX         NAME    NUMBER
     50      -7.6017E+00     4.4495E+00     1.7359E+01     CE1        17

 BOND    =        1.2947  ANGLE   =        4.9183  DIHED      =       11.6674
 VDWAALS =        4.6000  EEL     =      -65.9195  EGB        =      -16.4705
 1-4 VDW =        6.6379  1-4 EEL =       37.7154  RESTRAINT  =        6.0627
 ESURF   =        1.8920
 EAMBER  =      -13.6644


   NSTEP       ENERGY          RMS            GMAX         NAME    NUMBER
     60      -8.7530E+00     1.0085E+00     3.9200E+00     HE2        22

 BOND    =        1.2335  ANGLE   =        4.4090  DIHED      =       11.2611
 VDWAALS =        4.1436  EEL     =      -65.8415  EGB        =      -16.4614
 1-4 VDW =        6.5676  1-4 EEL =       37.6059  RESTRAINT  =        6.4343
 ESURF   =        1.8948
 EAMBER  =      -15.1873


   NSTEP       ENERGY          RMS            GMAX         NAME    NUMBER
     70      -9.3831E+00     1.5989E+00     4.6698E+00     CD1        15

 BOND    =        1.2911  ANGLE   =        4.1795  DIHED      =       10.9043
 VDWAALS =        3.7730  EEL     =      -65.8398  EGB        =      -16.4599
 1-4 VDW =        6.5460  1-4 EEL =       37.5653  RESTRAINT  =        6.7608
 ESURF   =        1.8967
 EAMBER  =      -16.1438


   NSTEP       ENERGY          RMS            GMAX         NAME    NUMBER
     80      -9.7837E+00     2.4470E+00     8.2005E+00     CE1        17

 BOND    =        1.3515  ANGLE   =        3.9811  DIHED      =       10.6336
 VDWAALS =        3.5291  EEL     =      -65.8654  EGB        =      -16.4363
 1-4 VDW =        6.5542  1-4 EEL =       37.5641  RESTRAINT  =        7.0066
 ESURF   =        1.8978
 EAMBER  =      -16.7903


   NSTEP       ENERGY          RMS            GMAX         NAME    NUMBER
     90      -1.0208E+01     7.4494E-01     2.2998E+00     HE2        22

 BOND    =        1.1802  ANGLE   =        3.9956  DIHED      =       10.4203
 VDWAALS =        3.3616  EEL     =      -65.9273  EGB        =      -16.4778
 1-4 VDW =        6.5577  1-4 EEL =       37.5811  RESTRAINT  =        7.2016
 ESURF   =        1.8986
 EAMBER  =      -17.4101


   NSTEP       ENERGY          RMS            GMAX         NAME    NUMBER
    100      -1.0478E+01     5.6674E-01     1.9205E+00     HE2        22

 BOND    =        1.1693  ANGLE   =        3.8767  DIHED      =       10.2429
 VDWAALS =        3.2249  EEL     =      -65.9700  EGB        =      -16.4674
 1-4 VDW =        6.5745  1-4 EEL =       37.6003  RESTRAINT  =        7.3718
 ESURF   =        1.8992
 EAMBER  =      -17.8495


  Maximum number of minimization cycles reached.


                    FINAL RESULTS



   NSTEP       ENERGY          RMS            GMAX         NAME    NUMBER
    100      -1.0478E+01     5.6674E-01     1.9205E+00     HE2        22

 BOND    =        1.1693  ANGLE   =        3.8767  DIHED      =       10.2429
 VDWAALS =        3.2249  EEL     =      -65.9700  EGB        =      -16.4674
 1-4 VDW =        6.5745  1-4 EEL =       37.6003  RESTRAINT  =        7.3718
 ESURF   =        1.8992
 EAMBER  =      -17.8495

--------------------------------------------------------------------------------
   5.  TIMINGS
--------------------------------------------------------------------------------

|    Read coords time           0.00 ( 0.75% of Total)
|    Fast Water setup           0.00 ( 0.01% of Total)
|                Calc gb radii              0.01 (16.72% of Gen B)
|                Calc gb diag               0.03 (32.36% of Gen B)
|                Calc gb off-diag           0.02 (19.59% of Gen B)
|                Surface area energy        0.03 (30.77% of Gen B)
|                Other                      0.00 ( 0.56% of Gen B)
|             Gen Born time              0.09 (100.0% of Nonbo)
|             IPS excludes               0.00 ( 0.08% of Nonbo)
|          Nonbond force              0.09 (89.99% of Force)
|          Bond/Angle/Dihedral        0.01 ( 9.39% of Force)
|          Other                      0.00 ( 0.62% of Force)
|       Force time                 0.09 (100.0% of Runmd)
|    Runmd Time                 0.09 (62.05% of Total)
|    Other                      0.06 (37.19% of Total)
| Total time                 0.15 (100.0% of ALL  )

| Highest rstack allocated:          0
| Highest istack allocated:          0
|           Job began  at 11:24:27.220  on 03/19/2008
|           Setup done at 11:24:27.232  on 03/19/2008
|           Run   done at 11:24:27.373  on 03/19/2008
|     wallclock() was called    2008 times
