
          -------------------------------------------------------
          Amber 9  SANDER                              2006
          -------------------------------------------------------

| Run on 03/19/2008 at 11:36:11
  [-O]verwriting output

File Assignments:
|  MDIN: backy                                                                 
| MDOUT: ALA.de.out                                                            
|INPCRD: ALA_rec.crd.1                                                         
|  PARM: ALA.prmtop                                                            
|RESTRT: ALA.res                                                               
|  REFC: ALA_rec.crd.1                                                         
| MDVEL: mdvel                                                                 
|  MDEN: mden                                                                  
| MDCRD: mdcrd                                                                 
|MDINFO: mdinfo                                                                
|INPDIP: inpdip                                                                
|RSTDIP: rstdip                                                                

 
 Here is the input file:
 
File generated by mm_pbsa.pl. Using  MM GB MS                                  
 &cntrl                                                                        
  ntf    = 1,       ntb    = 0,       dielc  = 1.0,                            
  idecomp= 2,                                                                  
  igb    = 2,       saltcon= 0.00,                                             
  offset = 0.09,                                                               
  intdiel= 1.0,     extdiel= 80.0,                                             
  gbsa   = 2,       surften= 1.0,                                              
  cut    = 999.0,   nsnb   = 99999,                                            
  scnb   = 2.0,     scee   = 1.2,                                              
                                                                               
  imin   = 1,       maxcyc = 1,       ncyc   = 0,                              
 &end                                                                          
END                                                                            
END                                                                            

--------------------------------------------------------------------------------
   1.  RESOURCE   USE: 
--------------------------------------------------------------------------------

| Flags:                                                                        
| New format PARM file being parsed.
| Version =    1.000 Date = 03/19/08 Time = 11:36:11
 NATOM  =      22 NTYPES =       7 NBONH =      12 MBONA  =       9
 NTHETH =      25 MTHETA =      11 NPHIH =      42 MPHIA  =      22
 NHPARM =       0 NPARM  =       0 NNB   =      99 NRES   =       3
 NBONA  =       9 NTHETA =      11 NPHIA =      22 NUMBND =       8
 NUMANG =      16 NPTRA  =      21 NATYP =       7 NPHB   =       0
 IFBOX  =       0 NMXRS  =      10 IFCAP =       0 NEXTRA =       0
 NCOPY  =       0

 Implicit solvent radii are Bondi radii (bondi)                                                             

|     Memory Use     Allocated
|     Real                1702
|     Hollerith            137
|     Integer            22806
|     Max Pairs              1
|     nblistReal             0
|     nblist Int             0
|       Total              102 kbytes
| Duplicated    0 dihedrals
| Duplicated    0 dihedrals

--------------------------------------------------------------------------------
   2.  CONTROL  DATA  FOR  THE  RUN
--------------------------------------------------------------------------------

                                                                                

General flags:
     imin    =       1, nmropt  =       0

Nature and format of input:
     ntx     =       1, irest   =       0, ntrx    =       1

Nature and format of output:
     ntxo    =       1, ntpr    =      50, ntrx    =       1, ntwr    =     500
     iwrap   =       0, ntwx    =       0, ntwv    =       0, ntwe    =       0
     ioutfm  =       0, ntwprt  =       0, idecomp =       2, rbornstat=      0

Potential function:
     ntf     =       1, ntb     =       0, igb     =       2, nsnb    =   99999
     ipol    =       0, gbsa    =       2, iesp    =       0
     dielc   =   1.00000, cut     = 999.00000, intdiel =   1.00000
     saltcon =   0.00000, offset  =   0.09000, gbalpha=    0.80000
     gbbeta  =   0.00000, gbgamma =   2.90912, surften =   1.00000
     rdt     =   0.00000, rgbmax  =  25.00000
     alpb  =        0
     scnb    =   2.00000, scee    =   1.20000

Frozen or restrained atoms:
     ibelly  =       0, ntr     =       0

Energy minimization:
     maxcyc  =       1, ncyc    =       0, ntmin   =       1
     dx0     =   0.01000, drms    =   0.00010

    LOADING THE DECOMP ATOMS AS GROUPS

    ----- END OF GROUP READ -----
 Atom            1  (           1 ) :            1           1
 Atom            2  (           1 ) :            1           1
 Atom            3  (           1 ) :            1           1
 Atom            4  (           1 ) :            1           1
 Atom            5  (           1 ) :            4           1
 Atom            6  (           1 ) :            4           1
 Atom            7  (           2 ) :            5           1
 Atom            8  (           2 ) :            5           1
 Atom            9  (           2 ) :            5           1
 Atom           10  (           2 ) :            5           1
 Atom           11  (           2 ) :            2           1
 Atom           12  (           2 ) :            2           1
 Atom           13  (           2 ) :            2           1
 Atom           14  (           2 ) :            2           1
 Atom           15  (           2 ) :            5           1
 Atom           16  (           2 ) :            5           1
 Atom           17  (           3 ) :            6           1
 Atom           18  (           3 ) :            6           1
 Atom           19  (           3 ) :            3           1
 Atom           20  (           3 ) :            3           1
 Atom           21  (           3 ) :            3           1
 Atom           22  (           3 ) :            3           1
|  INFO: Old style inpcrd file read


--------------------------------------------------------------------------------
   3.  ATOMIC COORDINATES AND VELOCITIES
--------------------------------------------------------------------------------

                                                                                
 begin time read from input coords =     0.000 ps

 Number of triangulated 3-point waters found:        0

--------------------------------------------------------------------------------
   4.  RESULTS
--------------------------------------------------------------------------------



   NSTEP       ENERGY          RMS            GMAX         NAME    NUMBER
      1       3.1849E+02     6.9620E-01     2.2211E+00     C           5

 BOND    =        0.5153  ANGLE   =        1.1742  DIHED      =        7.6154
 VDWAALS =       -0.2758  EEL     =      -74.3064  EGB        =      -18.0852
 1-4 VDW =        2.9617  1-4 EEL =       46.5517  RESTRAINT  =        0.0000
 ESURF   =      352.3372


  Maximum number of minimization cycles reached.


                    FINAL RESULTS



   NSTEP       ENERGY          RMS            GMAX         NAME    NUMBER
      1       3.1849E+02     6.9620E-01     2.2211E+00     C           5

 BOND    =        0.5153  ANGLE   =        1.1742  DIHED      =        7.6154
 VDWAALS =       -0.2758  EEL     =      -74.3064  EGB        =      -18.0852
 1-4 VDW =        2.9617  1-4 EEL =       46.5517  RESTRAINT  =        0.0000
 ESURF   =      352.3372


                    CHECK DECOMP - TOTAL ENERGIES (w/ REST)

 INTERNAL=        9.3049
 VDWAALS =        2.6859  EEL     =      -27.7547
 EGB     =      -18.0852  ESURF   =      352.3372


                    CHECK DECOMP - SELF ENERGIES (w/o REST)

 INTERNAL=        3.7247
 VDWAALS =        1.0815  EEL     =       14.2928
 EGB     =      -18.3880  ESURF   =      998.4270


                    CHECK DECOMP - INDIRECT ENERGIES (w/o REST)

 INTERNAL=        5.5802
 VDWAALS =        1.6043  EEL     =      -42.0475
 EGB     =        0.3027  ESURF   =     -646.0899


                    CHECK DECOMP - DIRECT ENERGIES (w/o REST)

 INTERNAL=        0.0000
 VDWAALS =        0.0000  EEL     =        0.0000
 EGB     =        0.0000  ESURF   =        0.0000


                    CHECK DECOMP - REST ENERGIES

 INTERNAL=        0.0000
 VDWAALS =        0.0000  EEL     =        0.0000
 EGB     =        0.0000  ESURF   =        0.0000




                    PRINT DECOMP - TOTAL ENERGIES

    resid |internal |vdw      |eel      |pol      |sas
============================================================
TDC      1     3.078     0.488   -24.913    -7.661   122.520
TDC      2     5.185     1.778    -0.058    -8.140   127.111
TDC      3     1.042     0.419    -2.783    -2.284   102.706


                    PRINT DECOMP - SIDECHAIN ENERGIES

    resid |internal |vdw      |eel      |pol      |sas
============================================================
SDC      1     1.208    -0.053    -9.665    -0.397    85.005
SDC      2     0.771     0.627     3.022    -0.037    61.766
SDC      3     0.148     0.222     3.835    -0.477    86.041


                    PRINT DECOMP - BACKBONE ENERGIES

    resid |internal |vdw      |eel      |pol      |sas
============================================================
BDC      1     1.870     0.542   -15.248    -7.264    37.515
BDC      2     4.414     1.151    -3.081    -8.103    65.345
BDC      3     0.894     0.198    -6.618    -1.808    16.665



--------------------------------------------------------------------------------
   5.  TIMINGS
--------------------------------------------------------------------------------

|    Read coords time           0.00 ( 2.26% of Total)
|    Fast Water setup           0.00 ( 0.02% of Total)
|                Calc gb radii              0.00 ( 0.33% of Gen B)
|                Calc gb diag               0.03 (99.23% of Gen B)
|                Calc gb off-diag           0.00 ( 0.42% of Gen B)
|                Other                      0.00 ( 0.02% of Gen B)
|             Gen Born time              0.03 (100.0% of Nonbo)
|          Nonbond force              0.03 (99.40% of Force)
|          Bond/Angle/Dihedral        0.00 ( 0.54% of Force)
|          Other                      0.00 ( 0.06% of Force)
|       Force time                 0.03 (100.0% of Runmd)
|    Runmd Time                 0.03 (61.03% of Total)
|    Other                      0.02 (36.69% of Total)
| Total time                 0.05 (99.71% of ALL  )

| Highest rstack allocated:          0
| Highest istack allocated:          0
|           Job began  at 11:36:11.880  on 03/19/2008
|           Setup done at 11:36:11.890  on 03/19/2008
|           Run   done at 11:36:11.934  on 03/19/2008
|     wallclock() was called      26 times
