
          -------------------------------------------------------
          Amber 9  SANDER                              2006
          -------------------------------------------------------

| Run on 03/19/2008 at 11:36:21
  [-O]verwriting output

File Assignments:
|  MDIN: backy                                                                 
| MDOUT: THR.de.out                                                            
|INPCRD: THR_rec.crd.1                                                         
|  PARM: THR.prmtop                                                            
|RESTRT: THR.res                                                               
|  REFC: THR_rec.crd.1                                                         
| MDVEL: mdvel                                                                 
|  MDEN: mden                                                                  
| MDCRD: mdcrd                                                                 
|MDINFO: mdinfo                                                                
|INPDIP: inpdip                                                                
|RSTDIP: rstdip                                                                

 
 Here is the input file:
 
File generated by mm_pbsa.pl. Using  MM GB MS                                  
 &cntrl                                                                        
  ntf    = 1,       ntb    = 0,       dielc  = 1.0,                            
  idecomp= 2,                                                                  
  igb    = 2,       saltcon= 0.00,                                             
  offset = 0.09,                                                               
  intdiel= 1.0,     extdiel= 80.0,                                             
  gbsa   = 2,       surften= 1.0,                                              
  cut    = 999.0,   nsnb   = 99999,                                            
  scnb   = 2.0,     scee   = 1.2,                                              
                                                                               
  imin   = 1,       maxcyc = 1,       ncyc   = 0,                              
 &end                                                                          
END                                                                            
END                                                                            

--------------------------------------------------------------------------------
   1.  RESOURCE   USE: 
--------------------------------------------------------------------------------

| Flags:                                                                        
| New format PARM file being parsed.
| Version =    1.000 Date = 03/19/08 Time = 11:36:21
 NATOM  =      26 NTYPES =       9 NBONH =      14 MBONA  =      11
 NTHETH =      29 MTHETA =      14 NPHIH =      56 MPHIA  =      26
 NHPARM =       0 NPARM  =       0 NNB   =     123 NRES   =       3
 NBONA  =      11 NTHETA =      14 NPHIA =      26 NUMBND =      10
 NUMANG =      20 NPTRA  =      25 NATYP =       9 NPHB   =       0
 IFBOX  =       0 NMXRS  =      14 IFCAP =       0 NEXTRA =       0
 NCOPY  =       0

 Implicit solvent radii are Bondi radii (bondi)                                                             

|     Memory Use     Allocated
|     Real                2012
|     Hollerith            161
|     Integer            23384
|     Max Pairs              1
|     nblistReal             0
|     nblist Int             0
|       Total              107 kbytes
| Duplicated    0 dihedrals
| Duplicated    0 dihedrals

--------------------------------------------------------------------------------
   2.  CONTROL  DATA  FOR  THE  RUN
--------------------------------------------------------------------------------

                                                                                

General flags:
     imin    =       1, nmropt  =       0

Nature and format of input:
     ntx     =       1, irest   =       0, ntrx    =       1

Nature and format of output:
     ntxo    =       1, ntpr    =      50, ntrx    =       1, ntwr    =     500
     iwrap   =       0, ntwx    =       0, ntwv    =       0, ntwe    =       0
     ioutfm  =       0, ntwprt  =       0, idecomp =       2, rbornstat=      0

Potential function:
     ntf     =       1, ntb     =       0, igb     =       2, nsnb    =   99999
     ipol    =       0, gbsa    =       2, iesp    =       0
     dielc   =   1.00000, cut     = 999.00000, intdiel =   1.00000
     saltcon =   0.00000, offset  =   0.09000, gbalpha=    0.80000
     gbbeta  =   0.00000, gbgamma =   2.90912, surften =   1.00000
     rdt     =   0.00000, rgbmax  =  25.00000
     alpb  =        0
     scnb    =   2.00000, scee    =   1.20000

Frozen or restrained atoms:
     ibelly  =       0, ntr     =       0

Energy minimization:
     maxcyc  =       1, ncyc    =       0, ntmin   =       1
     dx0     =   0.01000, drms    =   0.00010

    LOADING THE DECOMP ATOMS AS GROUPS

    ----- END OF GROUP READ -----
 Atom            1  (           1 ) :            1           1
 Atom            2  (           1 ) :            1           1
 Atom            3  (           1 ) :            1           1
 Atom            4  (           1 ) :            1           1
 Atom            5  (           1 ) :            4           1
 Atom            6  (           1 ) :            4           1
 Atom            7  (           2 ) :            5           1
 Atom            8  (           2 ) :            5           1
 Atom            9  (           2 ) :            5           1
 Atom           10  (           2 ) :            5           1
 Atom           11  (           2 ) :            2           1
 Atom           12  (           2 ) :            2           1
 Atom           13  (           2 ) :            2           1
 Atom           14  (           2 ) :            2           1
 Atom           15  (           2 ) :            2           1
 Atom           16  (           2 ) :            2           1
 Atom           17  (           2 ) :            2           1
 Atom           18  (           2 ) :            2           1
 Atom           19  (           2 ) :            5           1
 Atom           20  (           2 ) :            5           1
 Atom           21  (           3 ) :            6           1
 Atom           22  (           3 ) :            6           1
 Atom           23  (           3 ) :            3           1
 Atom           24  (           3 ) :            3           1
 Atom           25  (           3 ) :            3           1
 Atom           26  (           3 ) :            3           1
|  INFO: Old style inpcrd file read


--------------------------------------------------------------------------------
   3.  ATOMIC COORDINATES AND VELOCITIES
--------------------------------------------------------------------------------

                                                                                
 begin time read from input coords =     0.000 ps

 Number of triangulated 3-point waters found:        0

--------------------------------------------------------------------------------
   4.  RESULTS
--------------------------------------------------------------------------------



   NSTEP       ENERGY          RMS            GMAX         NAME    NUMBER
      1       3.1110E+02     1.8180E+00     9.0633E+00     O           6

 BOND    =        0.6972  ANGLE   =        2.3208  DIHED      =        9.5391
 VDWAALS =        0.2566  EEL     =      -36.4711  EGB        =      -22.7602
 1-4 VDW =        4.1382  1-4 EEL =      -28.4074  RESTRAINT  =        0.0000
 ESURF   =      381.7850


  Maximum number of minimization cycles reached.


                    FINAL RESULTS



   NSTEP       ENERGY          RMS            GMAX         NAME    NUMBER
      1       3.1110E+02     1.8180E+00     9.0633E+00     O           6

 BOND    =        0.6972  ANGLE   =        2.3208  DIHED      =        9.5391
 VDWAALS =        0.2566  EEL     =      -36.4711  EGB        =      -22.7602
 1-4 VDW =        4.1382  1-4 EEL =      -28.4074  RESTRAINT  =        0.0000
 ESURF   =      381.7850


                    CHECK DECOMP - TOTAL ENERGIES (w/ REST)

 INTERNAL=       12.5571
 VDWAALS =        4.3948  EEL     =      -64.8785
 EGB     =      -22.7602  ESURF   =      381.7850


                    CHECK DECOMP - SELF ENERGIES (w/o REST)

 INTERNAL=        6.3453
 VDWAALS =        2.0373  EEL     =      -27.8445
 EGB     =      -23.0748  ESURF   =     1086.2558


                    CHECK DECOMP - INDIRECT ENERGIES (w/o REST)

 INTERNAL=        6.2119
 VDWAALS =        2.3575  EEL     =      -37.0339
 EGB     =        0.3147  ESURF   =     -704.4709


                    CHECK DECOMP - DIRECT ENERGIES (w/o REST)

 INTERNAL=        0.0000
 VDWAALS =        0.0000  EEL     =        0.0000
 EGB     =        0.0000  ESURF   =        0.0000


                    CHECK DECOMP - REST ENERGIES

 INTERNAL=        0.0000
 VDWAALS =        0.0000  EEL     =        0.0000
 EGB     =        0.0000  ESURF   =        0.0000




                    PRINT DECOMP - TOTAL ENERGIES

    resid |internal |vdw      |eel      |pol      |sas
============================================================
TDC      1     3.400     1.000   -19.770    -6.471   113.597
TDC      2     8.095     3.071   -39.616   -13.505   166.658
TDC      3     1.061     0.323    -5.493    -2.785   101.530


                    PRINT DECOMP - SIDECHAIN ENERGIES

    resid |internal |vdw      |eel      |pol      |sas
============================================================
SDC      1     1.272    -0.132    -8.527    -0.353    83.677
SDC      2     2.903     1.552   -17.150    -5.650   108.300
SDC      3     0.161     0.182     3.422    -0.188    85.377


                    PRINT DECOMP - BACKBONE ENERGIES

    resid |internal |vdw      |eel      |pol      |sas
============================================================
BDC      1     2.128     1.132   -11.243    -6.118    29.919
BDC      2     5.193     1.519   -22.466    -7.855    58.359
BDC      3     0.900     0.141    -8.915    -2.596    16.152



--------------------------------------------------------------------------------
   5.  TIMINGS
--------------------------------------------------------------------------------

|    Read coords time           0.00 ( 2.38% of Total)
|    Fast Water setup           0.00 ( 0.02% of Total)
|                Calc gb radii              0.00 ( 0.44% of Gen B)
|                Calc gb diag               0.03 (99.14% of Gen B)
|                Calc gb off-diag           0.00 ( 0.41% of Gen B)
|                Other                      0.00 ( 0.01% of Gen B)
|             Gen Born time              0.03 (100.0% of Nonbo)
|          Nonbond force              0.03 (99.44% of Force)
|          Bond/Angle/Dihedral        0.00 ( 0.51% of Force)
|          Other                      0.00 ( 0.05% of Force)
|       Force time                 0.03 (100.0% of Runmd)
|    Runmd Time                 0.03 (60.54% of Total)
|    Other                      0.02 (37.06% of Total)
| Total time                 0.05 (99.70% of ALL  )

| Highest rstack allocated:          0
| Highest istack allocated:          0
|           Job began  at 11:36:21.963  on 03/19/2008
|           Setup done at 11:36:21.973  on 03/19/2008
|           Run   done at 11:36:22.018  on 03/19/2008
|     wallclock() was called      26 times
