
          -------------------------------------------------------
          Amber 9  SANDER                              2006
          -------------------------------------------------------

| Run on 03/19/2008 at 11:36:13
  [-O]verwriting output

File Assignments:
|  MDIN: backy                                                                 
| MDOUT: ASP.de.out                                                            
|INPCRD: ASP_rec.crd.1                                                         
|  PARM: ASP.prmtop                                                            
|RESTRT: ASP.res                                                               
|  REFC: ASP_rec.crd.1                                                         
| MDVEL: mdvel                                                                 
|  MDEN: mden                                                                  
| MDCRD: mdcrd                                                                 
|MDINFO: mdinfo                                                                
|INPDIP: inpdip                                                                
|RSTDIP: rstdip                                                                

 
 Here is the input file:
 
File generated by mm_pbsa.pl. Using  MM GB MS                                  
 &cntrl                                                                        
  ntf    = 1,       ntb    = 0,       dielc  = 1.0,                            
  idecomp= 2,                                                                  
  igb    = 2,       saltcon= 0.00,                                             
  offset = 0.09,                                                               
  intdiel= 1.0,     extdiel= 80.0,                                             
  gbsa   = 2,       surften= 1.0,                                              
  cut    = 999.0,   nsnb   = 99999,                                            
  scnb   = 2.0,     scee   = 1.2,                                              
                                                                               
  imin   = 1,       maxcyc = 1,       ncyc   = 0,                              
 &end                                                                          
END                                                                            
END                                                                            

--------------------------------------------------------------------------------
   1.  RESOURCE   USE: 
--------------------------------------------------------------------------------

| Flags:                                                                        
| New format PARM file being parsed.
| Version =    1.000 Date = 03/19/08 Time = 11:36:13
 NATOM  =      24 NTYPES =       7 NBONH =      11 MBONA  =      12
 NTHETH =      24 MTHETA =      15 NPHIH =      44 MPHIA  =      27
 NHPARM =       0 NPARM  =       0 NNB   =     111 NRES   =       3
 NBONA  =      12 NTHETA =      15 NPHIA =      27 NUMBND =       9
 NUMANG =      18 NPTRA  =      21 NATYP =       8 NPHB   =       0
 IFBOX  =       0 NMXRS  =      12 IFCAP =       0 NEXTRA =       0
 NCOPY  =       0

 Implicit solvent radii are Bondi radii (bondi)                                                             

|     Memory Use     Allocated
|     Real                1840
|     Hollerith            149
|     Integer            23067
|     Max Pairs              1
|     nblistReal             0
|     nblist Int             0
|       Total              105 kbytes
| Duplicated    0 dihedrals
| Duplicated    0 dihedrals

--------------------------------------------------------------------------------
   2.  CONTROL  DATA  FOR  THE  RUN
--------------------------------------------------------------------------------

                                                                                

General flags:
     imin    =       1, nmropt  =       0

Nature and format of input:
     ntx     =       1, irest   =       0, ntrx    =       1

Nature and format of output:
     ntxo    =       1, ntpr    =      50, ntrx    =       1, ntwr    =     500
     iwrap   =       0, ntwx    =       0, ntwv    =       0, ntwe    =       0
     ioutfm  =       0, ntwprt  =       0, idecomp =       2, rbornstat=      0

Potential function:
     ntf     =       1, ntb     =       0, igb     =       2, nsnb    =   99999
     ipol    =       0, gbsa    =       2, iesp    =       0
     dielc   =   1.00000, cut     = 999.00000, intdiel =   1.00000
     saltcon =   0.00000, offset  =   0.09000, gbalpha=    0.80000
     gbbeta  =   0.00000, gbgamma =   2.90912, surften =   1.00000
     rdt     =   0.00000, rgbmax  =  25.00000
     alpb  =        0
     scnb    =   2.00000, scee    =   1.20000

Frozen or restrained atoms:
     ibelly  =       0, ntr     =       0

Energy minimization:
     maxcyc  =       1, ncyc    =       0, ntmin   =       1
     dx0     =   0.01000, drms    =   0.00010

    LOADING THE DECOMP ATOMS AS GROUPS

    ----- END OF GROUP READ -----
 Atom            1  (           1 ) :            1           1
 Atom            2  (           1 ) :            1           1
 Atom            3  (           1 ) :            1           1
 Atom            4  (           1 ) :            1           1
 Atom            5  (           1 ) :            4           1
 Atom            6  (           1 ) :            4           1
 Atom            7  (           2 ) :            5           1
 Atom            8  (           2 ) :            5           1
 Atom            9  (           2 ) :            5           1
 Atom           10  (           2 ) :            5           1
 Atom           11  (           2 ) :            2           1
 Atom           12  (           2 ) :            2           1
 Atom           13  (           2 ) :            2           1
 Atom           14  (           2 ) :            2           1
 Atom           15  (           2 ) :            2           1
 Atom           16  (           2 ) :            2           1
 Atom           17  (           2 ) :            5           1
 Atom           18  (           2 ) :            5           1
 Atom           19  (           3 ) :            6           1
 Atom           20  (           3 ) :            6           1
 Atom           21  (           3 ) :            3           1
 Atom           22  (           3 ) :            3           1
 Atom           23  (           3 ) :            3           1
 Atom           24  (           3 ) :            3           1
|  INFO: Old style inpcrd file read


--------------------------------------------------------------------------------
   3.  ATOMIC COORDINATES AND VELOCITIES
--------------------------------------------------------------------------------

                                                                                
 begin time read from input coords =     0.000 ps

 Number of triangulated 3-point waters found:        0

--------------------------------------------------------------------------------
   4.  RESULTS
--------------------------------------------------------------------------------



   NSTEP       ENERGY          RMS            GMAX         NAME    NUMBER
      1       2.8713E+02     1.4795E+00     5.4604E+00     OD2        16

 BOND    =        0.7546  ANGLE   =        1.8562  DIHED      =        8.0162
 VDWAALS =        0.0615  EEL     =      -68.9244  EGB        =      -81.4163
 1-4 VDW =        3.1271  1-4 EEL =       43.7099  RESTRAINT  =        0.0000
 ESURF   =      379.9407


  Maximum number of minimization cycles reached.


                    FINAL RESULTS



   NSTEP       ENERGY          RMS            GMAX         NAME    NUMBER
      1       2.8713E+02     1.4795E+00     5.4604E+00     OD2        16

 BOND    =        0.7546  ANGLE   =        1.8562  DIHED      =        8.0162
 VDWAALS =        0.0615  EEL     =      -68.9244  EGB        =      -81.4163
 1-4 VDW =        3.1271  1-4 EEL =       43.7099  RESTRAINT  =        0.0000
 ESURF   =      379.9407


                    CHECK DECOMP - TOTAL ENERGIES (w/ REST)

 INTERNAL=       10.6271
 VDWAALS =        3.1886  EEL     =      -25.2145
 EGB     =      -81.4163  ESURF   =      379.9407


                    CHECK DECOMP - SELF ENERGIES (w/o REST)

 INTERNAL=        4.4857
 VDWAALS =        0.8705  EEL     =       21.0936
 EGB     =      -81.3809  ESURF   =     1085.6308


                    CHECK DECOMP - INDIRECT ENERGIES (w/o REST)

 INTERNAL=        6.1414
 VDWAALS =        2.3181  EEL     =      -46.3080
 EGB     =       -0.0354  ESURF   =     -705.6901


                    CHECK DECOMP - DIRECT ENERGIES (w/o REST)

 INTERNAL=        0.0000
 VDWAALS =        0.0000  EEL     =        0.0000
 EGB     =        0.0000  ESURF   =        0.0000


                    CHECK DECOMP - REST ENERGIES

 INTERNAL=        0.0000
 VDWAALS =        0.0000  EEL     =        0.0000
 EGB     =        0.0000  ESURF   =        0.0000




                    PRINT DECOMP - TOTAL ENERGIES

    resid |internal |vdw      |eel      |pol      |sas
============================================================
TDC      1     3.085     0.375   -26.776    -8.533   122.322
TDC      2     6.201     1.929     4.563   -71.715   169.351
TDC      3     1.341     0.884    -3.002    -1.168    88.267


                    PRINT DECOMP - SIDECHAIN ENERGIES

    resid |internal |vdw      |eel      |pol      |sas
============================================================
SDC      1     1.208    -0.072   -11.745     0.263    85.138
SDC      2     1.391     1.013     6.092   -59.610   108.876
SDC      3     0.262     0.001    -1.243     4.314    78.350


                    PRINT DECOMP - BACKBONE ENERGIES

    resid |internal |vdw      |eel      |pol      |sas
============================================================
BDC      1     1.877     0.448   -15.030    -8.796    37.185
BDC      2     4.809     0.917    -1.529   -12.105    60.476
BDC      3     1.079     0.883    -1.759    -5.483     9.918



--------------------------------------------------------------------------------
   5.  TIMINGS
--------------------------------------------------------------------------------

|    Read coords time           0.00 ( 2.01% of Total)
|    Fast Water setup           0.00 ( 0.02% of Total)
|                Calc gb radii              0.00 ( 0.34% of Gen B)
|                Calc gb diag               0.04 (99.24% of Gen B)
|                Calc gb off-diag           0.00 ( 0.41% of Gen B)
|                Other                      0.00 ( 0.01% of Gen B)
|             Gen Born time              0.04 (100.0% of Nonbo)
|          Nonbond force              0.04 (99.43% of Force)
|          Bond/Angle/Dihedral        0.00 ( 0.52% of Force)
|          Other                      0.00 ( 0.06% of Force)
|       Force time                 0.04 (100.0% of Runmd)
|    Runmd Time                 0.04 (64.65% of Total)
|    Other                      0.02 (33.32% of Total)
| Total time                 0.06 (99.74% of ALL  )

| Highest rstack allocated:          0
| Highest istack allocated:          0
|           Job began  at 11:36:13.263  on 03/19/2008
|           Setup done at 11:36:13.273  on 03/19/2008
|           Run   done at 11:36:13.322  on 03/19/2008
|     wallclock() was called      26 times
