
          -------------------------------------------------------
          Amber 9  SANDER                              2006
          -------------------------------------------------------

| Run on 03/19/2008 at 11:36:18
  [-O]verwriting output

File Assignments:
|  MDIN: backy                                                                 
| MDOUT: ASN.de.out                                                            
|INPCRD: ASN_rec.crd.1                                                         
|  PARM: ASN.prmtop                                                            
|RESTRT: ASN.res                                                               
|  REFC: ASN_rec.crd.1                                                         
| MDVEL: mdvel                                                                 
|  MDEN: mden                                                                  
| MDCRD: mdcrd                                                                 
|MDINFO: mdinfo                                                                
|INPDIP: inpdip                                                                
|RSTDIP: rstdip                                                                

 
 Here is the input file:
 
File generated by mm_pbsa.pl. Using  MM GB MS                                  
 &cntrl                                                                        
  ntf    = 1,       ntb    = 0,       dielc  = 1.0,                            
  idecomp= 2,                                                                  
  igb    = 2,       saltcon= 0.00,                                             
  offset = 0.09,                                                               
  intdiel= 1.0,     extdiel= 80.0,                                             
  gbsa   = 2,       surften= 1.0,                                              
  cut    = 999.0,   nsnb   = 99999,                                            
  scnb   = 2.0,     scee   = 1.2,                                              
                                                                               
  imin   = 1,       maxcyc = 1,       ncyc   = 0,                              
 &end                                                                          
END                                                                            
END                                                                            

--------------------------------------------------------------------------------
   1.  RESOURCE   USE: 
--------------------------------------------------------------------------------

| Flags:                                                                        
| New format PARM file being parsed.
| Version =    1.000 Date = 03/19/08 Time = 11:36:18
 NATOM  =      26 NTYPES =       7 NBONH =      13 MBONA  =      12
 NTHETH =      27 MTHETA =      15 NPHIH =      55 MPHIA  =      30
 NHPARM =       0 NPARM  =       0 NNB   =     120 NRES   =       3
 NBONA  =      12 NTHETA =      15 NPHIA =      30 NUMBND =       8
 NUMANG =      17 NPTRA  =      22 NATYP =       7 NPHB   =       0
 IFBOX  =       0 NMXRS  =      14 IFCAP =       0 NEXTRA =       0
 NCOPY  =       0

 Implicit solvent radii are Bondi radii (bondi)                                                             

|     Memory Use     Allocated
|     Real                1978
|     Hollerith            161
|     Integer            23357
|     Max Pairs              1
|     nblistReal             0
|     nblist Int             0
|       Total              107 kbytes
| Duplicated    0 dihedrals
| Duplicated    0 dihedrals

--------------------------------------------------------------------------------
   2.  CONTROL  DATA  FOR  THE  RUN
--------------------------------------------------------------------------------

                                                                                

General flags:
     imin    =       1, nmropt  =       0

Nature and format of input:
     ntx     =       1, irest   =       0, ntrx    =       1

Nature and format of output:
     ntxo    =       1, ntpr    =      50, ntrx    =       1, ntwr    =     500
     iwrap   =       0, ntwx    =       0, ntwv    =       0, ntwe    =       0
     ioutfm  =       0, ntwprt  =       0, idecomp =       2, rbornstat=      0

Potential function:
     ntf     =       1, ntb     =       0, igb     =       2, nsnb    =   99999
     ipol    =       0, gbsa    =       2, iesp    =       0
     dielc   =   1.00000, cut     = 999.00000, intdiel =   1.00000
     saltcon =   0.00000, offset  =   0.09000, gbalpha=    0.80000
     gbbeta  =   0.00000, gbgamma =   2.90912, surften =   1.00000
     rdt     =   0.00000, rgbmax  =  25.00000
     alpb  =        0
     scnb    =   2.00000, scee    =   1.20000

Frozen or restrained atoms:
     ibelly  =       0, ntr     =       0

Energy minimization:
     maxcyc  =       1, ncyc    =       0, ntmin   =       1
     dx0     =   0.01000, drms    =   0.00010

    LOADING THE DECOMP ATOMS AS GROUPS

    ----- END OF GROUP READ -----
 Atom            1  (           1 ) :            1           1
 Atom            2  (           1 ) :            1           1
 Atom            3  (           1 ) :            1           1
 Atom            4  (           1 ) :            1           1
 Atom            5  (           1 ) :            4           1
 Atom            6  (           1 ) :            4           1
 Atom            7  (           2 ) :            5           1
 Atom            8  (           2 ) :            5           1
 Atom            9  (           2 ) :            5           1
 Atom           10  (           2 ) :            5           1
 Atom           11  (           2 ) :            2           1
 Atom           12  (           2 ) :            2           1
 Atom           13  (           2 ) :            2           1
 Atom           14  (           2 ) :            2           1
 Atom           15  (           2 ) :            2           1
 Atom           16  (           2 ) :            2           1
 Atom           17  (           2 ) :            2           1
 Atom           18  (           2 ) :            2           1
 Atom           19  (           2 ) :            5           1
 Atom           20  (           2 ) :            5           1
 Atom           21  (           3 ) :            6           1
 Atom           22  (           3 ) :            6           1
 Atom           23  (           3 ) :            3           1
 Atom           24  (           3 ) :            3           1
 Atom           25  (           3 ) :            3           1
 Atom           26  (           3 ) :            3           1
|  INFO: Old style inpcrd file read


--------------------------------------------------------------------------------
   3.  ATOMIC COORDINATES AND VELOCITIES
--------------------------------------------------------------------------------

                                                                                
 begin time read from input coords =     0.000 ps

 Number of triangulated 3-point waters found:        0

--------------------------------------------------------------------------------
   4.  RESULTS
--------------------------------------------------------------------------------



   NSTEP       ENERGY          RMS            GMAX         NAME    NUMBER
      1       3.1210E+02     1.6771E+00     7.7716E+00     OD1        15

 BOND    =        0.9974  ANGLE   =        2.9660  DIHED      =       14.2352
 VDWAALS =        2.3138  EEL     =      -86.1489  EGB        =      -21.0811
 1-4 VDW =        3.1642  1-4 EEL =       -0.2076  RESTRAINT  =        0.0000
 ESURF   =      395.8589


  Maximum number of minimization cycles reached.


                    FINAL RESULTS



   NSTEP       ENERGY          RMS            GMAX         NAME    NUMBER
      1       3.1210E+02     1.6771E+00     7.7716E+00     OD1        15

 BOND    =        0.9974  ANGLE   =        2.9660  DIHED      =       14.2352
 VDWAALS =        2.3138  EEL     =      -86.1489  EGB        =      -21.0811
 1-4 VDW =        3.1642  1-4 EEL =       -0.2076  RESTRAINT  =        0.0000
 ESURF   =      395.8589


                    CHECK DECOMP - TOTAL ENERGIES (w/ REST)

 INTERNAL=       18.1986
 VDWAALS =        5.4781  EEL     =      -86.3565
 EGB     =      -21.0811  ESURF   =      395.8589


                    CHECK DECOMP - SELF ENERGIES (w/o REST)

 INTERNAL=       11.8094
 VDWAALS =        1.2152  EEL     =      -42.4074
 EGB     =      -24.2426  ESURF   =     1096.2112


                    CHECK DECOMP - INDIRECT ENERGIES (w/o REST)

 INTERNAL=        6.3892
 VDWAALS =        4.2629  EEL     =      -43.9491
 EGB     =        3.1616  ESURF   =     -700.3523


                    CHECK DECOMP - DIRECT ENERGIES (w/o REST)

 INTERNAL=        0.0000
 VDWAALS =        0.0000  EEL     =        0.0000
 EGB     =        0.0000  ESURF   =        0.0000


                    CHECK DECOMP - REST ENERGIES

 INTERNAL=        0.0000
 VDWAALS =        0.0000  EEL     =        0.0000
 EGB     =        0.0000  ESURF   =        0.0000




                    PRINT DECOMP - TOTAL ENERGIES

    resid |internal |vdw      |eel      |pol      |sas
============================================================
TDC      1     3.101     0.447   -26.188    -7.491   123.139
TDC      2    13.616     3.248   -57.770   -13.040   184.782
TDC      3     1.482     1.783    -2.399    -0.550    87.937


                    PRINT DECOMP - SIDECHAIN ENERGIES

    resid |internal |vdw      |eel      |pol      |sas
============================================================
SDC      1     1.208    -0.073    -9.894    -0.409    85.270
SDC      2     8.048     2.205   -54.618    -7.500   123.186
SDC      3     0.293    -0.038     3.847    -0.313    82.530


                    PRINT DECOMP - BACKBONE ENERGIES

    resid |internal |vdw      |eel      |pol      |sas
============================================================
BDC      1     1.894     0.520   -16.294    -7.082    37.869
BDC      2     5.567     1.043    -3.152    -5.540    61.596
BDC      3     1.189     1.822    -6.246    -0.237     5.407



--------------------------------------------------------------------------------
   5.  TIMINGS
--------------------------------------------------------------------------------

|    Read coords time           0.00 ( 2.08% of Total)
|    Fast Water setup           0.00 ( 0.02% of Total)
|                Calc gb radii              0.00 ( 0.37% of Gen B)
|                Calc gb diag               0.04 (99.18% of Gen B)
|                Calc gb off-diag           0.00 ( 0.43% of Gen B)
|                Other                      0.00 ( 0.02% of Gen B)
|             Gen Born time              0.04 (100.0% of Nonbo)
|          Nonbond force              0.04 (99.43% of Force)
|          Bond/Angle/Dihedral        0.00 ( 0.52% of Force)
|          Other                      0.00 ( 0.06% of Force)
|       Force time                 0.04 (100.0% of Runmd)
|    Runmd Time                 0.04 (63.28% of Total)
|    Other                      0.02 (34.62% of Total)
| Total time                 0.06 (99.77% of ALL  )

| Highest rstack allocated:          0
| Highest istack allocated:          0
|           Job began  at 11:36:18.961  on 03/19/2008
|           Setup done at 11:36:18.970  on 03/19/2008
|           Run   done at 11:36:19.018  on 03/19/2008
|     wallclock() was called      26 times
