
          -------------------------------------------------------
          Amber 9  SANDER                              2006
          -------------------------------------------------------

| Run on 03/19/2008 at 11:24:29
  [-O]verwriting output

File Assignments:
|  MDIN: sander.in_backy                                                       
| MDOUT: ASN.out                                                               
|INPCRD: ASN.crd                                                               
|  PARM: ASN.top                                                               
|RESTRT: ASN.res                                                               
|  REFC: ASN.crd                                                               
| MDVEL: mdvel                                                                 
|  MDEN: mden                                                                  
| MDCRD: mdcrd                                                                 
|MDINFO: mdinfo                                                                
|INPDIP: inpdip                                                                
|RSTDIP: rstdip                                                                

 
 Here is the input file:
 
  minimize structure                                                           
 &cntrl                                                                        
   imin=1, maxcyc=100                                                          
   cut=999.0, igb=2, saltcon=0.1, gbsa=1,                                      
   ntpr=10, ntx=1, ntb=0, ncyc   = 500,                                        
   ntr=1,                                                                      
 &end                                                                          
GROUP TITLE                                                                    
10.0                                                                           
FIND                                                                           
* * M *                                                                        
* * S *                                                                        
* * B *                                                                        
* * 3 *                                                                        
* O * *                                                                        
* O2 * *                                                                       
* CB * *                                                                       
SEARCH                                                                         
RES 1 999                                                                      
END                                                                            
END                                                                            

--------------------------------------------------------------------------------
   1.  RESOURCE   USE: 
--------------------------------------------------------------------------------

| Flags:                                                                        
| New format PARM file being parsed.
| Version =    1.000 Date = 03/19/08 Time = 11:24:29
 NATOM  =      26 NTYPES =       7 NBONH =      13 MBONA  =      12
 NTHETH =      27 MTHETA =      15 NPHIH =      55 MPHIA  =      30
 NHPARM =       0 NPARM  =       0 NNB   =     120 NRES   =       3
 NBONA  =      12 NTHETA =      15 NPHIA =      30 NUMBND =       8
 NUMANG =      17 NPTRA  =      22 NATYP =       7 NPHB   =       0
 IFBOX  =       0 NMXRS  =      14 IFCAP =       0 NEXTRA =       0
 NCOPY  =       0

 Implicit solvent radii are Bondi radii (bondi)                                                             

|     Memory Use     Allocated
|     Real                2092
|     Hollerith            161
|     Integer            22317
|     Max Pairs              1
|     nblistReal             0
|     nblist Int             0
|       Total              104 kbytes
| Duplicated    0 dihedrals
| Duplicated    0 dihedrals

--------------------------------------------------------------------------------
   2.  CONTROL  DATA  FOR  THE  RUN
--------------------------------------------------------------------------------

ACE                                                                             

General flags:
     imin    =       1, nmropt  =       0

Nature and format of input:
     ntx     =       1, irest   =       0, ntrx    =       1

Nature and format of output:
     ntxo    =       1, ntpr    =      10, ntrx    =       1, ntwr    =     500
     iwrap   =       0, ntwx    =       0, ntwv    =       0, ntwe    =       0
     ioutfm  =       0, ntwprt  =       0, idecomp =       0, rbornstat=      0

Potential function:
     ntf     =       1, ntb     =       0, igb     =       2, nsnb    =      25
     ipol    =       0, gbsa    =       1, iesp    =       0
     dielc   =   1.00000, cut     = 999.00000, intdiel =   1.00000
     saltcon =   0.10000, offset  =   0.09000, gbalpha=    0.80000
     gbbeta  =   0.00000, gbgamma =   2.90912, surften =   0.00500
     rdt     =   0.00000, rgbmax  =  25.00000
     alpb  =        0
     scnb    =   2.00000, scee    =   1.20000

Frozen or restrained atoms:
     ibelly  =       0, ntr     =       1

Energy minimization:
     maxcyc  =     100, ncyc    =     500, ntmin   =       1
     dx0     =   0.01000, drms    =   0.00010

    LOADING THE CONSTRAINED ATOMS AS GROUPS


   5.  REFERENCE ATOM COORDINATES

  ACE 
|  INFO: Old style inpcrd file read

    ----- READING GROUP     1; TITLE:
 GROUP TITLE                                                                 

     GROUP    1 HAS HARMONIC CONSTRAINTS    10.00000
      ALL ATOMS THAT MEET 1 OF THE FOLLOWING SPECIFICATIONS WILL BE INCLUDED IN GROUP BELOW

      GRAPH NAME  = *     SYMBOL  = *     TREE SYMBOL  = M     RESIDUE TYPE  = *   

      GRAPH NAME  = *     SYMBOL  = *     TREE SYMBOL  = S     RESIDUE TYPE  = *   

      GRAPH NAME  = *     SYMBOL  = *     TREE SYMBOL  = B     RESIDUE TYPE  = *   

      GRAPH NAME  = *     SYMBOL  = *     TREE SYMBOL  = 3     RESIDUE TYPE  = *   

      GRAPH NAME  = *     SYMBOL  = O     TREE SYMBOL  = *     RESIDUE TYPE  = *   

      GRAPH NAME  = *     SYMBOL  = O2    TREE SYMBOL  = *     RESIDUE TYPE  = *   

      GRAPH NAME  = *     SYMBOL  = CB    TREE SYMBOL  = *     RESIDUE TYPE  = *   

 GRP    1 RES    1 TO     3
      Number of atoms in this group  =    14
    ----- END OF GROUP READ -----

--------------------------------------------------------------------------------
   3.  ATOMIC COORDINATES AND VELOCITIES
--------------------------------------------------------------------------------

ACE                                                                             
 begin time read from input coords =     0.000 ps

 Number of triangulated 3-point waters found:        0

--------------------------------------------------------------------------------
   4.  RESULTS
--------------------------------------------------------------------------------



   NSTEP       ENERGY          RMS            GMAX         NAME    NUMBER
      1       1.2851E+03     2.3875E+03     1.1014E+04     OD1        15

 BOND    =        0.0206  ANGLE   =        0.3878  DIHED      =       13.8371
 VDWAALS =     1380.3904  EEL     =     -105.5082  EGB        =      -18.2122
 1-4 VDW =        6.8476  1-4 EEL =        5.6116  RESTRAINT  =        0.0000
 ESURF   =        1.7133


   NSTEP       ENERGY          RMS            GMAX         NAME    NUMBER
     10       2.5739E+02     4.4113E+02     2.0994E+03     OD1        15

 BOND    =        1.7160  ANGLE   =        0.7028  DIHED      =       13.9205
 VDWAALS =      346.5522  EEL     =     -100.4065  EGB        =      -18.2439
 1-4 VDW =        6.6113  1-4 EEL =        4.7600  RESTRAINT  =        0.0628
 ESURF   =        1.7148
 EAMBER  =      257.3272


   NSTEP       ENERGY          RMS            GMAX         NAME    NUMBER
     20      -6.0701E+01     2.8720E+01     1.6819E+02     C          19

 BOND    =        9.9508  ANGLE   =        5.3483  DIHED      =       14.8233
 VDWAALS =        7.7346  EEL     =      -87.9566  EGB        =      -19.2892
 1-4 VDW =        4.0287  1-4 EEL =       -0.2405  RESTRAINT  =        3.1608
 ESURF   =        1.7384
 EAMBER  =      -63.8622


   NSTEP       ENERGY          RMS            GMAX         NAME    NUMBER
     30      -7.4637E+01     3.2039E+00     9.9593E+00     HD22       18

 BOND    =        1.0916  ANGLE   =        3.9451  DIHED      =       14.6204
 VDWAALS =        4.4211  EEL     =      -87.4046  EGB        =      -20.3678
 1-4 VDW =        3.4097  1-4 EEL =       -0.1080  RESTRAINT  =        4.0069
 ESURF   =        1.7483
 EAMBER  =      -78.6440


   NSTEP       ENERGY          RMS            GMAX         NAME    NUMBER
     40      -7.5862E+01     1.1153E+00     3.6612E+00     HD22       18

 BOND    =        1.0068  ANGLE   =        3.5204  DIHED      =       14.4185
 VDWAALS =        3.5089  EEL     =      -86.7631  EGB        =      -20.7571
 1-4 VDW =        3.2214  1-4 EEL =       -0.1882  RESTRAINT  =        4.4180
 ESURF   =        1.7522
 EAMBER  =      -80.2801


   NSTEP       ENERGY          RMS            GMAX         NAME    NUMBER
     50      -7.6305E+01     1.7600E+00     5.7694E+00     C          19

 BOND    =        1.0755  ANGLE   =        3.4137  DIHED      =       14.3061
 VDWAALS =        3.0245  EEL     =      -86.4630  EGB        =      -20.9633
 1-4 VDW =        3.1358  1-4 EEL =       -0.2425  RESTRAINT  =        4.6542
 ESURF   =        1.7544
 EAMBER  =      -80.9590


   NSTEP       ENERGY          RMS            GMAX         NAME    NUMBER
     60      -7.6590E+01     6.1806E-01     1.8440E+00     HD22       18

 BOND    =        1.0010  ANGLE   =        3.2716  DIHED      =       14.2589
 VDWAALS =        2.7566  EEL     =      -86.2896  EGB        =      -20.9887
 1-4 VDW =        3.1265  1-4 EEL =       -0.2675  RESTRAINT  =        4.7862
 ESURF   =        1.7553
 EAMBER  =      -81.3759


   NSTEP       ENERGY          RMS            GMAX         NAME    NUMBER
     70      -7.6747E+01     5.2228E-01     1.4448E+00     HD22       18

 BOND    =        1.0028  ANGLE   =        3.1877  DIHED      =       14.2372
 VDWAALS =        2.5952  EEL     =      -86.2200  EGB        =      -21.0321
 1-4 VDW =        3.1266  1-4 EEL =       -0.2625  RESTRAINT  =        4.8619
 ESURF   =        1.7558
 EAMBER  =      -81.6093


   NSTEP       ENERGY          RMS            GMAX         NAME    NUMBER
     80      -7.6863E+01     8.1021E-01     2.0252E+00     C           5

 BOND    =        0.9968  ANGLE   =        3.1328  DIHED      =       14.2287
 VDWAALS =        2.4649  EEL     =      -86.1935  EGB        =      -21.0634
 1-4 VDW =        3.1355  1-4 EEL =       -0.2415  RESTRAINT  =        4.9209
 ESURF   =        1.7560
 EAMBER  =      -81.7837


   NSTEP       ENERGY          RMS            GMAX         NAME    NUMBER
     90      -7.6937E+01     1.0866E+00     2.6893E+00     C           5

 BOND    =        0.9806  ANGLE   =        3.1009  DIHED      =       14.2290
 VDWAALS =        2.3733  EEL     =      -86.1822  EGB        =      -21.0858
 1-4 VDW =        3.1469  1-4 EEL =       -0.2159  RESTRAINT  =        4.9604
 ESURF   =        1.7560
 EAMBER  =      -81.8972


   NSTEP       ENERGY          RMS            GMAX         NAME    NUMBER
    100      -7.7015E+01     3.3513E-01     1.1232E+00     HD22       18

 BOND    =        0.9986  ANGLE   =        2.9536  DIHED      =       14.2357
 VDWAALS =        2.3240  EEL     =      -86.1509  EGB        =      -21.0813
 1-4 VDW =        3.1689  1-4 EEL =       -0.2043  RESTRAINT  =        4.9850
 ESURF   =        1.7560
 EAMBER  =      -81.9998


  Maximum number of minimization cycles reached.


                    FINAL RESULTS



   NSTEP       ENERGY          RMS            GMAX         NAME    NUMBER
    100      -7.7015E+01     3.3513E-01     1.1232E+00     HD22       18

 BOND    =        0.9986  ANGLE   =        2.9536  DIHED      =       14.2357
 VDWAALS =        2.3240  EEL     =      -86.1509  EGB        =      -21.0813
 1-4 VDW =        3.1689  1-4 EEL =       -0.2043  RESTRAINT  =        4.9850
 ESURF   =        1.7560
 EAMBER  =      -81.9998

--------------------------------------------------------------------------------
   5.  TIMINGS
--------------------------------------------------------------------------------

|    Read coords time           0.00 ( 0.98% of Total)
|    Fast Water setup           0.00 ( 0.01% of Total)
|                Calc gb radii              0.01 (17.83% of Gen B)
|                Calc gb diag               0.02 (32.72% of Gen B)
|                Calc gb off-diag           0.01 (19.44% of Gen B)
|                Surface area energy        0.01 (29.19% of Gen B)
|                Other                      0.00 ( 0.82% of Gen B)
|             Gen Born time              0.05 (99.89% of Nonbo)
|             IPS excludes               0.00 ( 0.11% of Nonbo)
|          Nonbond force              0.05 (87.52% of Force)
|          Bond/Angle/Dihedral        0.01 (11.55% of Force)
|          Other                      0.00 ( 0.93% of Force)
|       Force time                 0.06 (100.0% of Runmd)
|    Runmd Time                 0.06 (49.61% of Total)
|    Other                      0.06 (49.40% of Total)
| Total time                 0.11 (99.86% of ALL  )

| Highest rstack allocated:          0
| Highest istack allocated:          0
|           Job began  at 11:24:29.167  on 03/19/2008
|           Setup done at 11:24:29.179  on 03/19/2008
|           Run   done at 11:24:29.282  on 03/19/2008
|     wallclock() was called    2008 times
